{"/Users/marcelolopes/qlinica-app/src/__tests__/setup.ts": {"path":"/Users/marcelolopes/qlinica-app/src/__tests__/setup.ts","statementMap":{"0":{"start":{"line":8,"column":0},"end":{"line":13,"column":4}},"1":{"start":{"line":8,"column":62},"end":{"line":13,"column":2}},"2":{"start":{"line":16,"column":0},"end":{"line":18,"column":4}},"3":{"start":{"line":16,"column":33},"end":{"line":18,"column":2}},"4":{"start":{"line":20,"column":0},"end":{"line":24,"column":4}},"5":{"start":{"line":20,"column":34},"end":{"line":24,"column":2}},"6":{"start":{"line":26,"column":0},"end":{"line":32,"column":4}},"7":{"start":{"line":26,"column":39},"end":{"line":32,"column":2}},"8":{"start":{"line":35,"column":0},"end":{"line":42,"column":4}},"9":{"start":{"line":35,"column":34},"end":{"line":42,"column":2}},"10":{"start":{"line":5,"column":1},"end":{"line":5,"column":31}},"11":{"start":{"line":45,"column":0},"end":{"line":50,"column":2}}},"fnMap":{"0":{"name":"(anonymous_0)","decl":{"start":{"line":8,"column":55},"end":{"line":8,"column":58}},"loc":{"start":{"line":8,"column":62},"end":{"line":13,"column":2}}},"1":{"name":"(anonymous_1)","decl":{"start":{"line":16,"column":26},"end":{"line":16,"column":29}},"loc":{"start":{"line":16,"column":33},"end":{"line":18,"column":2}}},"2":{"name":"(anonymous_2)","decl":{"start":{"line":20,"column":27},"end":{"line":20,"column":30}},"loc":{"start":{"line":20,"column":34},"end":{"line":24,"column":2}}},"3":{"name":"(anonymous_3)","decl":{"start":{"line":26,"column":32},"end":{"line":26,"column":35}},"loc":{"start":{"line":26,"column":39},"end":{"line":32,"column":2}}},"4":{"name":"(anonymous_4)","decl":{"start":{"line":35,"column":27},"end":{"line":35,"column":30}},"loc":{"start":{"line":35,"column":34},"end":{"line":42,"column":2}}}},"branchMap":{},"s":{"0":0,"1":0,"2":0,"3":0,"4":0,"5":0,"6":0,"7":0,"8":0,"9":0,"10":0,"11":0},"f":{"0":0,"1":0,"2":0,"3":0,"4":0},"b":{}}
,"/Users/marcelolopes/qlinica-app/src/config/api.ts": {"path":"/Users/marcelolopes/qlinica-app/src/config/api.ts","statementMap":{"0":{"start":{"line":1,"column":0},"end":{"line":1,"column":77}},"1":{"start":{"line":2,"column":0},"end":{"line":2,"column":47}},"2":{"start":{"line":3,"column":0},"end":{"line":3,"column":64}},"3":{"start":{"line":4,"column":0},"end":{"line":4,"column":41}},"4":{"start":{"line":6,"column":21},"end":{"line":6,"column":81}},"5":{"start":{"line":8,"column":20},"end":{"line":8,"column":21}},"6":{"start":{"line":9,"column":28},"end":{"line":9,"column":31}},"7":{"start":{"line":10,"column":24},"end":{"line":10,"column":28}},"8":{"start":{"line":12,"column":13},"end":{"line":18,"column":3}},"9":{"start":{"line":21,"column":19},"end":{"line":21,"column":44}},"10":{"start":{"line":27,"column":35},"end":{"line":32,"column":1}},"11":{"start":{"line":28,"column":27},"end":{"line":28,"column":69}},"12":{"start":{"line":29,"column":17},"end":{"line":29,"column":52}},"13":{"start":{"line":30,"column":16},"end":{"line":30,"column":68}},"14":{"start":{"line":31,"column":2},"end":{"line":31,"column":27}},"15":{"start":{"line":35,"column":0},"end":{"line":53,"column":2}},"16":{"start":{"line":37,"column":4},"end":{"line":49,"column":5}},"17":{"start":{"line":38,"column":20},"end":{"line":38,"column":48}},"18":{"start":{"line":39,"column":6},"end":{"line":41,"column":7}},"19":{"start":{"line":40,"column":8},"end":{"line":40,"column":57}},"20":{"start":{"line":44,"column":24},"end":{"line":44,"column":34}},"21":{"start":{"line":45,"column":7},"end":{"line":45,"column":47}},"22":{"start":{"line":46,"column":6},"end":{"line":46,"column":83}},"23":{"start":{"line":48,"column":6},"end":{"line":48,"column":73}},"24":{"start":{"line":50,"column":4},"end":{"line":50,"column":18}},"25":{"start":{"line":52,"column":13},"end":{"line":52,"column":34}},"26":{"start":{"line":56,"column":0},"end":{"line":167,"column":2}},"27":{"start":{"line":59,"column":16},"end":{"line":59,"column":66}},"28":{"start":{"line":60,"column":4},"end":{"line":60,"column":27}},"29":{"start":{"line":63,"column":22},"end":{"line":63,"column":54}},"30":{"start":{"line":64,"column":4},"end":{"line":72,"column":5}},"31":{"start":{"line":65,"column":23},"end":{"line":65,"column":54}},"32":{"start":{"line":66,"column":6},"end":{"line":71,"column":8}},"33":{"start":{"line":74,"column":4},"end":{"line":74,"column":20}},"34":{"start":{"line":77,"column":19},"end":{"line":77,"column":79}},"35":{"start":{"line":79,"column":4},"end":{"line":81,"column":5}},"36":{"start":{"line":80,"column":6},"end":{"line":80,"column":35}},"37":{"start":{"line":83,"column":16},"end":{"line":83,"column":48}},"38":{"start":{"line":84,"column":25},"end":{"line":84,"column":49}},"39":{"start":{"line":87,"column":4},"end":{"line":99,"column":5}},"40":{"start":{"line":88,"column":6},"end":{"line":97,"column":7}},"41":{"start":{"line":89,"column":8},"end":{"line":89,"column":40}},"42":{"start":{"line":90,"column":8},"end":{"line":90,"column":96}},"43":{"start":{"line":91,"column":8},"end":{"line":94,"column":11}},"44":{"start":{"line":96,"column":8},"end":{"line":96,"column":82}},"45":{"start":{"line":98,"column":6},"end":{"line":98,"column":35}},"46":{"start":{"line":102,"column":26},"end":{"line":102,"column":103}},"47":{"start":{"line":103,"column":26},"end":{"line":103,"column":56}},"48":{"start":{"line":105,"column":4},"end":{"line":107,"column":5}},"49":{"start":{"line":106,"column":6},"end":{"line":106,"column":35}},"50":{"start":{"line":113,"column":27},"end":{"line":113,"column":42}},"51":{"start":{"line":114,"column":26},"end":{"line":114,"column":72}},"52":{"start":{"line":115,"column":24},"end":{"line":115,"column":104}},"53":{"start":{"line":117,"column":4},"end":{"line":136,"column":5}},"54":{"start":{"line":118,"column":6},"end":{"line":118,"column":44}},"55":{"start":{"line":119,"column":22},"end":{"line":119,"column":62}},"56":{"start":{"line":121,"column":6},"end":{"line":121,"column":135}},"57":{"start":{"line":124,"column":6},"end":{"line":130,"column":9}},"58":{"start":{"line":133,"column":6},"end":{"line":133,"column":67}},"59":{"start":{"line":133,"column":37},"end":{"line":133,"column":65}},"60":{"start":{"line":135,"column":6},"end":{"line":135,"column":25}},"61":{"start":{"line":139,"column":4},"end":{"line":139,"column":27}},"62":{"start":{"line":140,"column":22},"end":{"line":140,"column":45}},"63":{"start":{"line":141,"column":21},"end":{"line":141,"column":86}},"64":{"start":{"line":143,"column":4},"end":{"line":154,"column":6}},"65":{"start":{"line":157,"column":4},"end":{"line":163,"column":7}},"66":{"start":{"line":165,"column":4},"end":{"line":165,"column":33}},"67":{"start":{"line":169,"column":0},"end":{"line":169,"column":19}}},"fnMap":{"0":{"name":"(anonymous_1)","decl":{"start":{"line":27,"column":35},"end":{"line":27,"column":36}},"loc":{"start":{"line":27,"column":63},"end":{"line":32,"column":1}}},"1":{"name":"(anonymous_2)","decl":{"start":{"line":36,"column":2},"end":{"line":36,"column":7}},"loc":{"start":{"line":36,"column":19},"end":{"line":51,"column":3}}},"2":{"name":"(anonymous_3)","decl":{"start":{"line":52,"column":2},"end":{"line":52,"column":3}},"loc":{"start":{"line":52,"column":13},"end":{"line":52,"column":34}}},"3":{"name":"(anonymous_4)","decl":{"start":{"line":57,"column":2},"end":{"line":57,"column":3}},"loc":{"start":{"line":57,"column":30},"end":{"line":75,"column":3}}},"4":{"name":"(anonymous_5)","decl":{"start":{"line":76,"column":2},"end":{"line":76,"column":7}},"loc":{"start":{"line":76,"column":30},"end":{"line":166,"column":3}}},"5":{"name":"(anonymous_6)","decl":{"start":{"line":133,"column":24},"end":{"line":133,"column":25}},"loc":{"start":{"line":133,"column":37},"end":{"line":133,"column":65}}}},"branchMap":{"0":{"loc":{"start":{"line":6,"column":21},"end":{"line":6,"column":81}},"type":"binary-expr","locations":[{"start":{"line":6,"column":21},"end":{"line":6,"column":50}},{"start":{"line":6,"column":54},"end":{"line":6,"column":81}}]},"1":{"loc":{"start":{"line":39,"column":6},"end":{"line":41,"column":7}},"type":"if","locations":[{"start":{"line":39,"column":6},"end":{"line":41,"column":7}},{"start":{},"end":{}}]},"2":{"loc":{"start":{"line":64,"column":4},"end":{"line":72,"column":5}},"type":"if","locations":[{"start":{"line":64,"column":4},"end":{"line":72,"column":5}},{"start":{},"end":{}}]},"3":{"loc":{"start":{"line":67,"column":8},"end":{"line":67,"column":58}},"type":"binary-expr","locations":[{"start":{"line":67,"column":8},"end":{"line":67,"column":45}},{"start":{"line":67,"column":49},"end":{"line":67,"column":58}}]},"4":{"loc":{"start":{"line":68,"column":8},"end":{"line":68,"column":40}},"type":"binary-expr","locations":[{"start":{"line":68,"column":8},"end":{"line":68,"column":27}},{"start":{"line":68,"column":31},"end":{"line":68,"column":40}}]},"5":{"loc":{"start":{"line":79,"column":4},"end":{"line":81,"column":5}},"type":"if","locations":[{"start":{"line":79,"column":4},"end":{"line":81,"column":5}},{"start":{},"end":{}}]},"6":{"loc":{"start":{"line":84,"column":25},"end":{"line":84,"column":49}},"type":"binary-expr","locations":[{"start":{"line":84,"column":25},"end":{"line":84,"column":44}},{"start":{"line":84,"column":48},"end":{"line":84,"column":49}}]},"7":{"loc":{"start":{"line":87,"column":4},"end":{"line":99,"column":5}},"type":"if","locations":[{"start":{"line":87,"column":4},"end":{"line":99,"column":5}},{"start":{},"end":{}}]},"8":{"loc":{"start":{"line":102,"column":26},"end":{"line":102,"column":103}},"type":"binary-expr","locations":[{"start":{"line":102,"column":26},"end":{"line":102,"column":40}},{"start":{"line":102,"column":44},"end":{"line":102,"column":72}},{"start":{"line":102,"column":76},"end":{"line":102,"column":103}}]},"9":{"loc":{"start":{"line":105,"column":4},"end":{"line":107,"column":5}},"type":"if","locations":[{"start":{"line":105,"column":4},"end":{"line":107,"column":5}},{"start":{},"end":{}}]},"10":{"loc":{"start":{"line":105,"column":8},"end":{"line":105,"column":39}},"type":"binary-expr","locations":[{"start":{"line":105,"column":8},"end":{"line":105,"column":21}},{"start":{"line":105,"column":25},"end":{"line":105,"column":39}}]},"11":{"loc":{"start":{"line":114,"column":26},"end":{"line":114,"column":72}},"type":"binary-expr","locations":[{"start":{"line":114,"column":26},"end":{"line":114,"column":40}},{"start":{"line":114,"column":44},"end":{"line":114,"column":72}}]},"12":{"loc":{"start":{"line":115,"column":24},"end":{"line":115,"column":104}},"type":"binary-expr","locations":[{"start":{"line":115,"column":25},"end":{"line":115,"column":39}},{"start":{"line":115,"column":43},"end":{"line":115,"column":56}},{"start":{"line":115,"column":60},"end":{"line":115,"column":73}},{"start":{"line":115,"column":78},"end":{"line":115,"column":104}}]},"13":{"loc":{"start":{"line":117,"column":4},"end":{"line":136,"column":5}},"type":"if","locations":[{"start":{"line":117,"column":4},"end":{"line":136,"column":5}},{"start":{},"end":{}}]},"14":{"loc":{"start":{"line":141,"column":21},"end":{"line":141,"column":86}},"type":"cond-expr","locations":[{"start":{"line":141,"column":43},"end":{"line":141,"column":74}},{"start":{"line":141,"column":77},"end":{"line":141,"column":86}}]}},"s":{"0":2,"1":2,"2":2,"3":2,"4":2,"5":2,"6":2,"7":2,"8":2,"9":2,"10":2,"11":0,"12":0,"13":0,"14":0,"15":2,"16":0,"17":0,"18":0,"19":0,"20":0,"21":0,"22":0,"23":0,"24":0,"25":0,"26":2,"27":0,"28":0,"29":0,"30":0,"31":0,"32":0,"33":0,"34":0,"35":0,"36":0,"37":0,"38":0,"39":0,"40":0,"41":0,"42":0,"43":0,"44":0,"45":0,"46":0,"47":0,"48":0,"49":0,"50":0,"51":0,"52":0,"53":0,"54":0,"55":0,"56":0,"57":0,"58":0,"59":0,"60":0,"61":0,"62":0,"63":0,"64":0,"65":0,"66":0,"67":2},"f":{"0":0,"1":0,"2":0,"3":0,"4":0,"5":0},"b":{"0":[2,2],"1":[0,0],"2":[0,0],"3":[0,0],"4":[0,0],"5":[0,0],"6":[0,0],"7":[0,0],"8":[0,0,0],"9":[0,0],"10":[0,0],"11":[0,0],"12":[0,0,0,0],"13":[0,0],"14":[0,0]}}
,"/Users/marcelolopes/qlinica-app/src/config/firebase.ts": {"path":"/Users/marcelolopes/qlinica-app/src/config/firebase.ts","statementMap":{"0":{"start":{"line":1,"column":0},"end":{"line":1,"column":45}},"1":{"start":{"line":2,"column":0},"end":{"line":2,"column":40}},"2":{"start":{"line":3,"column":0},"end":{"line":3,"column":50}},"3":{"start":{"line":4,"column":0},"end":{"line":4,"column":46}},"4":{"start":{"line":9,"column":23},"end":{"line":16,"column":2}},"5":{"start":{"line":19,"column":13},"end":{"line":19,"column":49}},"6":{"start":{"line":22,"column":13},"end":{"line":22,"column":33}},"7":{"start":{"line":25,"column":13},"end":{"line":25,"column":36}},"8":{"start":{"line":28,"column":13},"end":{"line":28,"column":39}},"9":{"start":{"line":30,"column":0},"end":{"line":30,"column":19}}},"fnMap":{},"branchMap":{},"s":{"0":0,"1":0,"2":0,"3":0,"4":0,"5":0,"6":0,"7":0,"8":0,"9":0},"f":{},"b":{}}
,"/Users/marcelolopes/qlinica-app/src/constants/Colors.ts": {"path":"/Users/marcelolopes/qlinica-app/src/constants/Colors.ts","statementMap":{"0":{"start":{"line":1,"column":13},"end":{"line":23,"column":2}}},"fnMap":{},"branchMap":{},"s":{"0":0},"f":{},"b":{}}
,"/Users/marcelolopes/qlinica-app/src/constants/Data.ts": {"path":"/Users/marcelolopes/qlinica-app/src/constants/Data.ts","statementMap":{"0":{"start":{"line":1,"column":13},"end":{"line":8,"column":2}},"1":{"start":{"line":10,"column":13},"end":{"line":15,"column":2}},"2":{"start":{"line":17,"column":13},"end":{"line":22,"column":2}}},"fnMap":{},"branchMap":{},"s":{"0":1,"1":1,"2":1},"f":{},"b":{}}
,"/Users/marcelolopes/qlinica-app/src/constants/Messages.ts": {"path":"/Users/marcelolopes/qlinica-app/src/constants/Messages.ts","statementMap":{"0":{"start":{"line":6,"column":13},"end":{"line":107,"column":11}},"1":{"start":{"line":112,"column":31},"end":{"line":132,"column":1}},"2":{"start":{"line":113,"column":52},"end":{"line":129,"column":4}},"3":{"start":{"line":131,"column":2},"end":{"line":131,"column":36}},"4":{"start":{"line":112,"column":13},"end":{"line":112,"column":31}}},"fnMap":{"0":{"name":"(anonymous_0)","decl":{"start":{"line":112,"column":31},"end":{"line":112,"column":32}},"loc":{"start":{"line":112,"column":116},"end":{"line":132,"column":1}}}},"branchMap":{"0":{"loc":{"start":{"line":112,"column":55},"end":{"line":112,"column":104}},"type":"default-arg","locations":[{"start":{"line":112,"column":74},"end":{"line":112,"column":104}}]},"1":{"loc":{"start":{"line":131,"column":9},"end":{"line":131,"column":35}},"type":"binary-expr","locations":[{"start":{"line":131,"column":9},"end":{"line":131,"column":23}},{"start":{"line":131,"column":27},"end":{"line":131,"column":35}}]}},"s":{"0":0,"1":0,"2":0,"3":0,"4":0},"f":{"0":0},"b":{"0":[0],"1":[0,0]}}
,"/Users/marcelolopes/qlinica-app/src/hooks/useAPI.ts": {"path":"/Users/marcelolopes/qlinica-app/src/hooks/useAPI.ts","statementMap":{"0":{"start":{"line":1,"column":0},"end":{"line":1,"column":54}},"1":{"start":{"line":2,"column":0},"end":{"line":2,"column":43}},"2":{"start":{"line":3,"column":0},"end":{"line":3,"column":85}},"3":{"start":{"line":21,"column":22},"end":{"line":88,"column":1}},"4":{"start":{"line":25,"column":28},"end":{"line":29,"column":4}},"5":{"start":{"line":31,"column":16},"end":{"line":31,"column":31}},"6":{"start":{"line":32,"column":29},"end":{"line":32,"column":65}},"7":{"start":{"line":34,"column":18},"end":{"line":71,"column":null}},"8":{"start":{"line":36,"column":6},"end":{"line":36,"column":59}},"9":{"start":{"line":37,"column":6},"end":{"line":37,"column":57}},"10":{"start":{"line":39,"column":6},"end":{"line":69,"column":7}},"11":{"start":{"line":40,"column":23},"end":{"line":40,"column":44}},"12":{"start":{"line":41,"column":8},"end":{"line":41,"column":64}},"13":{"start":{"line":43,"column":8},"end":{"line":45,"column":9}},"14":{"start":{"line":44,"column":10},"end":{"line":44,"column":48}},"15":{"start":{"line":47,"column":8},"end":{"line":49,"column":9}},"16":{"start":{"line":48,"column":10},"end":{"line":48,"column":30}},"17":{"start":{"line":51,"column":8},"end":{"line":53,"column":9}},"18":{"start":{"line":52,"column":10},"end":{"line":52,"column":28}},"19":{"start":{"line":55,"column":8},"end":{"line":55,"column":22}},"20":{"start":{"line":57,"column":25},"end":{"line":57,"column":76}},"21":{"start":{"line":58,"column":8},"end":{"line":58,"column":66}},"22":{"start":{"line":60,"column":8},"end":{"line":62,"column":9}},"23":{"start":{"line":61,"column":10},"end":{"line":61,"column":49}},"24":{"start":{"line":64,"column":8},"end":{"line":66,"column":9}},"25":{"start":{"line":65,"column":10},"end":{"line":65,"column":36}},"26":{"start":{"line":68,"column":8},"end":{"line":68,"column":23}},"27":{"start":{"line":74,"column":16},"end":{"line":76,"column":15}},"28":{"start":{"line":75,"column":4},"end":{"line":75,"column":14}},"29":{"start":{"line":78,"column":21},"end":{"line":80,"column":8}},"30":{"start":{"line":79,"column":4},"end":{"line":79,"column":49}},"31":{"start":{"line":79,"column":22},"end":{"line":79,"column":46}},"32":{"start":{"line":82,"column":2},"end":{"line":87,"column":4}},"33":{"start":{"line":21,"column":13},"end":{"line":21,"column":22}},"34":{"start":{"line":93,"column":32},"end":{"line":159,"column":1}},"35":{"start":{"line":97,"column":28},"end":{"line":101,"column":4}},"36":{"start":{"line":103,"column":16},"end":{"line":103,"column":31}},"37":{"start":{"line":105,"column":18},"end":{"line":146,"column":38}},"38":{"start":{"line":106,"column":4},"end":{"line":106,"column":57}},"39":{"start":{"line":108,"column":4},"end":{"line":145,"column":5}},"40":{"start":{"line":109,"column":27},"end":{"line":109,"column":29}},"41":{"start":{"line":111,"column":6},"end":{"line":119,"column":7}},"42":{"start":{"line":112,"column":8},"end":{"line":118,"column":9}},"43":{"start":{"line":113,"column":25},"end":{"line":113,"column":35}},"44":{"start":{"line":114,"column":10},"end":{"line":114,"column":31}},"45":{"start":{"line":116,"column":27},"end":{"line":116,"column":78}},"46":{"start":{"line":117,"column":10},"end":{"line":117,"column":25}},"47":{"start":{"line":121,"column":6},"end":{"line":121,"column":63}},"48":{"start":{"line":123,"column":6},"end":{"line":125,"column":7}},"49":{"start":{"line":124,"column":8},"end":{"line":124,"column":63}},"50":{"start":{"line":127,"column":6},"end":{"line":129,"column":7}},"51":{"start":{"line":128,"column":8},"end":{"line":128,"column":28}},"52":{"start":{"line":131,"column":6},"end":{"line":131,"column":21}},"53":{"start":{"line":133,"column":23},"end":{"line":133,"column":74}},"54":{"start":{"line":134,"column":6},"end":{"line":134,"column":64}},"55":{"start":{"line":136,"column":6},"end":{"line":138,"column":7}},"56":{"start":{"line":137,"column":8},"end":{"line":137,"column":47}},"57":{"start":{"line":140,"column":6},"end":{"line":142,"column":7}},"58":{"start":{"line":141,"column":8},"end":{"line":141,"column":34}},"59":{"start":{"line":144,"column":6},"end":{"line":144,"column":21}},"60":{"start":{"line":148,"column":16},"end":{"line":150,"column":15}},"61":{"start":{"line":149,"column":4},"end":{"line":149,"column":14}},"62":{"start":{"line":152,"column":2},"end":{"line":158,"column":4}},"63":{"start":{"line":93,"column":13},"end":{"line":93,"column":32}}},"fnMap":{"0":{"name":"(anonymous_0)","decl":{"start":{"line":21,"column":22},"end":{"line":21,"column":null}},"loc":{"start":{"line":24,"column":4},"end":{"line":88,"column":1}}},"1":{"name":"(anonymous_1)","decl":{"start":{"line":35,"column":4},"end":{"line":35,"column":9}},"loc":{"start":{"line":35,"column":44},"end":{"line":70,"column":5}}},"2":{"name":"(anonymous_2)","decl":{"start":{"line":74,"column":28},"end":{"line":74,"column":31}},"loc":{"start":{"line":74,"column":33},"end":{"line":76,"column":3}}},"3":{"name":"(anonymous_3)","decl":{"start":{"line":78,"column":33},"end":{"line":78,"column":36}},"loc":{"start":{"line":78,"column":38},"end":{"line":80,"column":3}}},"4":{"name":"(anonymous_4)","decl":{"start":{"line":79,"column":13},"end":{"line":79,"column":17}},"loc":{"start":{"line":79,"column":22},"end":{"line":79,"column":46}}},"5":{"name":"(anonymous_5)","decl":{"start":{"line":93,"column":32},"end":{"line":93,"column":null}},"loc":{"start":{"line":96,"column":4},"end":{"line":159,"column":1}}},"6":{"name":"(anonymous_6)","decl":{"start":{"line":105,"column":30},"end":{"line":105,"column":35}},"loc":{"start":{"line":105,"column":41},"end":{"line":146,"column":3}}},"7":{"name":"(anonymous_7)","decl":{"start":{"line":148,"column":28},"end":{"line":148,"column":31}},"loc":{"start":{"line":148,"column":33},"end":{"line":150,"column":3}}}},"branchMap":{"0":{"loc":{"start":{"line":23,"column":2},"end":{"line":23,"column":29}},"type":"default-arg","locations":[{"start":{"line":23,"column":27},"end":{"line":23,"column":29}}]},"1":{"loc":{"start":{"line":43,"column":8},"end":{"line":45,"column":9}},"type":"if","locations":[{"start":{"line":43,"column":8},"end":{"line":45,"column":9}},{"start":{},"end":{}}]},"2":{"loc":{"start":{"line":47,"column":8},"end":{"line":49,"column":9}},"type":"if","locations":[{"start":{"line":47,"column":8},"end":{"line":49,"column":9}},{"start":{},"end":{}}]},"3":{"loc":{"start":{"line":51,"column":8},"end":{"line":53,"column":9}},"type":"if","locations":[{"start":{"line":51,"column":8},"end":{"line":53,"column":9}},{"start":{},"end":{}}]},"4":{"loc":{"start":{"line":57,"column":25},"end":{"line":57,"column":76}},"type":"cond-expr","locations":[{"start":{"line":57,"column":51},"end":{"line":57,"column":54}},{"start":{"line":57,"column":57},"end":{"line":57,"column":76}}]},"5":{"loc":{"start":{"line":60,"column":8},"end":{"line":62,"column":9}},"type":"if","locations":[{"start":{"line":60,"column":8},"end":{"line":62,"column":9}},{"start":{},"end":{}}]},"6":{"loc":{"start":{"line":64,"column":8},"end":{"line":66,"column":9}},"type":"if","locations":[{"start":{"line":64,"column":8},"end":{"line":66,"column":9}},{"start":{},"end":{}}]},"7":{"loc":{"start":{"line":95,"column":2},"end":{"line":95,"column":29}},"type":"default-arg","locations":[{"start":{"line":95,"column":27},"end":{"line":95,"column":29}}]},"8":{"loc":{"start":{"line":116,"column":27},"end":{"line":116,"column":78}},"type":"cond-expr","locations":[{"start":{"line":116,"column":53},"end":{"line":116,"column":56}},{"start":{"line":116,"column":59},"end":{"line":116,"column":78}}]},"9":{"loc":{"start":{"line":123,"column":6},"end":{"line":125,"column":7}},"type":"if","locations":[{"start":{"line":123,"column":6},"end":{"line":125,"column":7}},{"start":{},"end":{}}]},"10":{"loc":{"start":{"line":127,"column":6},"end":{"line":129,"column":7}},"type":"if","locations":[{"start":{"line":127,"column":6},"end":{"line":129,"column":7}},{"start":{},"end":{}}]},"11":{"loc":{"start":{"line":133,"column":23},"end":{"line":133,"column":74}},"type":"cond-expr","locations":[{"start":{"line":133,"column":49},"end":{"line":133,"column":52}},{"start":{"line":133,"column":55},"end":{"line":133,"column":74}}]},"12":{"loc":{"start":{"line":136,"column":6},"end":{"line":138,"column":7}},"type":"if","locations":[{"start":{"line":136,"column":6},"end":{"line":138,"column":7}},{"start":{},"end":{}}]},"13":{"loc":{"start":{"line":140,"column":6},"end":{"line":142,"column":7}},"type":"if","locations":[{"start":{"line":140,"column":6},"end":{"line":142,"column":7}},{"start":{},"end":{}}]},"14":{"loc":{"start":{"line":153,"column":10},"end":{"line":153,"column":26}},"type":"binary-expr","locations":[{"start":{"line":153,"column":10},"end":{"line":153,"column":20}},{"start":{"line":153,"column":24},"end":{"line":153,"column":26}}]}},"s":{"0":0,"1":0,"2":0,"3":0,"4":0,"5":0,"6":0,"7":0,"8":0,"9":0,"10":0,"11":0,"12":0,"13":0,"14":0,"15":0,"16":0,"17":0,"18":0,"19":0,"20":0,"21":0,"22":0,"23":0,"24":0,"25":0,"26":0,"27":0,"28":0,"29":0,"30":0,"31":0,"32":0,"33":0,"34":0,"35":0,"36":0,"37":0,"38":0,"39":0,"40":0,"41":0,"42":0,"43":0,"44":0,"45":0,"46":0,"47":0,"48":0,"49":0,"50":0,"51":0,"52":0,"53":0,"54":0,"55":0,"56":0,"57":0,"58":0,"59":0,"60":0,"61":0,"62":0,"63":0},"f":{"0":0,"1":0,"2":0,"3":0,"4":0,"5":0,"6":0,"7":0},"b":{"0":[0],"1":[0,0],"2":[0,0],"3":[0,0],"4":[0,0],"5":[0,0],"6":[0,0],"7":[0],"8":[0,0],"9":[0,0],"10":[0,0],"11":[0,0],"12":[0,0],"13":[0,0],"14":[0,0]}}
,"/Users/marcelolopes/qlinica-app/src/hooks/useAPIWithErrorHandling.ts": {"path":"/Users/marcelolopes/qlinica-app/src/hooks/useAPIWithErrorHandling.ts","statementMap":{"0":{"start":{"line":7,"column":0},"end":{"line":7,"column":46}},"1":{"start":{"line":8,"column":0},"end":{"line":8,"column":52}},"2":{"start":{"line":9,"column":0},"end":{"line":9,"column":54}},"3":{"start":{"line":10,"column":0},"end":{"line":10,"column":41}},"4":{"start":{"line":20,"column":39},"end":{"line":191,"column":1}},"5":{"start":{"line":21,"column":37},"end":{"line":21,"column":54}},"6":{"start":{"line":22,"column":36},"end":{"line":22,"column":51}},"7":{"start":{"line":27,"column":18},"end":{"line":83,"column":null}},"8":{"start":{"line":36,"column":6},"end":{"line":36,"column":25}},"9":{"start":{"line":37,"column":65},"end":{"line":37,"column":78}},"10":{"start":{"line":39,"column":6},"end":{"line":81,"column":7}},"11":{"start":{"line":40,"column":21},"end":{"line":40,"column":40}},"12":{"start":{"line":41,"column":8},"end":{"line":47,"column":10}},"13":{"start":{"line":50,"column":26},"end":{"line":50,"column":45}},"14":{"start":{"line":53,"column":8},"end":{"line":55,"column":9}},"15":{"start":{"line":54,"column":10},"end":{"line":54,"column":63}},"16":{"start":{"line":58,"column":8},"end":{"line":62,"column":10}},"17":{"start":{"line":65,"column":8},"end":{"line":70,"column":9}},"18":{"start":{"line":66,"column":10},"end":{"line":69,"column":12}},"19":{"start":{"line":72,"column":8},"end":{"line":78,"column":10}},"20":{"start":{"line":80,"column":8},"end":{"line":80,"column":28}},"21":{"start":{"line":89,"column":27},"end":{"line":182,"column":null}},"22":{"start":{"line":104,"column":10},"end":{"line":104,"column":23}},"23":{"start":{"line":106,"column":22},"end":{"line":106,"column":26}},"24":{"start":{"line":107,"column":18},"end":{"line":107,"column":28}},"25":{"start":{"line":109,"column":6},"end":{"line":171,"column":7}},"26":{"start":{"line":109,"column":25},"end":{"line":109,"column":26}},"27":{"start":{"line":110,"column":8},"end":{"line":170,"column":9}},"28":{"start":{"line":111,"column":23},"end":{"line":111,"column":42}},"29":{"start":{"line":112,"column":10},"end":{"line":118,"column":12}},"30":{"start":{"line":120,"column":10},"end":{"line":120,"column":28}},"31":{"start":{"line":121,"column":28},"end":{"line":121,"column":47}},"32":{"start":{"line":124,"column":10},"end":{"line":136,"column":11}},"33":{"start":{"line":125,"column":12},"end":{"line":127,"column":13}},"34":{"start":{"line":126,"column":14},"end":{"line":126,"column":67}},"35":{"start":{"line":129,"column":12},"end":{"line":135,"column":14}},"36":{"start":{"line":139,"column":10},"end":{"line":160,"column":11}},"37":{"start":{"line":140,"column":12},"end":{"line":145,"column":13}},"38":{"start":{"line":141,"column":14},"end":{"line":144,"column":16}},"39":{"start":{"line":147,"column":12},"end":{"line":151,"column":14}},"40":{"start":{"line":153,"column":12},"end":{"line":159,"column":14}},"41":{"start":{"line":163,"column":10},"end":{"line":166,"column":12}},"42":{"start":{"line":168,"column":10},"end":{"line":168,"column":69}},"43":{"start":{"line":168,"column":41},"end":{"line":168,"column":67}},"44":{"start":{"line":169,"column":10},"end":{"line":169,"column":37}},"45":{"start":{"line":174,"column":6},"end":{"line":180,"column":8}},"46":{"start":{"line":185,"column":2},"end":{"line":190,"column":4}},"47":{"start":{"line":20,"column":13},"end":{"line":20,"column":39}}},"fnMap":{"0":{"name":"(anonymous_0)","decl":{"start":{"line":20,"column":39},"end":{"line":20,"column":42}},"loc":{"start":{"line":20,"column":44},"end":{"line":191,"column":1}}},"1":{"name":"(anonymous_1)","decl":{"start":{"line":28,"column":4},"end":{"line":28,"column":9}},"loc":{"start":{"line":35,"column":35},"end":{"line":82,"column":5}}},"2":{"name":"(anonymous_2)","decl":{"start":{"line":90,"column":4},"end":{"line":90,"column":9}},"loc":{"start":{"line":98,"column":35},"end":{"line":181,"column":5}}},"3":{"name":"(anonymous_3)","decl":{"start":{"line":168,"column":28},"end":{"line":168,"column":29}},"loc":{"start":{"line":168,"column":41},"end":{"line":168,"column":67}}}},"branchMap":{"0":{"loc":{"start":{"line":37,"column":23},"end":{"line":37,"column":39}},"type":"default-arg","locations":[{"start":{"line":37,"column":35},"end":{"line":37,"column":39}}]},"1":{"loc":{"start":{"line":37,"column":41},"end":{"line":37,"column":60}},"type":"default-arg","locations":[{"start":{"line":37,"column":56},"end":{"line":37,"column":60}}]},"2":{"loc":{"start":{"line":37,"column":65},"end":{"line":37,"column":78}},"type":"binary-expr","locations":[{"start":{"line":37,"column":65},"end":{"line":37,"column":72}},{"start":{"line":37,"column":76},"end":{"line":37,"column":78}}]},"3":{"loc":{"start":{"line":53,"column":8},"end":{"line":55,"column":9}},"type":"if","locations":[{"start":{"line":53,"column":8},"end":{"line":55,"column":9}},{"start":{},"end":{}}]},"4":{"loc":{"start":{"line":60,"column":10},"end":{"line":60,"column":67}},"type":"cond-expr","locations":[{"start":{"line":60,"column":35},"end":{"line":60,"column":40}},{"start":{"line":60,"column":43},"end":{"line":60,"column":67}}]},"5":{"loc":{"start":{"line":65,"column":8},"end":{"line":70,"column":9}},"type":"if","locations":[{"start":{"line":65,"column":8},"end":{"line":70,"column":9}},{"start":{},"end":{}}]},"6":{"loc":{"start":{"line":65,"column":12},"end":{"line":65,"column":62}},"type":"binary-expr","locations":[{"start":{"line":65,"column":12},"end":{"line":65,"column":21}},{"start":{"line":65,"column":25},"end":{"line":65,"column":37}},{"start":{"line":65,"column":41},"end":{"line":65,"column":62}}]},"7":{"loc":{"start":{"line":76,"column":23},"end":{"line":76,"column":57}},"type":"binary-expr","locations":[{"start":{"line":76,"column":23},"end":{"line":76,"column":44}},{"start":{"line":76,"column":48},"end":{"line":76,"column":57}}]},"8":{"loc":{"start":{"line":100,"column":8},"end":{"line":100,"column":22}},"type":"default-arg","locations":[{"start":{"line":100,"column":21},"end":{"line":100,"column":22}}]},"9":{"loc":{"start":{"line":101,"column":8},"end":{"line":101,"column":25}},"type":"default-arg","locations":[{"start":{"line":101,"column":21},"end":{"line":101,"column":25}}]},"10":{"loc":{"start":{"line":102,"column":8},"end":{"line":102,"column":29}},"type":"default-arg","locations":[{"start":{"line":102,"column":28},"end":{"line":102,"column":29}}]},"11":{"loc":{"start":{"line":104,"column":10},"end":{"line":104,"column":23}},"type":"binary-expr","locations":[{"start":{"line":104,"column":10},"end":{"line":104,"column":17}},{"start":{"line":104,"column":21},"end":{"line":104,"column":23}}]},"12":{"loc":{"start":{"line":124,"column":10},"end":{"line":136,"column":11}},"type":"if","locations":[{"start":{"line":124,"column":10},"end":{"line":136,"column":11}},{"start":{},"end":{}}]},"13":{"loc":{"start":{"line":125,"column":12},"end":{"line":127,"column":13}},"type":"if","locations":[{"start":{"line":125,"column":12},"end":{"line":127,"column":13}},{"start":{},"end":{}}]},"14":{"loc":{"start":{"line":139,"column":10},"end":{"line":160,"column":11}},"type":"if","locations":[{"start":{"line":139,"column":10},"end":{"line":160,"column":11}},{"start":{},"end":{}}]},"15":{"loc":{"start":{"line":140,"column":12},"end":{"line":145,"column":13}},"type":"if","locations":[{"start":{"line":140,"column":12},"end":{"line":145,"column":13}},{"start":{},"end":{}}]},"16":{"loc":{"start":{"line":149,"column":14},"end":{"line":149,"column":71}},"type":"cond-expr","locations":[{"start":{"line":149,"column":39},"end":{"line":149,"column":44}},{"start":{"line":149,"column":47},"end":{"line":149,"column":71}}]}},"s":{"0":0,"1":0,"2":0,"3":0,"4":0,"5":0,"6":0,"7":0,"8":0,"9":0,"10":0,"11":0,"12":0,"13":0,"14":0,"15":0,"16":0,"17":0,"18":0,"19":0,"20":0,"21":0,"22":0,"23":0,"24":0,"25":0,"26":0,"27":0,"28":0,"29":0,"30":0,"31":0,"32":0,"33":0,"34":0,"35":0,"36":0,"37":0,"38":0,"39":0,"40":0,"41":0,"42":0,"43":0,"44":0,"45":0,"46":0,"47":0},"f":{"0":0,"1":0,"2":0,"3":0},"b":{"0":[0],"1":[0],"2":[0,0],"3":[0,0],"4":[0,0],"5":[0,0],"6":[0,0,0],"7":[0,0],"8":[0],"9":[0],"10":[0],"11":[0,0],"12":[0,0],"13":[0,0],"14":[0,0],"15":[0,0],"16":[0,0]}}
,"/Users/marcelolopes/qlinica-app/src/hooks/useAnalytics.ts": {"path":"/Users/marcelolopes/qlinica-app/src/hooks/useAnalytics.ts","statementMap":{"0":{"start":{"line":1,"column":0},"end":{"line":1,"column":36}},"1":{"start":{"line":2,"column":0},"end":{"line":2,"column":64}},"2":{"start":{"line":9,"column":28},"end":{"line":40,"column":1}},"3":{"start":{"line":10,"column":21},"end":{"line":12,"column":8}},"4":{"start":{"line":11,"column":4},"end":{"line":11,"column":50}},"5":{"start":{"line":14,"column":26},"end":{"line":16,"column":8}},"6":{"start":{"line":15,"column":4},"end":{"line":15,"column":59}},"7":{"start":{"line":18,"column":28},"end":{"line":23,"column":8}},"8":{"start":{"line":22,"column":4},"end":{"line":22,"column":60}},"9":{"start":{"line":25,"column":25},"end":{"line":27,"column":8}},"10":{"start":{"line":26,"column":4},"end":{"line":26,"column":44}},"11":{"start":{"line":29,"column":21},"end":{"line":31,"column":8}},"12":{"start":{"line":30,"column":4},"end":{"line":30,"column":48}},"13":{"start":{"line":33,"column":2},"end":{"line":39,"column":4}},"14":{"start":{"line":9,"column":13},"end":{"line":9,"column":28}}},"fnMap":{"0":{"name":"(anonymous_0)","decl":{"start":{"line":9,"column":28},"end":{"line":9,"column":31}},"loc":{"start":{"line":9,"column":33},"end":{"line":40,"column":1}}},"1":{"name":"(anonymous_1)","decl":{"start":{"line":10,"column":33},"end":{"line":10,"column":34}},"loc":{"start":{"line":10,"column":84},"end":{"line":12,"column":3}}},"2":{"name":"(anonymous_2)","decl":{"start":{"line":14,"column":38},"end":{"line":14,"column":39}},"loc":{"start":{"line":14,"column":95},"end":{"line":16,"column":3}}},"3":{"name":"(anonymous_3)","decl":{"start":{"line":18,"column":40},"end":{"line":18,"column":null}},"loc":{"start":{"line":21,"column":6},"end":{"line":23,"column":3}}},"4":{"name":"(anonymous_4)","decl":{"start":{"line":25,"column":37},"end":{"line":25,"column":38}},"loc":{"start":{"line":25,"column":81},"end":{"line":27,"column":3}}},"5":{"name":"(anonymous_5)","decl":{"start":{"line":29,"column":33},"end":{"line":29,"column":34}},"loc":{"start":{"line":29,"column":90},"end":{"line":31,"column":3}}}},"branchMap":{},"s":{"0":0,"1":0,"2":0,"3":0,"4":0,"5":0,"6":0,"7":0,"8":0,"9":0,"10":0,"11":0,"12":0,"13":0,"14":0},"f":{"0":0,"1":0,"2":0,"3":0,"4":0,"5":0},"b":{}}
,"/Users/marcelolopes/qlinica-app/src/hooks/useAnimatedValue.ts": {"path":"/Users/marcelolopes/qlinica-app/src/hooks/useAnimatedValue.ts","statementMap":{"0":{"start":{"line":5,"column":0},"end":{"line":5,"column":42}},"1":{"start":{"line":6,"column":0},"end":{"line":6,"column":40}},"2":{"start":{"line":8,"column":32},"end":{"line":41,"column":1}},"3":{"start":{"line":9,"column":24},"end":{"line":9,"column":72}},"4":{"start":{"line":11,"column":18},"end":{"line":21,"column":3}},"5":{"start":{"line":12,"column":4},"end":{"line":20,"column":7}},"6":{"start":{"line":13,"column":6},"end":{"line":19,"column":9}},"7":{"start":{"line":18,"column":8},"end":{"line":18,"column":32}},"8":{"start":{"line":18,"column":22},"end":{"line":18,"column":32}},"9":{"start":{"line":23,"column":22},"end":{"line":28,"column":3}},"10":{"start":{"line":24,"column":4},"end":{"line":27,"column":7}},"11":{"start":{"line":30,"column":16},"end":{"line":32,"column":3}},"12":{"start":{"line":31,"column":4},"end":{"line":31,"column":41}},"13":{"start":{"line":34,"column":2},"end":{"line":40,"column":4}},"14":{"start":{"line":39,"column":31},"end":{"line":39,"column":58}},"15":{"start":{"line":8,"column":13},"end":{"line":8,"column":32}}},"fnMap":{"0":{"name":"(anonymous_0)","decl":{"start":{"line":8,"column":32},"end":{"line":8,"column":33}},"loc":{"start":{"line":8,"column":61},"end":{"line":41,"column":1}}},"1":{"name":"(anonymous_1)","decl":{"start":{"line":11,"column":18},"end":{"line":11,"column":19}},"loc":{"start":{"line":11,"column":95},"end":{"line":21,"column":3}}},"2":{"name":"(anonymous_2)","decl":{"start":{"line":12,"column":29},"end":{"line":12,"column":30}},"loc":{"start":{"line":12,"column":41},"end":{"line":20,"column":5}}},"3":{"name":"(anonymous_3)","decl":{"start":{"line":17,"column":15},"end":{"line":17,"column":16}},"loc":{"start":{"line":17,"column":32},"end":{"line":19,"column":7}}},"4":{"name":"(anonymous_4)","decl":{"start":{"line":23,"column":22},"end":{"line":23,"column":23}},"loc":{"start":{"line":23,"column":59},"end":{"line":28,"column":3}}},"5":{"name":"(anonymous_5)","decl":{"start":{"line":30,"column":16},"end":{"line":30,"column":19}},"loc":{"start":{"line":30,"column":21},"end":{"line":32,"column":3}}},"6":{"name":"(anonymous_6)","decl":{"start":{"line":39,"column":14},"end":{"line":39,"column":15}},"loc":{"start":{"line":39,"column":31},"end":{"line":39,"column":58}}}},"branchMap":{"0":{"loc":{"start":{"line":8,"column":33},"end":{"line":8,"column":57}},"type":"default-arg","locations":[{"start":{"line":8,"column":56},"end":{"line":8,"column":57}}]},"1":{"loc":{"start":{"line":11,"column":36},"end":{"line":11,"column":58}},"type":"default-arg","locations":[{"start":{"line":11,"column":55},"end":{"line":11,"column":58}}]},"2":{"loc":{"start":{"line":11,"column":60},"end":{"line":11,"column":91}},"type":"default-arg","locations":[{"start":{"line":11,"column":87},"end":{"line":11,"column":91}}]},"3":{"loc":{"start":{"line":18,"column":8},"end":{"line":18,"column":32}},"type":"if","locations":[{"start":{"line":18,"column":8},"end":{"line":18,"column":32}},{"start":{},"end":{}}]}},"s":{"0":0,"1":0,"2":0,"3":0,"4":0,"5":0,"6":0,"7":0,"8":0,"9":0,"10":0,"11":0,"12":0,"13":0,"14":0,"15":0},"f":{"0":0,"1":0,"2":0,"3":0,"4":0,"5":0,"6":0},"b":{"0":[0],"1":[0],"2":[0],"3":[0,0]}}
,"/Users/marcelolopes/qlinica-app/src/hooks/useAsync.ts": {"path":"/Users/marcelolopes/qlinica-app/src/hooks/useAsync.ts","statementMap":{"0":{"start":{"line":3,"column":0},"end":{"line":3,"column":65}},"1":{"start":{"line":31,"column":24},"end":{"line":118,"column":1}},"2":{"start":{"line":41,"column":6},"end":{"line":41,"column":13}},"3":{"start":{"line":43,"column":28},"end":{"line":53,"column":4}},"4":{"start":{"line":55,"column":23},"end":{"line":55,"column":35}},"5":{"start":{"line":57,"column":18},"end":{"line":89,"column":null}},"6":{"start":{"line":59,"column":6},"end":{"line":59,"column":68}},"7":{"start":{"line":59,"column":26},"end":{"line":59,"column":65}},"8":{"start":{"line":61,"column":6},"end":{"line":87,"column":7}},"9":{"start":{"line":62,"column":25},"end":{"line":62,"column":52}},"10":{"start":{"line":64,"column":8},"end":{"line":72,"column":9}},"11":{"start":{"line":65,"column":10},"end":{"line":70,"column":14}},"12":{"start":{"line":65,"column":30},"end":{"line":70,"column":12}},"13":{"start":{"line":71,"column":10},"end":{"line":71,"column":32}},"14":{"start":{"line":74,"column":20},"end":{"line":74,"column":77}},"15":{"start":{"line":76,"column":8},"end":{"line":84,"column":9}},"16":{"start":{"line":77,"column":10},"end":{"line":82,"column":14}},"17":{"start":{"line":77,"column":30},"end":{"line":82,"column":12}},"18":{"start":{"line":83,"column":10},"end":{"line":83,"column":25}},"19":{"start":{"line":86,"column":8},"end":{"line":86,"column":22}},"20":{"start":{"line":92,"column":2},"end":{"line":102,"column":19}},"21":{"start":{"line":93,"column":4},"end":{"line":93,"column":32}},"22":{"start":{"line":95,"column":4},"end":{"line":97,"column":5}},"23":{"start":{"line":96,"column":6},"end":{"line":96,"column":16}},"24":{"start":{"line":99,"column":4},"end":{"line":101,"column":6}},"25":{"start":{"line":100,"column":6},"end":{"line":100,"column":35}},"26":{"start":{"line":104,"column":16},"end":{"line":111,"column":8}},"27":{"start":{"line":105,"column":4},"end":{"line":110,"column":7}},"28":{"start":{"line":113,"column":2},"end":{"line":117,"column":4}},"29":{"start":{"line":31,"column":13},"end":{"line":31,"column":24}}},"fnMap":{"0":{"name":"(anonymous_0)","decl":{"start":{"line":31,"column":24},"end":{"line":31,"column":null}},"loc":{"start":{"line":34,"column":22},"end":{"line":118,"column":1}}},"1":{"name":"(anonymous_1)","decl":{"start":{"line":58,"column":4},"end":{"line":58,"column":9}},"loc":{"start":{"line":58,"column":27},"end":{"line":88,"column":5}}},"2":{"name":"(anonymous_2)","decl":{"start":{"line":59,"column":15},"end":{"line":59,"column":16}},"loc":{"start":{"line":59,"column":26},"end":{"line":59,"column":65}}},"3":{"name":"(anonymous_3)","decl":{"start":{"line":65,"column":19},"end":{"line":65,"column":20}},"loc":{"start":{"line":65,"column":30},"end":{"line":70,"column":12}}},"4":{"name":"(anonymous_4)","decl":{"start":{"line":77,"column":19},"end":{"line":77,"column":20}},"loc":{"start":{"line":77,"column":30},"end":{"line":82,"column":12}}},"5":{"name":"(anonymous_5)","decl":{"start":{"line":92,"column":12},"end":{"line":92,"column":15}},"loc":{"start":{"line":92,"column":17},"end":{"line":102,"column":3}}},"6":{"name":"(anonymous_6)","decl":{"start":{"line":99,"column":11},"end":{"line":99,"column":14}},"loc":{"start":{"line":99,"column":16},"end":{"line":101,"column":5}}},"7":{"name":"(anonymous_7)","decl":{"start":{"line":104,"column":28},"end":{"line":104,"column":31}},"loc":{"start":{"line":104,"column":33},"end":{"line":111,"column":3}}}},"branchMap":{"0":{"loc":{"start":{"line":33,"column":2},"end":{"line":33,"column":31}},"type":"default-arg","locations":[{"start":{"line":33,"column":29},"end":{"line":33,"column":31}}]},"1":{"loc":{"start":{"line":39,"column":4},"end":{"line":39,"column":20}},"type":"default-arg","locations":[{"start":{"line":39,"column":15},"end":{"line":39,"column":20}}]},"2":{"loc":{"start":{"line":40,"column":4},"end":{"line":40,"column":21}},"type":"default-arg","locations":[{"start":{"line":40,"column":19},"end":{"line":40,"column":21}}]},"3":{"loc":{"start":{"line":64,"column":8},"end":{"line":72,"column":9}},"type":"if","locations":[{"start":{"line":64,"column":8},"end":{"line":72,"column":9}},{"start":{},"end":{}}]},"4":{"loc":{"start":{"line":74,"column":20},"end":{"line":74,"column":77}},"type":"cond-expr","locations":[{"start":{"line":74,"column":45},"end":{"line":74,"column":50}},{"start":{"line":74,"column":53},"end":{"line":74,"column":77}}]},"5":{"loc":{"start":{"line":76,"column":8},"end":{"line":84,"column":9}},"type":"if","locations":[{"start":{"line":76,"column":8},"end":{"line":84,"column":9}},{"start":{},"end":{}}]},"6":{"loc":{"start":{"line":95,"column":4},"end":{"line":97,"column":5}},"type":"if","locations":[{"start":{"line":95,"column":4},"end":{"line":97,"column":5}},{"start":{},"end":{}}]}},"s":{"0":0,"1":0,"2":0,"3":0,"4":0,"5":0,"6":0,"7":0,"8":0,"9":0,"10":0,"11":0,"12":0,"13":0,"14":0,"15":0,"16":0,"17":0,"18":0,"19":0,"20":0,"21":0,"22":0,"23":0,"24":0,"25":0,"26":0,"27":0,"28":0,"29":0},"f":{"0":0,"1":0,"2":0,"3":0,"4":0,"5":0,"6":0,"7":0},"b":{"0":[0],"1":[0],"2":[0],"3":[0,0],"4":[0,0],"5":[0,0],"6":[0,0]}}
,"/Users/marcelolopes/qlinica-app/src/hooks/useAsyncOperation.ts": {"path":"/Users/marcelolopes/qlinica-app/src/hooks/useAsyncOperation.ts","statementMap":{"0":{"start":{"line":3,"column":0},"end":{"line":3,"column":54}},"1":{"start":{"line":4,"column":0},"end":{"line":4,"column":62}},"2":{"start":{"line":37,"column":33},"end":{"line":158,"column":1}},"3":{"start":{"line":38,"column":28},"end":{"line":44,"column":4}},"4":{"start":{"line":46,"column":23},"end":{"line":46,"column":35}},"5":{"start":{"line":47,"column":23},"end":{"line":47,"column":47}},"6":{"start":{"line":49,"column":18},"end":{"line":131,"column":null}},"7":{"start":{"line":54,"column":28},"end":{"line":54,"column":63}},"8":{"start":{"line":56,"column":6},"end":{"line":62,"column":9}},"9":{"start":{"line":65,"column":6},"end":{"line":80,"column":7}},"10":{"start":{"line":66,"column":8},"end":{"line":79,"column":34}},"11":{"start":{"line":67,"column":10},"end":{"line":78,"column":11}},"12":{"start":{"line":68,"column":33},"end":{"line":68,"column":63}},"13":{"start":{"line":69,"column":29},"end":{"line":69,"column":54}},"14":{"start":{"line":70,"column":12},"end":{"line":76,"column":15}},"15":{"start":{"line":77,"column":12},"end":{"line":77,"column":46}},"16":{"start":{"line":82,"column":6},"end":{"line":129,"column":7}},"17":{"start":{"line":83,"column":23},"end":{"line":83,"column":40}},"18":{"start":{"line":85,"column":8},"end":{"line":85,"column":47}},"19":{"start":{"line":85,"column":35},"end":{"line":85,"column":47}},"20":{"start":{"line":87,"column":8},"end":{"line":94,"column":11}},"21":{"start":{"line":96,"column":8},"end":{"line":96,"column":42}},"22":{"start":{"line":99,"column":31},"end":{"line":107,"column":16}},"23":{"start":{"line":100,"column":10},"end":{"line":106,"column":11}},"24":{"start":{"line":101,"column":12},"end":{"line":105,"column":16}},"25":{"start":{"line":101,"column":32},"end":{"line":105,"column":14}},"26":{"start":{"line":109,"column":8},"end":{"line":109,"column":22}},"27":{"start":{"line":111,"column":8},"end":{"line":111,"column":47}},"28":{"start":{"line":111,"column":35},"end":{"line":111,"column":47}},"29":{"start":{"line":113,"column":25},"end":{"line":113,"column":43}},"30":{"start":{"line":115,"column":8},"end":{"line":121,"column":11}},"31":{"start":{"line":123,"column":8},"end":{"line":123,"column":42}},"32":{"start":{"line":124,"column":8},"end":{"line":124,"column":20}},"33":{"start":{"line":126,"column":8},"end":{"line":128,"column":9}},"34":{"start":{"line":127,"column":10},"end":{"line":127,"column":45}},"35":{"start":{"line":134,"column":21},"end":{"line":140,"column":8}},"36":{"start":{"line":135,"column":4},"end":{"line":139,"column":8}},"37":{"start":{"line":135,"column":24},"end":{"line":139,"column":6}},"38":{"start":{"line":142,"column":16},"end":{"line":150,"column":8}},"39":{"start":{"line":143,"column":4},"end":{"line":149,"column":7}},"40":{"start":{"line":152,"column":2},"end":{"line":157,"column":4}},"41":{"start":{"line":37,"column":13},"end":{"line":37,"column":33}},"42":{"start":{"line":160,"column":0},"end":{"line":160,"column":33}}},"fnMap":{"0":{"name":"(anonymous_0)","decl":{"start":{"line":37,"column":33},"end":{"line":37,"column":34}},"loc":{"start":{"line":37,"column":72},"end":{"line":158,"column":1}}},"1":{"name":"(anonymous_1)","decl":{"start":{"line":50,"column":4},"end":{"line":50,"column":9}},"loc":{"start":{"line":53,"column":27},"end":{"line":130,"column":5}}},"2":{"name":"(anonymous_2)","decl":{"start":{"line":66,"column":42},"end":{"line":66,"column":45}},"loc":{"start":{"line":66,"column":47},"end":{"line":79,"column":9}}},"3":{"name":"(anonymous_3)","decl":{"start":{"line":99,"column":42},"end":{"line":99,"column":45}},"loc":{"start":{"line":99,"column":47},"end":{"line":107,"column":9}}},"4":{"name":"(anonymous_4)","decl":{"start":{"line":101,"column":21},"end":{"line":101,"column":22}},"loc":{"start":{"line":101,"column":32},"end":{"line":105,"column":14}}},"5":{"name":"(anonymous_5)","decl":{"start":{"line":134,"column":33},"end":{"line":134,"column":36}},"loc":{"start":{"line":134,"column":38},"end":{"line":140,"column":3}}},"6":{"name":"(anonymous_6)","decl":{"start":{"line":135,"column":13},"end":{"line":135,"column":14}},"loc":{"start":{"line":135,"column":24},"end":{"line":139,"column":6}}},"7":{"name":"(anonymous_7)","decl":{"start":{"line":142,"column":28},"end":{"line":142,"column":31}},"loc":{"start":{"line":142,"column":33},"end":{"line":150,"column":3}}}},"branchMap":{"0":{"loc":{"start":{"line":65,"column":6},"end":{"line":80,"column":7}},"type":"if","locations":[{"start":{"line":65,"column":6},"end":{"line":80,"column":7}},{"start":{},"end":{}}]},"1":{"loc":{"start":{"line":67,"column":10},"end":{"line":78,"column":11}},"type":"if","locations":[{"start":{"line":67,"column":10},"end":{"line":78,"column":11}},{"start":{},"end":{}}]},"2":{"loc":{"start":{"line":85,"column":8},"end":{"line":85,"column":47}},"type":"if","locations":[{"start":{"line":85,"column":8},"end":{"line":85,"column":47}},{"start":{},"end":{}}]},"3":{"loc":{"start":{"line":100,"column":10},"end":{"line":106,"column":11}},"type":"if","locations":[{"start":{"line":100,"column":10},"end":{"line":106,"column":11}},{"start":{},"end":{}}]},"4":{"loc":{"start":{"line":111,"column":8},"end":{"line":111,"column":47}},"type":"if","locations":[{"start":{"line":111,"column":8},"end":{"line":111,"column":47}},{"start":{},"end":{}}]},"5":{"loc":{"start":{"line":126,"column":8},"end":{"line":128,"column":9}},"type":"if","locations":[{"start":{"line":126,"column":8},"end":{"line":128,"column":9}},{"start":{},"end":{}}]}},"s":{"0":0,"1":0,"2":0,"3":0,"4":0,"5":0,"6":0,"7":0,"8":0,"9":0,"10":0,"11":0,"12":0,"13":0,"14":0,"15":0,"16":0,"17":0,"18":0,"19":0,"20":0,"21":0,"22":0,"23":0,"24":0,"25":0,"26":0,"27":0,"28":0,"29":0,"30":0,"31":0,"32":0,"33":0,"34":0,"35":0,"36":0,"37":0,"38":0,"39":0,"40":0,"41":0,"42":0},"f":{"0":0,"1":0,"2":0,"3":0,"4":0,"5":0,"6":0,"7":0},"b":{"0":[0,0],"1":[0,0],"2":[0,0],"3":[0,0],"4":[0,0],"5":[0,0]}}
,"/Users/marcelolopes/qlinica-app/src/hooks/useAsyncState.ts": {"path":"/Users/marcelolopes/qlinica-app/src/hooks/useAsyncState.ts","statementMap":{"0":{"start":{"line":1,"column":0},"end":{"line":1,"column":54}},"1":{"start":{"line":8,"column":29},"end":{"line":65,"column":1}},"2":{"start":{"line":9,"column":26},"end":{"line":9,"column":50}},"3":{"start":{"line":10,"column":32},"end":{"line":10,"column":47}},"4":{"start":{"line":11,"column":28},"end":{"line":11,"column":56}},"5":{"start":{"line":12,"column":20},"end":{"line":12,"column":32}},"6":{"start":{"line":14,"column":18},"end":{"line":43,"column":null}},"7":{"start":{"line":16,"column":6},"end":{"line":16,"column":23}},"8":{"start":{"line":17,"column":6},"end":{"line":17,"column":21}},"9":{"start":{"line":19,"column":6},"end":{"line":41,"column":7}},"10":{"start":{"line":20,"column":23},"end":{"line":20,"column":44}},"11":{"start":{"line":22,"column":8},"end":{"line":25,"column":9}},"12":{"start":{"line":23,"column":10},"end":{"line":23,"column":26}},"13":{"start":{"line":24,"column":10},"end":{"line":24,"column":38}},"14":{"start":{"line":27,"column":8},"end":{"line":27,"column":22}},"15":{"start":{"line":29,"column":22},"end":{"line":29,"column":77}},"16":{"start":{"line":31,"column":8},"end":{"line":34,"column":9}},"17":{"start":{"line":32,"column":10},"end":{"line":32,"column":26}},"18":{"start":{"line":33,"column":10},"end":{"line":33,"column":35}},"19":{"start":{"line":36,"column":8},"end":{"line":36,"column":20}},"20":{"start":{"line":38,"column":8},"end":{"line":40,"column":9}},"21":{"start":{"line":39,"column":10},"end":{"line":39,"column":28}},"22":{"start":{"line":46,"column":16},"end":{"line":50,"column":8}},"23":{"start":{"line":47,"column":4},"end":{"line":47,"column":18}},"24":{"start":{"line":48,"column":4},"end":{"line":48,"column":19}},"25":{"start":{"line":49,"column":4},"end":{"line":49,"column":22}},"26":{"start":{"line":52,"column":18},"end":{"line":54,"column":8}},"27":{"start":{"line":53,"column":4},"end":{"line":53,"column":30}},"28":{"start":{"line":56,"column":2},"end":{"line":64,"column":4}},"29":{"start":{"line":8,"column":13},"end":{"line":8,"column":29}}},"fnMap":{"0":{"name":"(anonymous_0)","decl":{"start":{"line":8,"column":29},"end":{"line":8,"column":34}},"loc":{"start":{"line":8,"column":75},"end":{"line":65,"column":1}}},"1":{"name":"(anonymous_1)","decl":{"start":{"line":15,"column":4},"end":{"line":15,"column":9}},"loc":{"start":{"line":15,"column":46},"end":{"line":42,"column":5}}},"2":{"name":"(anonymous_2)","decl":{"start":{"line":46,"column":28},"end":{"line":46,"column":31}},"loc":{"start":{"line":46,"column":33},"end":{"line":50,"column":3}}},"3":{"name":"(anonymous_3)","decl":{"start":{"line":52,"column":30},"end":{"line":52,"column":33}},"loc":{"start":{"line":52,"column":35},"end":{"line":54,"column":3}}}},"branchMap":{"0":{"loc":{"start":{"line":8,"column":34},"end":{"line":8,"column":71}},"type":"default-arg","locations":[{"start":{"line":8,"column":69},"end":{"line":8,"column":71}}]},"1":{"loc":{"start":{"line":22,"column":8},"end":{"line":25,"column":9}},"type":"if","locations":[{"start":{"line":22,"column":8},"end":{"line":25,"column":9}},{"start":{},"end":{}}]},"2":{"loc":{"start":{"line":29,"column":22},"end":{"line":29,"column":77}},"type":"cond-expr","locations":[{"start":{"line":29,"column":45},"end":{"line":29,"column":48}},{"start":{"line":29,"column":51},"end":{"line":29,"column":77}}]},"3":{"loc":{"start":{"line":31,"column":8},"end":{"line":34,"column":9}},"type":"if","locations":[{"start":{"line":31,"column":8},"end":{"line":34,"column":9}},{"start":{},"end":{}}]},"4":{"loc":{"start":{"line":38,"column":8},"end":{"line":40,"column":9}},"type":"if","locations":[{"start":{"line":38,"column":8},"end":{"line":40,"column":9}},{"start":{},"end":{}}]},"5":{"loc":{"start":{"line":63,"column":15},"end":{"line":63,"column":50}},"type":"binary-expr","locations":[{"start":{"line":63,"column":15},"end":{"line":63,"column":23}},{"start":{"line":63,"column":27},"end":{"line":63,"column":33}},{"start":{"line":63,"column":37},"end":{"line":63,"column":50}}]}},"s":{"0":0,"1":0,"2":0,"3":0,"4":0,"5":0,"6":0,"7":0,"8":0,"9":0,"10":0,"11":0,"12":0,"13":0,"14":0,"15":0,"16":0,"17":0,"18":0,"19":0,"20":0,"21":0,"22":0,"23":0,"24":0,"25":0,"26":0,"27":0,"28":0,"29":0},"f":{"0":0,"1":0,"2":0,"3":0},"b":{"0":[0],"1":[0,0],"2":[0,0],"3":[0,0],"4":[0,0],"5":[0,0,0]}}
,"/Users/marcelolopes/qlinica-app/src/hooks/useAsyncStorage.ts": {"path":"/Users/marcelolopes/qlinica-app/src/hooks/useAsyncStorage.ts","statementMap":{"0":{"start":{"line":1,"column":0},"end":{"line":1,"column":44}},"1":{"start":{"line":2,"column":0},"end":{"line":2,"column":69}},"2":{"start":{"line":19,"column":31},"end":{"line":88,"column":1}},"3":{"start":{"line":22,"column":47},"end":{"line":22,"column":68}},"4":{"start":{"line":23,"column":49},"end":{"line":23,"column":66}},"5":{"start":{"line":25,"column":28},"end":{"line":25,"column":68}},"6":{"start":{"line":26,"column":32},"end":{"line":26,"column":46}},"7":{"start":{"line":27,"column":28},"end":{"line":27,"column":56}},"8":{"start":{"line":30,"column":2},"end":{"line":51,"column":12}},"9":{"start":{"line":31,"column":22},"end":{"line":48,"column":5}},"10":{"start":{"line":32,"column":6},"end":{"line":47,"column":7}},"11":{"start":{"line":33,"column":8},"end":{"line":33,"column":25}},"12":{"start":{"line":34,"column":28},"end":{"line":34,"column":59}},"13":{"start":{"line":36,"column":8},"end":{"line":40,"column":9}},"14":{"start":{"line":37,"column":10},"end":{"line":37,"column":45}},"15":{"start":{"line":38,"column":15},"end":{"line":40,"column":9}},"16":{"start":{"line":39,"column":10},"end":{"line":39,"column":33}},"17":{"start":{"line":42,"column":22},"end":{"line":42,"column":73}},"18":{"start":{"line":43,"column":8},"end":{"line":43,"column":24}},"19":{"start":{"line":44,"column":8},"end":{"line":44,"column":85}},"20":{"start":{"line":46,"column":8},"end":{"line":46,"column":26}},"21":{"start":{"line":50,"column":4},"end":{"line":50,"column":16}},"22":{"start":{"line":53,"column":22},"end":{"line":68,"column":3}},"23":{"start":{"line":54,"column":4},"end":{"line":67,"column":5}},"24":{"start":{"line":55,"column":6},"end":{"line":55,"column":25}},"25":{"start":{"line":57,"column":6},"end":{"line":62,"column":7}},"26":{"start":{"line":58,"column":8},"end":{"line":58,"column":43}},"27":{"start":{"line":60,"column":27},"end":{"line":60,"column":46}},"28":{"start":{"line":61,"column":8},"end":{"line":61,"column":52}},"29":{"start":{"line":64,"column":20},"end":{"line":64,"column":71}},"30":{"start":{"line":65,"column":6},"end":{"line":65,"column":22}},"31":{"start":{"line":66,"column":6},"end":{"line":66,"column":81}},"32":{"start":{"line":70,"column":22},"end":{"line":79,"column":3}},"33":{"start":{"line":71,"column":4},"end":{"line":78,"column":5}},"34":{"start":{"line":72,"column":6},"end":{"line":72,"column":21}},"35":{"start":{"line":73,"column":6},"end":{"line":73,"column":41}},"36":{"start":{"line":75,"column":20},"end":{"line":75,"column":71}},"37":{"start":{"line":76,"column":6},"end":{"line":76,"column":22}},"38":{"start":{"line":77,"column":6},"end":{"line":77,"column":84}},"39":{"start":{"line":81,"column":2},"end":{"line":87,"column":4}},"40":{"start":{"line":19,"column":13},"end":{"line":19,"column":31}}},"fnMap":{"0":{"name":"(anonymous_1)","decl":{"start":{"line":19,"column":31},"end":{"line":19,"column":null}},"loc":{"start":{"line":24,"column":30},"end":{"line":88,"column":1}}},"1":{"name":"(anonymous_2)","decl":{"start":{"line":22,"column":36},"end":{"line":22,"column":37}},"loc":{"start":{"line":22,"column":47},"end":{"line":22,"column":68}}},"2":{"name":"(anonymous_3)","decl":{"start":{"line":23,"column":38},"end":{"line":23,"column":39}},"loc":{"start":{"line":23,"column":49},"end":{"line":23,"column":66}}},"3":{"name":"(anonymous_4)","decl":{"start":{"line":30,"column":12},"end":{"line":30,"column":15}},"loc":{"start":{"line":30,"column":17},"end":{"line":51,"column":3}}},"4":{"name":"(anonymous_5)","decl":{"start":{"line":31,"column":22},"end":{"line":31,"column":27}},"loc":{"start":{"line":31,"column":33},"end":{"line":48,"column":5}}},"5":{"name":"(anonymous_6)","decl":{"start":{"line":53,"column":22},"end":{"line":53,"column":27}},"loc":{"start":{"line":53,"column":51},"end":{"line":68,"column":3}}},"6":{"name":"(anonymous_7)","decl":{"start":{"line":70,"column":22},"end":{"line":70,"column":27}},"loc":{"start":{"line":70,"column":33},"end":{"line":79,"column":3}}}},"branchMap":{"0":{"loc":{"start":{"line":22,"column":2},"end":{"line":22,"column":68}},"type":"default-arg","locations":[{"start":{"line":22,"column":36},"end":{"line":22,"column":68}}]},"1":{"loc":{"start":{"line":23,"column":2},"end":{"line":23,"column":66}},"type":"default-arg","locations":[{"start":{"line":23,"column":38},"end":{"line":23,"column":66}}]},"2":{"loc":{"start":{"line":25,"column":47},"end":{"line":25,"column":67}},"type":"binary-expr","locations":[{"start":{"line":25,"column":47},"end":{"line":25,"column":59}},{"start":{"line":25,"column":63},"end":{"line":25,"column":67}}]},"3":{"loc":{"start":{"line":36,"column":8},"end":{"line":40,"column":9}},"type":"if","locations":[{"start":{"line":36,"column":8},"end":{"line":40,"column":9}},{"start":{"line":38,"column":15},"end":{"line":40,"column":9}}]},"4":{"loc":{"start":{"line":38,"column":15},"end":{"line":40,"column":9}},"type":"if","locations":[{"start":{"line":38,"column":15},"end":{"line":40,"column":9}},{"start":{},"end":{}}]},"5":{"loc":{"start":{"line":42,"column":22},"end":{"line":42,"column":73}},"type":"cond-expr","locations":[{"start":{"line":42,"column":45},"end":{"line":42,"column":48}},{"start":{"line":42,"column":51},"end":{"line":42,"column":73}}]},"6":{"loc":{"start":{"line":57,"column":6},"end":{"line":62,"column":7}},"type":"if","locations":[{"start":{"line":57,"column":6},"end":{"line":62,"column":7}},{"start":{"line":59,"column":13},"end":{"line":62,"column":7}}]},"7":{"loc":{"start":{"line":64,"column":20},"end":{"line":64,"column":71}},"type":"cond-expr","locations":[{"start":{"line":64,"column":43},"end":{"line":64,"column":46}},{"start":{"line":64,"column":49},"end":{"line":64,"column":71}}]},"8":{"loc":{"start":{"line":75,"column":20},"end":{"line":75,"column":71}},"type":"cond-expr","locations":[{"start":{"line":75,"column":43},"end":{"line":75,"column":46}},{"start":{"line":75,"column":49},"end":{"line":75,"column":71}}]}},"s":{"0":0,"1":0,"2":0,"3":0,"4":0,"5":0,"6":0,"7":0,"8":0,"9":0,"10":0,"11":0,"12":0,"13":0,"14":0,"15":0,"16":0,"17":0,"18":0,"19":0,"20":0,"21":0,"22":0,"23":0,"24":0,"25":0,"26":0,"27":0,"28":0,"29":0,"30":0,"31":0,"32":0,"33":0,"34":0,"35":0,"36":0,"37":0,"38":0,"39":0,"40":0},"f":{"0":0,"1":0,"2":0,"3":0,"4":0,"5":0,"6":0},"b":{"0":[0],"1":[0],"2":[0,0],"3":[0,0],"4":[0,0],"5":[0,0],"6":[0,0],"7":[0,0],"8":[0,0]}}
,"/Users/marcelolopes/qlinica-app/src/hooks/useAuth.ts": {"path":"/Users/marcelolopes/qlinica-app/src/hooks/useAuth.ts","statementMap":{"0":{"start":{"line":2,"column":0},"end":{"line":2,"column":9}},"1":{"start":{"line":2,"column":9},"end":{"line":2,"column":49}}},"fnMap":{"0":{"name":"(anonymous_0)","decl":{"start":{"line":2,"column":9},"end":{"line":2,"column":16}},"loc":{"start":{"line":2,"column":9},"end":{"line":2,"column":49}}}},"branchMap":{},"s":{"0":0,"1":0},"f":{"0":0},"b":{}}
,"/Users/marcelolopes/qlinica-app/src/hooks/useBooking.ts": {"path":"/Users/marcelolopes/qlinica-app/src/hooks/useBooking.ts","statementMap":{"0":{"start":{"line":2,"column":0},"end":{"line":2,"column":9}},"1":{"start":{"line":2,"column":9},"end":{"line":2,"column":55}}},"fnMap":{"0":{"name":"(anonymous_0)","decl":{"start":{"line":2,"column":9},"end":{"line":2,"column":19}},"loc":{"start":{"line":2,"column":9},"end":{"line":2,"column":55}}}},"branchMap":{},"s":{"0":0,"1":0},"f":{"0":0},"b":{}}
,"/Users/marcelolopes/qlinica-app/src/hooks/useBookingAPI.ts": {"path":"/Users/marcelolopes/qlinica-app/src/hooks/useBookingAPI.ts","statementMap":{"0":{"start":{"line":5,"column":0},"end":{"line":5,"column":46}},"1":{"start":{"line":6,"column":0},"end":{"line":6,"column":62}},"2":{"start":{"line":7,"column":0},"end":{"line":7,"column":41}},"3":{"start":{"line":8,"column":0},"end":{"line":8,"column":38}},"4":{"start":{"line":17,"column":29},"end":{"line":197,"column":1}},"5":{"start":{"line":18,"column":16},"end":{"line":18,"column":26}},"6":{"start":{"line":19,"column":28},"end":{"line":24,"column":4}},"7":{"start":{"line":29,"column":24},"end":{"line":42,"column":13}},"8":{"start":{"line":30,"column":4},"end":{"line":30,"column":66}},"9":{"start":{"line":30,"column":22},"end":{"line":30,"column":63}},"10":{"start":{"line":31,"column":4},"end":{"line":41,"column":5}},"11":{"start":{"line":32,"column":23},"end":{"line":32,"column":49}},"12":{"start":{"line":33,"column":6},"end":{"line":33,"column":66}},"13":{"start":{"line":33,"column":24},"end":{"line":33,"column":63}},"14":{"start":{"line":34,"column":6},"end":{"line":34,"column":22}},"15":{"start":{"line":36,"column":23},"end":{"line":36,"column":63}},"16":{"start":{"line":37,"column":6},"end":{"line":37,"column":73}},"17":{"start":{"line":37,"column":24},"end":{"line":37,"column":70}},"18":{"start":{"line":38,"column":6},"end":{"line":38,"column":28}},"19":{"start":{"line":39,"column":6},"end":{"line":39,"column":71}},"20":{"start":{"line":40,"column":6},"end":{"line":40,"column":16}},"21":{"start":{"line":47,"column":23},"end":{"line":61,"column":13}},"22":{"start":{"line":48,"column":4},"end":{"line":48,"column":66}},"23":{"start":{"line":48,"column":22},"end":{"line":48,"column":63}},"24":{"start":{"line":49,"column":4},"end":{"line":60,"column":5}},"25":{"start":{"line":50,"column":22},"end":{"line":50,"column":51}},"26":{"start":{"line":51,"column":6},"end":{"line":51,"column":57}},"27":{"start":{"line":51,"column":20},"end":{"line":51,"column":57}},"28":{"start":{"line":52,"column":6},"end":{"line":52,"column":81}},"29":{"start":{"line":52,"column":24},"end":{"line":52,"column":78}},"30":{"start":{"line":53,"column":6},"end":{"line":53,"column":21}},"31":{"start":{"line":55,"column":23},"end":{"line":55,"column":62}},"32":{"start":{"line":56,"column":6},"end":{"line":56,"column":73}},"33":{"start":{"line":56,"column":24},"end":{"line":56,"column":70}},"34":{"start":{"line":57,"column":6},"end":{"line":57,"column":28}},"35":{"start":{"line":58,"column":6},"end":{"line":58,"column":76}},"36":{"start":{"line":59,"column":6},"end":{"line":59,"column":16}},"37":{"start":{"line":66,"column":24},"end":{"line":94,"column":null}},"38":{"start":{"line":74,"column":6},"end":{"line":74,"column":68}},"39":{"start":{"line":74,"column":24},"end":{"line":74,"column":65}},"40":{"start":{"line":75,"column":6},"end":{"line":92,"column":7}},"41":{"start":{"line":76,"column":24},"end":{"line":76,"column":54}},"42":{"start":{"line":77,"column":8},"end":{"line":82,"column":12}},"43":{"start":{"line":77,"column":26},"end":{"line":82,"column":10}},"44":{"start":{"line":83,"column":8},"end":{"line":83,"column":55}},"45":{"start":{"line":84,"column":8},"end":{"line":84,"column":74}},"46":{"start":{"line":85,"column":8},"end":{"line":85,"column":23}},"47":{"start":{"line":87,"column":25},"end":{"line":87,"column":66}},"48":{"start":{"line":88,"column":8},"end":{"line":88,"column":75}},"49":{"start":{"line":88,"column":26},"end":{"line":88,"column":72}},"50":{"start":{"line":89,"column":8},"end":{"line":89,"column":30}},"51":{"start":{"line":90,"column":8},"end":{"line":90,"column":73}},"52":{"start":{"line":91,"column":8},"end":{"line":91,"column":18}},"53":{"start":{"line":100,"column":24},"end":{"line":122,"column":null}},"54":{"start":{"line":102,"column":6},"end":{"line":102,"column":68}},"55":{"start":{"line":102,"column":24},"end":{"line":102,"column":65}},"56":{"start":{"line":103,"column":6},"end":{"line":120,"column":7}},"57":{"start":{"line":104,"column":24},"end":{"line":104,"column":58}},"58":{"start":{"line":105,"column":8},"end":{"line":110,"column":12}},"59":{"start":{"line":105,"column":26},"end":{"line":110,"column":10}},"60":{"start":{"line":108,"column":44},"end":{"line":108,"column":69}},"61":{"start":{"line":111,"column":8},"end":{"line":111,"column":55}},"62":{"start":{"line":112,"column":8},"end":{"line":112,"column":66}},"63":{"start":{"line":113,"column":8},"end":{"line":113,"column":23}},"64":{"start":{"line":115,"column":25},"end":{"line":115,"column":66}},"65":{"start":{"line":116,"column":8},"end":{"line":116,"column":75}},"66":{"start":{"line":116,"column":26},"end":{"line":116,"column":72}},"67":{"start":{"line":117,"column":8},"end":{"line":117,"column":30}},"68":{"start":{"line":118,"column":8},"end":{"line":118,"column":79}},"69":{"start":{"line":119,"column":8},"end":{"line":119,"column":18}},"70":{"start":{"line":128,"column":24},"end":{"line":149,"column":null}},"71":{"start":{"line":130,"column":6},"end":{"line":130,"column":68}},"72":{"start":{"line":130,"column":24},"end":{"line":130,"column":65}},"73":{"start":{"line":131,"column":6},"end":{"line":147,"column":7}},"74":{"start":{"line":132,"column":8},"end":{"line":132,"column":37}},"75":{"start":{"line":133,"column":8},"end":{"line":138,"column":12}},"76":{"start":{"line":133,"column":26},"end":{"line":138,"column":10}},"77":{"start":{"line":135,"column":46},"end":{"line":135,"column":57}},"78":{"start":{"line":139,"column":8},"end":{"line":139,"column":57}},"79":{"start":{"line":140,"column":8},"end":{"line":140,"column":68}},"80":{"start":{"line":142,"column":25},"end":{"line":142,"column":66}},"81":{"start":{"line":143,"column":8},"end":{"line":143,"column":75}},"82":{"start":{"line":143,"column":26},"end":{"line":143,"column":72}},"83":{"start":{"line":144,"column":8},"end":{"line":144,"column":30}},"84":{"start":{"line":145,"column":8},"end":{"line":145,"column":79}},"85":{"start":{"line":146,"column":8},"end":{"line":146,"column":18}},"86":{"start":{"line":155,"column":28},"end":{"line":177,"column":null}},"87":{"start":{"line":157,"column":6},"end":{"line":157,"column":68}},"88":{"start":{"line":157,"column":24},"end":{"line":157,"column":65}},"89":{"start":{"line":158,"column":6},"end":{"line":175,"column":7}},"90":{"start":{"line":159,"column":24},"end":{"line":159,"column":68}},"91":{"start":{"line":160,"column":8},"end":{"line":165,"column":12}},"92":{"start":{"line":160,"column":26},"end":{"line":165,"column":10}},"93":{"start":{"line":163,"column":44},"end":{"line":163,"column":69}},"94":{"start":{"line":166,"column":8},"end":{"line":166,"column":59}},"95":{"start":{"line":167,"column":8},"end":{"line":167,"column":70}},"96":{"start":{"line":168,"column":8},"end":{"line":168,"column":23}},"97":{"start":{"line":170,"column":25},"end":{"line":170,"column":70}},"98":{"start":{"line":171,"column":8},"end":{"line":171,"column":75}},"99":{"start":{"line":171,"column":26},"end":{"line":171,"column":72}},"100":{"start":{"line":172,"column":8},"end":{"line":172,"column":30}},"101":{"start":{"line":173,"column":8},"end":{"line":173,"column":83}},"102":{"start":{"line":174,"column":8},"end":{"line":174,"column":18}},"103":{"start":{"line":183,"column":21},"end":{"line":185,"column":8}},"104":{"start":{"line":184,"column":4},"end":{"line":184,"column":49}},"105":{"start":{"line":184,"column":22},"end":{"line":184,"column":46}},"106":{"start":{"line":187,"column":2},"end":{"line":196,"column":4}},"107":{"start":{"line":17,"column":13},"end":{"line":17,"column":29}}},"fnMap":{"0":{"name":"(anonymous_0)","decl":{"start":{"line":17,"column":29},"end":{"line":17,"column":32}},"loc":{"start":{"line":17,"column":34},"end":{"line":197,"column":1}}},"1":{"name":"(anonymous_1)","decl":{"start":{"line":29,"column":36},"end":{"line":29,"column":41}},"loc":{"start":{"line":29,"column":47},"end":{"line":42,"column":3}}},"2":{"name":"(anonymous_2)","decl":{"start":{"line":30,"column":13},"end":{"line":30,"column":17}},"loc":{"start":{"line":30,"column":22},"end":{"line":30,"column":63}}},"3":{"name":"(anonymous_3)","decl":{"start":{"line":33,"column":15},"end":{"line":33,"column":19}},"loc":{"start":{"line":33,"column":24},"end":{"line":33,"column":63}}},"4":{"name":"(anonymous_4)","decl":{"start":{"line":37,"column":15},"end":{"line":37,"column":19}},"loc":{"start":{"line":37,"column":24},"end":{"line":37,"column":70}}},"5":{"name":"(anonymous_5)","decl":{"start":{"line":47,"column":35},"end":{"line":47,"column":40}},"loc":{"start":{"line":47,"column":56},"end":{"line":61,"column":3}}},"6":{"name":"(anonymous_6)","decl":{"start":{"line":48,"column":13},"end":{"line":48,"column":17}},"loc":{"start":{"line":48,"column":22},"end":{"line":48,"column":63}}},"7":{"name":"(anonymous_7)","decl":{"start":{"line":52,"column":15},"end":{"line":52,"column":19}},"loc":{"start":{"line":52,"column":24},"end":{"line":52,"column":78}}},"8":{"name":"(anonymous_8)","decl":{"start":{"line":56,"column":15},"end":{"line":56,"column":19}},"loc":{"start":{"line":56,"column":24},"end":{"line":56,"column":70}}},"9":{"name":"(anonymous_9)","decl":{"start":{"line":67,"column":4},"end":{"line":67,"column":9}},"loc":{"start":{"line":73,"column":9},"end":{"line":93,"column":5}}},"10":{"name":"(anonymous_10)","decl":{"start":{"line":74,"column":15},"end":{"line":74,"column":19}},"loc":{"start":{"line":74,"column":24},"end":{"line":74,"column":65}}},"11":{"name":"(anonymous_11)","decl":{"start":{"line":77,"column":17},"end":{"line":77,"column":21}},"loc":{"start":{"line":77,"column":26},"end":{"line":82,"column":10}}},"12":{"name":"(anonymous_12)","decl":{"start":{"line":88,"column":17},"end":{"line":88,"column":21}},"loc":{"start":{"line":88,"column":26},"end":{"line":88,"column":72}}},"13":{"name":"(anonymous_13)","decl":{"start":{"line":101,"column":4},"end":{"line":101,"column":9}},"loc":{"start":{"line":101,"column":49},"end":{"line":121,"column":5}}},"14":{"name":"(anonymous_14)","decl":{"start":{"line":102,"column":15},"end":{"line":102,"column":19}},"loc":{"start":{"line":102,"column":24},"end":{"line":102,"column":65}}},"15":{"name":"(anonymous_15)","decl":{"start":{"line":105,"column":17},"end":{"line":105,"column":21}},"loc":{"start":{"line":105,"column":26},"end":{"line":110,"column":10}}},"16":{"name":"(anonymous_16)","decl":{"start":{"line":108,"column":38},"end":{"line":108,"column":39}},"loc":{"start":{"line":108,"column":44},"end":{"line":108,"column":69}}},"17":{"name":"(anonymous_17)","decl":{"start":{"line":116,"column":17},"end":{"line":116,"column":21}},"loc":{"start":{"line":116,"column":26},"end":{"line":116,"column":72}}},"18":{"name":"(anonymous_18)","decl":{"start":{"line":129,"column":4},"end":{"line":129,"column":9}},"loc":{"start":{"line":129,"column":25},"end":{"line":148,"column":5}}},"19":{"name":"(anonymous_19)","decl":{"start":{"line":130,"column":15},"end":{"line":130,"column":19}},"loc":{"start":{"line":130,"column":24},"end":{"line":130,"column":65}}},"20":{"name":"(anonymous_20)","decl":{"start":{"line":133,"column":17},"end":{"line":133,"column":21}},"loc":{"start":{"line":133,"column":26},"end":{"line":138,"column":10}}},"21":{"name":"(anonymous_21)","decl":{"start":{"line":135,"column":41},"end":{"line":135,"column":42}},"loc":{"start":{"line":135,"column":46},"end":{"line":135,"column":57}}},"22":{"name":"(anonymous_22)","decl":{"start":{"line":143,"column":17},"end":{"line":143,"column":21}},"loc":{"start":{"line":143,"column":26},"end":{"line":143,"column":72}}},"23":{"name":"(anonymous_23)","decl":{"start":{"line":156,"column":4},"end":{"line":156,"column":9}},"loc":{"start":{"line":156,"column":53},"end":{"line":176,"column":5}}},"24":{"name":"(anonymous_24)","decl":{"start":{"line":157,"column":15},"end":{"line":157,"column":19}},"loc":{"start":{"line":157,"column":24},"end":{"line":157,"column":65}}},"25":{"name":"(anonymous_25)","decl":{"start":{"line":160,"column":17},"end":{"line":160,"column":21}},"loc":{"start":{"line":160,"column":26},"end":{"line":165,"column":10}}},"26":{"name":"(anonymous_26)","decl":{"start":{"line":163,"column":38},"end":{"line":163,"column":39}},"loc":{"start":{"line":163,"column":44},"end":{"line":163,"column":69}}},"27":{"name":"(anonymous_27)","decl":{"start":{"line":171,"column":17},"end":{"line":171,"column":21}},"loc":{"start":{"line":171,"column":26},"end":{"line":171,"column":72}}},"28":{"name":"(anonymous_28)","decl":{"start":{"line":183,"column":33},"end":{"line":183,"column":36}},"loc":{"start":{"line":183,"column":38},"end":{"line":185,"column":3}}},"29":{"name":"(anonymous_29)","decl":{"start":{"line":184,"column":13},"end":{"line":184,"column":17}},"loc":{"start":{"line":184,"column":22},"end":{"line":184,"column":46}}}},"branchMap":{"0":{"loc":{"start":{"line":36,"column":23},"end":{"line":36,"column":63}},"type":"binary-expr","locations":[{"start":{"line":36,"column":23},"end":{"line":36,"column":34}},{"start":{"line":36,"column":38},"end":{"line":36,"column":63}}]},"1":{"loc":{"start":{"line":51,"column":6},"end":{"line":51,"column":57}},"type":"if","locations":[{"start":{"line":51,"column":6},"end":{"line":51,"column":57}},{"start":{},"end":{}}]},"2":{"loc":{"start":{"line":55,"column":23},"end":{"line":55,"column":62}},"type":"binary-expr","locations":[{"start":{"line":55,"column":23},"end":{"line":55,"column":34}},{"start":{"line":55,"column":38},"end":{"line":55,"column":62}}]},"3":{"loc":{"start":{"line":87,"column":25},"end":{"line":87,"column":66}},"type":"binary-expr","locations":[{"start":{"line":87,"column":25},"end":{"line":87,"column":36}},{"start":{"line":87,"column":40},"end":{"line":87,"column":66}}]},"4":{"loc":{"start":{"line":108,"column":44},"end":{"line":108,"column":69}},"type":"cond-expr","locations":[{"start":{"line":108,"column":58},"end":{"line":108,"column":65}},{"start":{"line":108,"column":68},"end":{"line":108,"column":69}}]},"5":{"loc":{"start":{"line":115,"column":25},"end":{"line":115,"column":66}},"type":"binary-expr","locations":[{"start":{"line":115,"column":25},"end":{"line":115,"column":36}},{"start":{"line":115,"column":40},"end":{"line":115,"column":66}}]},"6":{"loc":{"start":{"line":136,"column":26},"end":{"line":136,"column":85}},"type":"cond-expr","locations":[{"start":{"line":136,"column":59},"end":{"line":136,"column":63}},{"start":{"line":136,"column":66},"end":{"line":136,"column":85}}]},"7":{"loc":{"start":{"line":142,"column":25},"end":{"line":142,"column":66}},"type":"binary-expr","locations":[{"start":{"line":142,"column":25},"end":{"line":142,"column":36}},{"start":{"line":142,"column":40},"end":{"line":142,"column":66}}]},"8":{"loc":{"start":{"line":163,"column":44},"end":{"line":163,"column":69}},"type":"cond-expr","locations":[{"start":{"line":163,"column":58},"end":{"line":163,"column":65}},{"start":{"line":163,"column":68},"end":{"line":163,"column":69}}]},"9":{"loc":{"start":{"line":170,"column":25},"end":{"line":170,"column":70}},"type":"binary-expr","locations":[{"start":{"line":170,"column":25},"end":{"line":170,"column":36}},{"start":{"line":170,"column":40},"end":{"line":170,"column":70}}]}},"s":{"0":0,"1":0,"2":0,"3":0,"4":0,"5":0,"6":0,"7":0,"8":0,"9":0,"10":0,"11":0,"12":0,"13":0,"14":0,"15":0,"16":0,"17":0,"18":0,"19":0,"20":0,"21":0,"22":0,"23":0,"24":0,"25":0,"26":0,"27":0,"28":0,"29":0,"30":0,"31":0,"32":0,"33":0,"34":0,"35":0,"36":0,"37":0,"38":0,"39":0,"40":0,"41":0,"42":0,"43":0,"44":0,"45":0,"46":0,"47":0,"48":0,"49":0,"50":0,"51":0,"52":0,"53":0,"54":0,"55":0,"56":0,"57":0,"58":0,"59":0,"60":0,"61":0,"62":0,"63":0,"64":0,"65":0,"66":0,"67":0,"68":0,"69":0,"70":0,"71":0,"72":0,"73":0,"74":0,"75":0,"76":0,"77":0,"78":0,"79":0,"80":0,"81":0,"82":0,"83":0,"84":0,"85":0,"86":0,"87":0,"88":0,"89":0,"90":0,"91":0,"92":0,"93":0,"94":0,"95":0,"96":0,"97":0,"98":0,"99":0,"100":0,"101":0,"102":0,"103":0,"104":0,"105":0,"106":0,"107":0},"f":{"0":0,"1":0,"2":0,"3":0,"4":0,"5":0,"6":0,"7":0,"8":0,"9":0,"10":0,"11":0,"12":0,"13":0,"14":0,"15":0,"16":0,"17":0,"18":0,"19":0,"20":0,"21":0,"22":0,"23":0,"24":0,"25":0,"26":0,"27":0,"28":0,"29":0},"b":{"0":[0,0],"1":[0,0],"2":[0,0],"3":[0,0],"4":[0,0],"5":[0,0],"6":[0,0],"7":[0,0],"8":[0,0],"9":[0,0]}}
,"/Users/marcelolopes/qlinica-app/src/hooks/useBookingFlow.ts": {"path":"/Users/marcelolopes/qlinica-app/src/hooks/useBookingFlow.ts","statementMap":{"0":{"start":{"line":6,"column":0},"end":{"line":6,"column":46}},"1":{"start":{"line":7,"column":0},"end":{"line":7,"column":49}},"2":{"start":{"line":8,"column":0},"end":{"line":8,"column":63}},"3":{"start":{"line":9,"column":0},"end":{"line":9,"column":51}},"4":{"start":{"line":11,"column":0},"end":{"line":11,"column":41}},"5":{"start":{"line":20,"column":34},"end":{"line":153,"column":1}},"6":{"start":{"line":21,"column":19},"end":{"line":21,"column":28}},"7":{"start":{"line":22,"column":82},"end":{"line":22,"column":98}},"8":{"start":{"line":23,"column":24},"end":{"line":23,"column":34}},"9":{"start":{"line":24,"column":28},"end":{"line":29,"column":4}},"10":{"start":{"line":34,"column":29},"end":{"line":84,"column":59}},"11":{"start":{"line":35,"column":4},"end":{"line":83,"column":5}},"12":{"start":{"line":37,"column":6},"end":{"line":41,"column":7}},"13":{"start":{"line":38,"column":8},"end":{"line":38,"column":83}},"14":{"start":{"line":38,"column":28},"end":{"line":38,"column":80}},"15":{"start":{"line":39,"column":8},"end":{"line":39,"column":54}},"16":{"start":{"line":40,"column":8},"end":{"line":40,"column":20}},"17":{"start":{"line":44,"column":25},"end":{"line":44,"column":46}},"18":{"start":{"line":45,"column":6},"end":{"line":51,"column":7}},"19":{"start":{"line":46,"column":25},"end":{"line":46,"column":53}},"20":{"start":{"line":47,"column":8},"end":{"line":47,"column":59}},"21":{"start":{"line":47,"column":28},"end":{"line":47,"column":56}},"22":{"start":{"line":48,"column":8},"end":{"line":48,"column":37}},"23":{"start":{"line":49,"column":8},"end":{"line":49,"column":80}},"24":{"start":{"line":50,"column":8},"end":{"line":50,"column":20}},"25":{"start":{"line":53,"column":6},"end":{"line":53,"column":73}},"26":{"start":{"line":53,"column":26},"end":{"line":53,"column":70}},"27":{"start":{"line":56,"column":22},"end":{"line":56,"column":43}},"28":{"start":{"line":58,"column":6},"end":{"line":63,"column":10}},"29":{"start":{"line":58,"column":26},"end":{"line":63,"column":8}},"30":{"start":{"line":65,"column":6},"end":{"line":65,"column":67}},"31":{"start":{"line":66,"column":6},"end":{
[...]
umn":2},"end":{"line":81,"column":38}},"40":{"start":{"line":81,"column":18},"end":{"line":81,"column":38}},"41":{"start":{"line":82,"column":2},"end":{"line":82,"column":38}},"42":{"start":{"line":82,"column":18},"end":{"line":82,"column":38}},"43":{"start":{"line":84,"column":2},"end":{"line":84,"column":29}},"44":{"start":{"line":68,"column":13},"end":{"line":68,"column":35}},"45":{"start":{"line":90,"column":34},"end":{"line":127,"column":1}},"46":{"start":{"line":98,"column":41},"end":{"line":98,"column":43}},"47":{"start":{"line":100,"column":2},"end":{"line":104,"column":3}},"48":{"start":{"line":101,"column":4},"end":{"line":101,"column":39}},"49":{"start":{"line":102,"column":9},"end":{"line":104,"column":3}},"50":{"start":{"line":103,"column":4},"end":{"line":103,"column":42}},"51":{"start":{"line":106,"column":2},"end":{"line":113,"column":3}},"52":{"start":{"line":107,"column":4},"end":{"line":107,"column":45}},"53":{"start":{"line":109,"column":31},"end":{"line":109,"column":57}},"54":{"start":{"line":110,"column":4},"end":{"line":112,"column":5}},"55":{"start":{"line":111,"column":6},"end":{"line":111,"column":53}},"56":{"start":{"line":115,"column":2},"end":{"line":121,"column":3}},"57":{"start":{"line":116,"column":4},"end":{"line":120,"column":5}},"58":{"start":{"line":117,"column":6},"end":{"line":117,"column":39}},"59":{"start":{"line":118,"column":11},"end":{"line":120,"column":5}},"60":{"start":{"line":119,"column":6},"end":{"line":119,"column":80}},"61":{"start":{"line":123,"column":2},"end":{"line":126,"column":4}},"62":{"start":{"line":90,"column":13},"end":{"line":90,"column":34}},"63":{"start":{"line":132,"column":35},"end":{"line":157,"column":1}},"64":{"start":{"line":136,"column":2},"end":{"line":138,"column":3}},"65":{"start":{"line":137,"column":4},"end":{"line":137,"column":51}},"66":{"start":{"line":140,"column":14},"end":{"line":140,"column":24}},"67":{"start":{"line":141,"column":16},"end":{"line":141,"column":74}},"68":{"start":{"line":142,"column":22},"end":{"line":142,"column":83}},"69":{"start":{"line":145,"column":18},"end":{"line":145,"column":33}},"70":{"start":{"line":146,"column":2},"end":{"line":146,"column":42}},"71":{"start":{"line":148,"column":2},"end":{"line":150,"column":3}},"72":{"start":{"line":149,"column":4},"end":{"line":149,"column":62}},"73":{"start":{"line":152,"column":2},"end":{"line":154,"column":3}},"74":{"start":{"line":153,"column":4},"end":{"line":153,"column":79}},"75":{"start":{"line":156,"column":2},"end":{"line":156,"column":25}},"76":{"start":{"line":132,"column":13},"end":{"line":132,"column":35}},"77":{"start":{"line":162,"column":32},"end":{"line":169,"column":1}},"78":{"start":{"line":163,"column":20},"end":{"line":163,"column":54}},"79":{"start":{"line":164,"column":2},"end":{"line":164,"column":42}},"80":{"start":{"line":164,"column":29},"end":{"line":164,"column":42}},"81":{"start":{"line":167,"column":27},"end":{"line":167,"column":54}},"82":{"start":{"line":168,"column":2},"end":{"line":168,"column":71}},"83":{"start":{"line":162,"column":13},"end":{"line":162,"column":32}},"84":{"start":{"line":174,"column":36},"end":{"line":176,"column":1}},"85":{"start":{"line":175,"column":2},"end":{"line":175,"column":29}},"86":{"start":{"line":174,"column":13},"end":{"line":174,"column":36}},"87":{"start":{"line":181,"column":34},"end":{"line":209,"column":1}},"88":{"start":{"line":183,"column":18},"end":{"line":183,"column":50}},"89":{"start":{"line":186,"column":2},"end":{"line":188,"column":3}},"90":{"start":{"line":187,"column":4},"end":{"line":187,"column":17}},"91":{"start":{"line":191,"column":12},"end":{"line":191,"column":13}},"92":{"start":{"line":192,"column":15},"end":{"line":192,"column":20}},"93":{"start":{"line":194,"column":2},"end":{"line":206,"column":3}},"94":{"start":{"line":194,"column":15},"end":{"line":194,"column":33}},"95":{"start":{"line":195,"column":16},"end":{"line":195,"column":40}},"96":{"start":{"line":197,"column":4},"end":{"line":202,"column":5}},"97":{"start":{"line":198,"column":6},"end":{"line":198,"column":17}},"98":{"start":{"line":199,"column":6},"end":{"line":201,"column":7}},"99":{"start":{"line":200,"column":8},"end":{"line":200,"column":19}},"100":{"start":{"line":204,"column":4},"end":{"line":204,"column":17}},"101":{"start":{"line":205,"column":4},"end":{"line":205,"column":21}},"102":{"start":{"line":208,"column":2},"end":{"line":208,"column":24}},"103":{"start":{"line":181,"column":13},"end":{"line":181,"column":34}},"104":{"start":{"line":214,"column":34},"end":{"line":235,"column":1}},"105":{"start":{"line":218,"column":22},"end":{"line":218,"column":48}},"106":{"start":{"line":220,"column":2},"end":{"line":222,"column":3}},"107":{"start":{"line":221,"column":4},"end":{"line":221,"column":68}},"108":{"start":{"line":224,"column":24},"end":{"line":224,"column":53}},"109":{"start":{"line":225,"column":14},"end":{"line":225,"column":24}},"110":{"start":{"line":226,"column":22},"end":{"line":226,"column":45}},"111":{"start":{"line":227,"column":23},"end":{"line":227,"column":41}},"112":{"start":{"line":230,"column":2},"end":{"line":232,"column":3}},"113":{"start":{"line":231,"column":4},"end":{"line":231,"column":55}},"114":{"start":{"line":234,"column":2},"end":{"line":234,"column":25}},"115":{"start":{"line":214,"column":13},"end":{"line":214,"column":34}},"116":{"start":{"line":240,"column":31},"end":{"line":242,"column":1}},"117":{"start":{"line":241,"column":2},"end":{"line":241,"column":31}},"118":{"start":{"line":240,"column":13},"end":{"line":240,"column":31}},"119":{"start":{"line":247,"column":38},"end":{"line":249,"column":1}},"120":{"start":{"line":248,"column":2},"end":{"line":248,"column":65}},"121":{"start":{"line":247,"column":13},"end":{"line":247,"column":38}},"122":{"start":{"line":254,"column":34},"end":{"line":290,"column":1}},"123":{"start":{"line":263,"column":41},"end":{"line":263,"column":43}},"124":{"start":{"line":265,"column":2},"end":{"line":267,"column":3}},"125":{"start":{"line":266,"column":4},"end":{"line":266,"column":46}},"126":{"start":{"line":269,"column":2},"end":{"line":276,"column":3}},"127":{"start":{"line":270,"column":4},"end":{"line":270,"column":46}},"128":{"start":{"line":272,"column":29},"end":{"line":272,"column":55}},"129":{"start":{"line":273,"column":4},"end":{"line":275,"column":5}},"130":{"start":{"line":274,"column":6},"end":{"line":274,"column":70}},"131":{"start":{"line":278,"column":2},"end":{"line":280,"column":3}},"132":{"start":{"line":279,"column":4},"end":{"line":279,"column":52}},"133":{"start":{"line":282,"column":2},"end":{"line":284,"column":3}},"134":{"start":{"line":283,"column":4},"end":{"line":283,"column":50}},"135":{"start":{"line":286,"column":2},"end":{"line":289,"column":4}},"136":{"start":{"line":254,"column":13},"end":{"line":254,"column":34}}},"fnMap":{"0":{"name":"(anonymous_0)","decl":{"start":{"line":5,"column":29},"end":{"line":5,"column":30}},"loc":{"start":{"line":5,"column":56},"end":{"line":9,"column":1}}},"1":{"name":"(anonymous_1)","decl":{"start":{"line":18,"column":32},"end":{"line":18,"column":33}},"loc":{"start":{"line":21,"column":4},"end":{"line":38,"column":1}}},"2":{"name":"(anonymous_2)","decl":{"start":{"line":43,"column":29},"end":{"line":43,"column":30}},"loc":{"start":{"line":43,"column":56},"end":{"line":47,"column":1}}},"3":{"name":"(anonymous_3)","decl":{"start":{"line":52,"column":28},"end":{"line":52,"column":29}},"loc":{"start":{"line":52,"column":52},"end":{"line":56,"column":1}}},"4":{"name":"(anonymous_4)","decl":{"start":{"line":61,"column":28},"end":{"line":61,"column":29}},"loc":{"start":{"line":61,"column":54},"end":{"line":63,"column":1}}},"5":{"name":"(anonymous_5)","decl":{"start":{"line":68,"column":35},"end":{"line":68,"column":36}},"loc":{"start":{"line":71,"column":4},"end":{"line":85,"column":1}}},"6":{"name":"(anonymous_6)","decl":{"start":{"line":90,"column":34},"end":{"line":90,"column":null}},"loc":{"start":{"line":97,"column":4},"end":{"line":127,"column":1}}},"7":{"name":"(anonymous_7)","decl":{"start":{"line":132,"column":35},"end":{"line":132,"column":36}},"loc":{"start":{"line":135,"column":4},"end":{"line":157,"column":1}}},"8":{"name":"(anonymous_8)","decl":{"start":{"line":162,"column":32},"end":{"line":162,"column":33}},"loc":{"start":{"line":162,"column":58},"end":{"line":169,"column":1}}},"9":{"name":"(anonymous_9)","decl":{"start":{"line":174,"column":36},"end":{"line":174,"column":37}},"loc":{"start":{"line":174,"column":63},"end":{"line":176,"column":1}}},"10":{"name":"(anonymous_10)","decl":{"start":{"line":181,"column":34},"end":{"line":181,"column":35}},"loc":{"start":{"line":181,"column":66},"end":{"line":209,"column":1}}},"11":{"name":"(anonymous_11)","decl":{"start":{"line":214,"column":34},"end":{"line":214,"column":35}},"loc":{"start":{"line":217,"column":4},"end":{"line":235,"column":1}}},"12":{"name":"(anonymous_12)","decl":{"start":{"line":240,"column":31},"end":{"line":240,"column":32}},"loc":{"start":{"line":240,"column":56},"end":{"line":242,"column":1}}},"13":{"name":"(anonymous_13)","decl":{"start":{"line":247,"column":38},"end":{"line":247,"column":39}},"loc":{"start":{"line":247,"column":64},"end":{"line":249,"column":1}}},"14":{"name":"(anonymous_14)","decl":{"start":{"line":254,"column":34},"end":{"line":254,"column":null}},"loc":{"start":{"line":262,"column":4},"end":{"line":290,"column":1}}}},"branchMap":{"0":{"loc":{"start":{"line":8,"column":9},"end":{"line":8,"column":54}},"type":"binary-expr","locations":[{"start":{"line":8,"column":9},"end":{"line":8,"column":31}},{"start":{"line":8,"column":35},"end":{"line":8,"column":54}}]},"1":{"loc":{"start":{"line":24,"column":2},"end":{"line":26,"column":3}},"type":"if","locations":[{"start":{"line":24,"column":2},"end":{"line":26,"column":3}},{"start":{},"end":{}}]},"2":{"loc":{"start":{"line":27,"column":2},"end":{"line":29,"column":3}},"type":"if","locations":[{"start":{"line":27,"column":2},"end":{"line":29,"column":3}},{"start":{},"end":{}}]},"3":{"loc":{"start":{"line":30,"column":2},"end":{"line":32,"column":3}},"type":"if","locations":[{"start":{"line":30,"column":2},"end":{"line":32,"column":3}},{"start":{},"end":{}}]},"4":{"loc":{"start":{"line":62,"column":9},"end":{"line":62,"column":52}},"type":"binary-expr","locations":[{"start":{"line":62,"column":9},"end":{"line":62,"column":32}},{"start":{"line":62,"column":36},"end":{"line":62,"column":52}}]},"5":{"loc":{"start":{"line":74,"column":2},"end":{"line":74,"column":39}},"type":"if","locations":[{"start":{"line":74,"column":2},"end":{"line":74,"column":39}},{"start":{},"end":{}}]},"6":{"loc":{"start":{"line":75,"column":2},"end":{"line":75,"column":40}},"type":"if","locations":[{"start":{"line":75,"column":2},"end":{"line":75,"column":40}},{"start":{},"end":{}}]},"7":{"loc":{"start":{"line":76,"column":2},"end":{"line":76,"column":67}},"type":"if","locations":[{"start":{"line":76,"column":2},"end":{"line":76,"column":67}},{"start":{},"end":{}}]},"8":{"loc":{"start":{"line":76,"column":6},"end":{"line":76,"column":54}},"type":"binary-expr","locations":[{"start":{"line":76,"column":6},"end":{"line":76,"column":28}},{"start":{"line":76,"column":32},"end":{"line":76,"column":54}}]},"9":{"loc":{"start":{"line":77,"column":2},"end":{"line":77,"column":38}},"type":"if","locations":[{"start":{"line":77,"column":2},"end":{"line":77,"column":38}},{"start":{},"end":{}}]},"10":{"loc":{"start":{"line":78,"column":2},"end":{"line":78,"column":73}},"type":"if","locations":[{"start":{"line":78,"column":2},"end":{"line":78,"column":73}},{"start":{},"end":{}}]},"11":{"loc":{"start":{"line":81,"column":2},"end":{"line":81,"column":38}},"type":"if","locations":[{"start":{"line":81,"column":2},"end":{"line":81,"column":38}},{"start":{},"end":{}}]},"12":{"loc":{"start":{"line":82,"column":2},"end":{"line":82,"column":38}},"type":"if","locations":[{"start":{"line":82,"column":2},"end":{"line":82,"column":38}},{"start":{},"end":{}}]},"13":{"loc":{"start":{"line":100,"column":2},"end":{"line":104,"column":3}},"type":"if","locations":[{"start":{"line":100,"column":2},"end":{"line":104,"column":3}},{"start":{"line":102,"column":9},"end":{"line":104,"column":3}}]},"14":{"loc":{"start":{"line":102,"column":9},"end":{"line":104,"column":3}},"type":"if","locations":[{"start":{"line":102,"column":9},"end":{"line":104,"column":3}},{"start":{},"end":{}}]},"15":{"loc":{"start":{"line":106,"column":2},"end":{"line":113,"column":3}},"type":"if","locations":[{"start":{"line":106,"column":2},"end":{"line":113,"column":3}},{"start":{"line":108,"column":9},"end":{"line":113,"column":3}}]},"16":{"loc":{"start":{"line":110,"column":4},"end":{"line":112,"column":5}},"type":"if","locations":[{"start":{"line":110,"column":4},"end":{"line":112,"column":5}},{"start":{},"end":{}}]},"17":{"loc":{"start":{"line":115,"column":2},"end":{"line":121,"column":3}},"type":"if","locations":[{"start":{"line":115,"column":2},"end":{"line":121,"column":3}},{"start":{},"end":{}}]},"18":{"loc":{"start":{"line":116,"column":4},"end":{"line":120,"column":5}},"type":"if","locations":[{"start":{"line":116,"column":4},"end":{"line":120,"column":5}},{"start":{"line":118,"column":11},"end":{"line":120,"column":5}}]},"19":{"loc":{"start":{"line":118,"column":11},"end":{"line":120,"column":5}},"type":"if","locations":[{"start":{"line":118,"column":11},"end":{"line":120,"column":5}},{"start":{},"end":{}}]},"20":{"loc":{"start":{"line":136,"column":2},"end":{"line":138,"column":3}},"type":"if","locations":[{"start":{"line":136,"column":2},"end":{"line":138,"column":3}},{"start":{},"end":{}}]},"21":{"loc":{"start":{"line":136,"column":6},"end":{"line":136,"column":63}},"type":"binary-expr","locations":[{"start":{"line":136,"column":6},"end":{"line":136,"column":11}},{"start":{"line":136,"column":15},"end":{"line":136,"column":38}},{"start":{"line":136,"column":42},"end":{"line":136,"column":63}}]},"22":{"loc":{"start":{"line":148,"column":2},"end":{"line":150,"column":3}},"type":"if","locations":[{"start":{"line":148,"column":2},"end":{"line":150,"column":3}},{"start":{},"end":{}}]},"23":{"loc":{"start":{"line":152,"column":2},"end":{"line":154,"column":3}},"type":"if","locations":[{"start":{"line":152,"column":2},"end":{"line":154,"column":3}},{"start":{},"end":{}}]},"24":{"loc":{"start":{"line":164,"column":2},"end":{"line":164,"column":42}},"type":"if","locations":[{"start":{"line":164,"column":2},"end":{"line":164,"column":42}},{"start":{},"end":{}}]},"25":{"loc":{"start":{"line":168,"column":9},"end":{"line":168,"column":70}},"type":"binary-expr","locations":[{"start":{"line":168,"column":9},"end":{"line":168,"column":19}},{"start":{"line":168,"column":24},"end":{"line":168,"column":34}},{"start":{"line":168,"column":39},"end":{"line":168,"column":51}},{"start":{"line":168,"column":55},"end":{"line":168,"column":68}}]},"26":{"loc":{"start":{"line":186,"column":2},"end":{"line":188,"column":3}},"type":"if","locations":[{"start":{"line":186,"column":2},"end":{"line":188,"column":3}},{"start":{},"end":{}}]},"27":{"loc":{"start":{"line":197,"column":4},"end":{"line":202,"column":5}},"type":"if","locations":[{"start":{"line":197,"column":4},"end":{"line":202,"column":5}},{"start":{},"end":{}}]},"28":{"loc":{"start":{"line":199,"column":6},"end":{"line":201,"column":7}},"type":"if","locations":[{"start":{"line":199,"column":6},"end":{"line":201,"column":7}},{"start":{},"end":{}}]},"29":{"loc":{"start":{"line":220,"column":2},"end":{"line":222,"column":3}},"type":"if","locations":[{"start":{"line":220,"column":2},"end":{"line":222,"column":3}},{"start":{},"end":{}}]},"30":{"loc":{"start":{"line":230,"column":2},"end":{"line":232,"column":3}},"type":"if","locations":[{"start":{"line":230,"column":2},"end":{"line":232,"column":3}},{"start":{},"end":{}}]},"31":{"loc":{"start":{"line":230,"column":6},"end":{"line":230,"column":74}},"type":"binary-expr","locations":[{"start":{"line":230,"column":6},"end":{"line":230,"column":24}},{"start":{"line":230,"column":29},"end":{"line":230,"column":49}},{"start":{"line":230,"column":53},"end":{"line":230,"column":73}}]},"32":{"loc":{"start":{"line":248,"column":9},"end":{"line":248,"column":64}},"type":"binary-expr","locations":[{"start":{"line":248,"column":9},"end":{"line":248,"column":32}},{"start":{"line":248,"column":36},"end":{"line":248,"column":64}}]},"33":{"loc":{"start":{"line":265,"column":2},"end":{"line":267,"column":3}},"type":"if","locations":[{"start":{"line":265,"column":2},"end":{"line":267,"column":3}},{"start":{},"end":{}}]},"34":{"loc":{"start":{"line":265,"column":6},"end":{"line":265,"column":52}},"type":"binary-expr","locations":[{"start":{"line":265,"column":6},"end":{"line":265,"column":17}},{"start":{"line":265,"column":21},"end":{"line":265,"column":52}}]},"35":{"loc":{"start":{"line":269,"column":2},"end":{"line":276,"column":3}},"type":"if","locations":[{"start":{"line":269,"column":2},"end":{"line":276,"column":3}},{"start":{"line":271,"column":9},"end":{"line":276,"column":3}}]},"36":{"loc":{"start":{"line":273,"column":4},"end":{"line":275,"column":5}},"type":"if","locations":[{"start":{"line":273,"column":4},"end":{"line":275,"column":5}},{"start":{},"end":{}}]},"37":{"loc":{"start":{"line":274,"column":22},"end":{"line":274,"column":69}},"type":"binary-expr","locations":[{"start":{"line":274,"column":22},"end":{"line":274,"column":44}},{"start":{"line":274,"column":48},"end":{"line":274,"column":69}}]},"38":{"loc":{"start":{"line":278,"column":2},"end":{"line":280,"column":3}},"type":"if","locations":[{"start":{"line":278,"column":2},"end":{"line":280,"column":3}},{"start":{},"end":{}}]},"39":{"loc":{"start":{"line":278,"column":6},"end":{"line":278,"column":35}},"type":"binary-expr","locations":[{"start":{"line":278,"column":6},"end":{"line":278,"column":10}},{"start":{"line":278,"column":14},"end":{"line":278,"column":35}}]},"40":{"loc":{"start":{"line":282,"column":2},"end":{"line":284,"column":3}},"type":"if","locations":[{"start":{"line":282,"column":2},"end":{"line":284,"column":3}},{"start":{},"end":{}}]},"41":{"loc":{"start":{"line":282,"column":6},"end":{"line":282,"column":56}},"type":"binary-expr","locations":[{"start":{"line":282,"column":6},"end":{"line":282,"column":17}},{"start":{"line":282,"column":21},"end":{"line":282,"column":56}}]}},"s":{"0":3,"1":22,"2":22,"3":3,"4":3,"5":16,"6":16,"7":4,"8":16,"9":6,"10":16,"11":4,"12":16,"13":3,"14":3,"15":18,"16":18,"17":3,"18":3,"19":0,"20":0,"21":0,"22":3,"23":3,"24":12,"25":3,"26":3,"27":0,"28":0,"29":0,"30":0,"31":0,"32":0,"33":0,"34":0,"35":0,"36":0,"37":0,"38":0,"39":0,"40":0,"41":0,"42":0,"43":0,"44":3,"45":3,"46":7,"47":7,"48":1,"49":6,"50":2,"51":7,"52":0,"53":7,"54":7,"55":2,"56":7,"57":3,"58":0,"59":3,"60":2,"61":7,"62":3,"63":3,"64":0,"65":0,"66":0,"67":0,"68":0,"69":0,"70":0,"71":0,"72":0,"73":0,"74":0,"75":0,"76":3,"77":3,"78":0,"79":0,"80":0,"81":0,"82":0,"83":3,"84":3,"85":0,"86":3,"87":3,"88":24,"89":24,"90":6,"91":18,"92":18,"93":18,"94":18,"95":287,"96":287,"97":143,"98":143,"99":53,"100":287,"101":287,"102":18,"103":3,"104":3,"105":13,"106":13,"107":4,"108":9,"109":9,"110":9,"111":9,"112":9,"113":2,"114":7,"115":3,"116":3,"117":14,"118":3,"119":3,"120":16,"121":3,"122":3,"123":8,"124":8,"125":3,"126":8,"127":1,"128":7,"129":7,"130":2,"131":8,"132":2,"133":8,"134":2,"135":8,"136":3},"f":{"0":22,"1":16,"2":18,"3":0,"4":12,"5":0,"6":7,"7":0,"8":0,"9":0,"10":24,"11":13,"12":14,"13":16,"14":8},"b":{"0":[22,11],"1":[4,12],"2":[6,10],"3":[4,12],"4":[12,7],"5":[0,0],"6":[0,0],"7":[0,0],"8":[0,0],"9":[0,0],"10":[0,0],"11":[0,0],"12":[0,0],"13":[1,6],"14":[2,4],"15":[0,7],"16":[2,5],"17":[3,4],"18":[0,3],"19":[2,1],"20":[0,0],"21":[0,0,0],"22":[0,0],"23":[0,0],"24":[0,0],"25":[0,0,0,0],"26":[6,18],"27":[143,144],"28":[53,90],"29":[4,9],"30":[2,7],"31":[9,7,6],"32":[16,12],"33":[3,5],"34":[8,7],"35":[1,7],"36":[2,5],"37":[2,0],"38":[2,6],"39":[8,8],"40":[2,6],"41":[8,8]}}
}
