TN:
SF:src/__tests__/setup.ts
FN:8,(anonymous_0)
FN:16,(anonymous_1)
FN:20,(anonymous_2)
FN:26,(anonymous_3)
FN:35,(anonymous_4)
FNF:5
FNH:0
FNDA:0,(anonymous_0)
FNDA:0,(anonymous_1)
FNDA:0,(anonymous_2)
FNDA:0,(anonymous_3)
FNDA:0,(anonymous_4)
DA:5,0
DA:8,0
DA:16,0
DA:20,0
DA:26,0
DA:35,0
DA:45,0
LF:7
LH:0
BRF:0
BRH:0
end_of_record
TN:
SF:src/config/api.ts
FN:27,(anonymous_1)
FN:36,(anonymous_2)
FN:52,(anonymous_3)
FN:57,(anonymous_4)
FN:76,(anonymous_5)
FN:133,(anonymous_6)
FNF:6
FNH:0
FNDA:0,(anonymous_1)
FNDA:0,(anonymous_2)
FNDA:0,(anonymous_3)
FNDA:0,(anonymous_4)
FNDA:0,(anonymous_5)
FNDA:0,(anonymous_6)
DA:1,2
DA:2,2
DA:3,2
DA:4,2
DA:6,2
DA:8,2
DA:9,2
DA:10,2
DA:12,2
DA:21,2
DA:27,2
DA:28,0
DA:29,0
DA:30,0
DA:31,0
DA:35,2
DA:37,0
DA:38,0
DA:39,0
DA:40,0
DA:44,0
DA:45,0
DA:46,0
DA:48,0
DA:50,0
DA:52,0
DA:56,2
DA:59,0
DA:60,0
DA:63,0
DA:64,0
DA:65,0
DA:66,0
DA:74,0
DA:77,0
DA:79,0
DA:80,0
DA:83,0
DA:84,0
DA:87,0
DA:88,0
DA:89,0
DA:90,0
DA:91,0
DA:96,0
DA:98,0
DA:102,0
DA:103,0
DA:105,0
DA:106,0
DA:113,0
DA:114,0
DA:115,0
DA:117,0
DA:118,0
DA:119,0
DA:121,0
DA:124,0
DA:133,0
DA:135,0
DA:139,0
DA:140,0
DA:141,0
DA:143,0
DA:157,0
DA:165,0
DA:169,2
LF:67
LH:14
BRDA:6,0,0,2
BRDA:6,0,1,2
BRDA:39,1,0,0
BRDA:39,1,1,0
BRDA:64,2,0,0
BRDA:64,2,1,0
BRDA:67,3,0,0
BRDA:67,3,1,0
BRDA:68,4,0,0
BRDA:68,4,1,0
BRDA:79,5,0,0
BRDA:79,5,1,0
BRDA:84,6,0,0
BRDA:84,6,1,0
BRDA:87,7,0,0
BRDA:87,7,1,0
BRDA:102,8,0,0
BRDA:102,8,1,0
BRDA:102,8,2,0
BRDA:105,9,0,0
BRDA:105,9,1,0
BRDA:105,10,0,0
BRDA:105,10,1,0
BRDA:114,11,0,0
BRDA:114,11,1,0
BRDA:115,12,0,0
BRDA:115,12,1,0
BRDA:115,12,2,0
BRDA:115,12,3,0
BRDA:117,13,0,0
BRDA:117,13,1,0
BRDA:141,14,0,0
BRDA:141,14,1,0
BRF:33
BRH:2
end_of_record
TN:
SF:src/config/firebase.ts
FNF:0
FNH:0
DA:1,0
DA:2,0
DA:3,0
DA:4,0
DA:9,0
DA:19,0
DA:22,0
DA:25,0
DA:28,0
DA:30,0
LF:10
LH:0
BRF:0
BRH:0
end_of_record
TN:
SF:src/constants/Colors.ts
FNF:0
FNH:0
DA:1,0
LF:1
LH:0
BRF:0
BRH:0
end_of_record
TN:
SF:src/constants/Data.ts
FNF:0
FNH:0
DA:1,1
DA:10,1
DA:17,1
LF:3
LH:3
BRF:0
BRH:0
end_of_record
TN:
SF:src/constants/Messages.ts
FN:112,(anonymous_0)
FNF:1
FNH:0
FNDA:0,(anonymous_0)
DA:6,0
DA:112,0
DA:113,0
DA:131,0
LF:4
LH:0
BRDA:112,0,0,0
BRDA:131,1,0,0
BRDA:131,1,1,0
BRF:3
BRH:0
end_of_record
TN:
SF:src/hooks/useAPI.ts
FN:21,(anonymous_0)
FN:35,(anonymous_1)
FN:74,(anonymous_2)
FN:78,(anonymous_3)
FN:79,(anonymous_4)
FN:93,(anonymous_5)
FN:105,(anonymous_6)
FN:148,(anonymous_7)
FNF:8
FNH:0
FNDA:0,(anonymous_0)
FNDA:0,(anonymous_1)
FNDA:0,(anonymous_2)
FNDA:0,(anonymous_3)
FNDA:0,(anonymous_4)
FNDA:0,(anonymous_5)
FNDA:0,(anonymous_6)
FNDA:0,(anonymous_7)
DA:1,0
DA:2,0
DA:3,0
DA:21,0
DA:25,0
DA:31,0
DA:32,0
DA:34,0
DA:36,0
DA:37,0
DA:39,0
DA:40,0
DA:41,0
DA:43,0
DA:44,0
DA:47,0
DA:48,0
DA:51,0
DA:52,0
DA:55,0
DA:57,0
DA:58,0
DA:60,0
DA:61,0
DA:64,0
DA:65,0
DA:68,0
DA:74,0
DA:75,0
DA:78,0
DA:79,0
DA:82,0
DA:93,0
DA:97,0
DA:103,0
DA:105,0
DA:106,0
DA:108,0
DA:109,0
DA:111,0
DA:112,0
DA:113,0
DA:114,0
DA:116,0
DA:117,0
DA:121,0
DA:123,0
DA:124,0
DA:127,0
DA:128,0
DA:131,0
DA:133,0
DA:134,0
DA:136,0
DA:137,0
DA:140,0
DA:141,0
DA:144,0
DA:148,0
DA:149,0
DA:152,0
LF:61
LH:0
BRDA:23,0,0,0
BRDA:43,1,0,0
BRDA:43,1,1,0
BRDA:47,2,0,0
BRDA:47,2,1,0
BRDA:51,3,0,0
BRDA:51,3,1,0
BRDA:57,4,0,0
BRDA:57,4,1,0
BRDA:60,5,0,0
BRDA:60,5,1,0
BRDA:64,6,0,0
BRDA:64,6,1,0
BRDA:95,7,0,0
BRDA:116,8,0,0
BRDA:116,8,1,0
BRDA:123,9,0,0
BRDA:123,9,1,0
BRDA:127,10,0,0
BRDA:127,10,1,0
BRDA:133,11,0,0
BRDA:133,11,1,0
BRDA:136,12,0,0
BRDA:136,12,1,0
BRDA:140,13,0,0
BRDA:140,13,1,0
BRDA:153,14,0,0
BRDA:153,14,1,0
BRF:28
BRH:0
end_of_record
TN:
SF:src/hooks/useAPIWithErrorHandling.ts
FN:20,(anonymous_0)
FN:28,(anonymous_1)
FN:90,(anonymous_2)
FN:168,(anonymous_3)
FNF:4
FNH:0
FNDA:0,(anonymous_0)
FNDA:0,(anonymous_1)
FNDA:0,(anonymous_2)
FNDA:0,(anonymous_3)
DA:7,0
DA:8,0
DA:9,0
DA:10,0
DA:20,0
DA:21,0
DA:22,0
DA:27,0
DA:36,0
DA:37,0
DA:39,0
DA:40,0
DA:41,0
DA:50,0
DA:53,0
DA:54,0
DA:58,0
DA:65,0
DA:66,0
DA:72,0
DA:80,0
DA:89,0
DA:104,0
DA:106,0
DA:107,0
DA:109,0
DA:110,0
DA:111,0
DA:112,0
DA:120,0
DA:121,0
DA:124,0
DA:125,0
DA:126,0
DA:129,0
DA:139,0
DA:140,0
DA:141,0
DA:147,0
DA:153,0
DA:163,0
DA:168,0
DA:169,0
DA:174,0
DA:185,0
LF:45
LH:0
BRDA:37,0,0,0
BRDA:37,1,0,0
BRDA:37,2,0,0
BRDA:37,2,1,0
BRDA:53,3,0,0
BRDA:53,3,1,0
BRDA:60,4,0,0
BRDA:60,4,1,0
BRDA:65,5,0,0
BRDA:65,5,1,0
BRDA:65,6,0,0
BRDA:65,6,1,0
BRDA:65,6,2,0
BRDA:76,7,0,0
BRDA:76,7,1,0
BRDA:100,8,0,0
BRDA:101,9,0,0
BRDA:102,10,0,0
BRDA:104,11,0,0
BRDA:104,11,1,0
BRDA:124,12,0,0
BRDA:124,12,1,0
BRDA:125,13,0,0
BRDA:125,13,1,0
BRDA:139,14,0,0
BRDA:139,14,1,0
BRDA:140,15,0,0
BRDA:140,15,1,0
BRDA:149,16,0,0
BRDA:149,16,1,0
BRF:30
BRH:0
end_of_record
TN:
SF:src/hooks/useAnalytics.ts
FN:9,(anonymous_0)
FN:10,(anonymous_1)
FN:14,(anonymous_2)
FN:18,(anonymous_3)
FN:25,(anonymous_4)
FN:29,(anonymous_5)
FNF:6
FNH:0
FNDA:0,(anonymous_0)
FNDA:0,(anonymous_1)
FNDA:0,(anonymous_2)
FNDA:0,(anonymous_3)
FNDA:0,(anonymous_4)
FNDA:0,(anonymous_5)
DA:1,0
DA:2,0
DA:9,0
DA:10,0
DA:11,0
DA:14,0
DA:15,0
DA:18,0
DA:22,0
DA:25,0
DA:26,0
DA:29,0
DA:30,0
DA:33,0
LF:14
LH:0
BRF:0
BRH:0
end_of_record
TN:
SF:src/hooks/useAnimatedValue.ts
FN:8,(anonymous_0)
FN:11,(anonymous_1)
FN:12,(anonymous_2)
FN:17,(anonymous_3)
FN:23,(anonymous_4)
FN:30,(anonymous_5)
FN:39,(anonymous_6)
FNF:7
FNH:0
FNDA:0,(anonymous_0)
FNDA:0,(anonymous_1)
FNDA:0,(anonymous_2)
FNDA:0,(anonymous_3)
FNDA:0,(anonymous_4)
FNDA:0,(anonymous_5)
FNDA:0,(anonymous_6)
DA:5,0
DA:6,0
DA:8,0
DA:9,0
DA:11,0
DA:12,0
DA:13,0
DA:18,0
DA:23,0
DA:24,0
DA:30,0
DA:31,0
DA:34,0
DA:39,0
LF:14
LH:0
BRDA:8,0,0,0
BRDA:11,1,0,0
BRDA:11,2,0,0
BRDA:18,3,0,0
BRDA:18,3,1,0
BRF:5
BRH:0
end_of_record
TN:
SF:src/hooks/useAsync.ts
FN:31,(anonymous_0)
FN:58,(anonymous_1)
FN:59,(anonymous_2)
FN:65,(anonymous_3)
FN:77,(anonymous_4)
FN:92,(anonymous_5)
FN:99,(anonymous_6)
FN:104,(anonymous_7)
FNF:8
FNH:0
FNDA:0,(anonymous_0)
FNDA:0,(anonymous_1)
FNDA:0,(anonymous_2)
FNDA:0,(anonymous_3)
FNDA:0,(anonymous_4)
FNDA:0,(anonymous_5)
FNDA:0,(anonymous_6)
FNDA:0,(anonymous_7)
DA:3,0
DA:31,0
DA:41,0
DA:43,0
DA:55,0
DA:57,0
DA:59,0
DA:61,0
DA:62,0
DA:64,0
DA:65,0
DA:71,0
DA:74,0
DA:76,0
DA:77,0
DA:83,0
DA:86,0
DA:92,0
DA:93,0
DA:95,0
DA:96,0
DA:99,0
DA:100,0
DA:104,0
DA:105,0
DA:113,0
LF:26
LH:0
BRDA:33,0,0,0
BRDA:39,1,0,0
BRDA:40,2,0,0
BRDA:64,3,0,0
BRDA:64,3,1,0
BRDA:74,4,0,0
BRDA:74,4,1,0
BRDA:76,5,0,0
BRDA:76,5,1,0
BRDA:95,6,0,0
BRDA:95,6,1,0
BRF:11
BRH:0
end_of_record
TN:
SF:src/hooks/useAsyncOperation.ts
FN:37,(anonymous_0)
FN:50,(anonymous_1)
FN:66,(anonymous_2)
FN:99,(anonymous_3)
FN:101,(anonymous_4)
FN:134,(anonymous_5)
FN:135,(anonymous_6)
FN:142,(anonymous_7)
FNF:8
FNH:0
FNDA:0,(anonymous_0)
FNDA:0,(anonymous_1)
FNDA:0,(anonymous_2)
FNDA:0,(anonymous_3)
FNDA:0,(anonymous_4)
FNDA:0,(anonymous_5)
FNDA:0,(anonymous_6)
FNDA:0,(anonymous_7)
DA:3,0
DA:4,0
DA:37,0
DA:38,0
DA:46,0
DA:47,0
DA:49,0
DA:54,0
DA:56,0
DA:65,0
DA:66,0
DA:67,0
DA:68,0
DA:69,0
DA:70,0
DA:77,0
DA:82,0
DA:83,0
DA:85,0
DA:87,0
DA:96,0
DA:99,0
DA:100,0
DA:101,0
DA:109,0
DA:111,0
DA:113,0
DA:115,0
DA:123,0
DA:124,0
DA:126,0
DA:127,0
DA:134,0
DA:135,0
DA:142,0
DA:143,0
DA:152,0
DA:160,0
LF:38
LH:0
BRDA:65,0,0,0
BRDA:65,0,1,0
BRDA:67,1,0,0
BRDA:67,1,1,0
BRDA:85,2,0,0
BRDA:85,2,1,0
BRDA:100,3,0,0
BRDA:100,3,1,0
BRDA:111,4,0,0
BRDA:111,4,1,0
BRDA:126,5,0,0
BRDA:126,5,1,0
BRF:12
BRH:0
end_of_record
TN:
SF:src/hooks/useAsyncState.ts
FN:8,(anonymous_0)
FN:15,(anonymous_1)
FN:46,(anonymous_2)
FN:52,(anonymous_3)
FNF:4
FNH:0
FNDA:0,(anonymous_0)
FNDA:0,(anonymous_1)
FNDA:0,(anonymous_2)
FNDA:0,(anonymous_3)
DA:1,0
DA:8,0
DA:9,0
DA:10,0
DA:11,0
DA:12,0
DA:14,0
DA:16,0
DA:17,0
DA:19,0
DA:20,0
DA:22,0
DA:23,0
DA:24,0
DA:27,0
DA:29,0
DA:31,0
DA:32,0
DA:33,0
DA:36,0
DA:38,0
DA:39,0
DA:46,0
DA:47,0
DA:48,0
DA:49,0
DA:52,0
DA:53,0
DA:56,0
LF:29
LH:0
BRDA:8,0,0,0
BRDA:22,1,0,0
BRDA:22,1,1,0
BRDA:29,2,0,0
BRDA:29,2,1,0
BRDA:31,3,0,0
BRDA:31,3,1,0
BRDA:38,4,0,0
BRDA:38,4,1,0
BRDA:63,5,0,0
BRDA:63,5,1,0
BRDA:63,5,2,0
BRF:12
BRH:0
end_of_record
TN:
SF:src/hooks/useAsyncStorage.ts
FN:19,(anonymous_1)
FN:22,(anonymous_2)
FN:23,(anonymous_3)
FN:30,(anonymous_4)
FN:31,(anonymous_5)
FN:53,(anonymous_6)
FN:70,(anonymous_7)
FNF:7
FNH:0
FNDA:0,(anonymous_1)
FNDA:0,(anonymous_2)
FNDA:0,(anonymous_3)
FNDA:0,(anonymous_4)
FNDA:0,(anonymous_5)
FNDA:0,(anonymous_6)
FNDA:0,(anonymous_7)
DA:1,0
DA:2,0
DA:19,0
DA:22,0
DA:23,0
DA:25,0
DA:26,0
DA:27,0
DA:30,0
DA:31,0
DA:32,0
DA:33,0
DA:34,0
DA:36,0
DA:37,0
DA:38,0
DA:39,0
DA:42,0
DA:43,0
DA:44,0
DA:46,0
DA:50,0
DA:53,0
DA:54,0
DA:55,0
DA:57,0
DA:58,0
DA:60,0
DA:61,0
DA:64,0
DA:65,0
DA:66,0
DA:70,0
DA:71,0
DA:72,0
DA:73,0
DA:75,0
DA:76,0
DA:77,0
DA:81,0
LF:40
LH:0
BRDA:22,0,0,0
BRDA:23,1,0,0
BRDA:25,2,0,0
BRDA:25,2,1,0
BRDA:36,3,0,0
BRDA:36,3,1,0
BRDA:38,4,0,0
BRDA:38,4,1,0
BRDA:42,5,0,0
BRDA:42,5,1,0
BRDA:57,6,0,0
BRDA:57,6,1,0
BRDA:64,7,0,0
BRDA:64,7,1,0
BRDA:75,8,0,0
BRDA:75,8,1,0
BRF:16
BRH:0
end_of_record
TN:
SF:src/hooks/useAuth.ts
FN:2,(anonymous_0)
FNF:1
FNH:0
FNDA:0,(anonymous_0)
DA:2,0
LF:1
LH:0
BRF:0
BRH:0
end_of_record
TN:
SF:src/hooks/useBooking.ts
FN:2,(anonymous_0)
FNF:1
FNH:0
FNDA:0,(anonymous_0)
DA:2,0
LF:1
LH:0
BRF:0
BRH:0
end_of_record
TN:
SF:src/hooks/useBookingAPI.ts
FN:17,(anonymous_0)
FN:29,(anonymous_1)
FN:30,(anonymous_2)
FN:33,(anonymous_3)
FN:37,(anonymous_4)
FN:47,(anonymous_5)
FN:48,(anonymous_6)
FN:52,(anonymous_7)
FN:56,(anonymous_8)
FN:67,(anonymous_9)
FN:74,(anonymous_10)
FN:77,(anonymous_11)
FN:88,(anonymous_12)
FN:101,(anonymous_13)
FN:102,(anonymous_14)
FN:105,(anonymous_15)
FN:108,(anonymous_16)
FN:116,(anonymous_17)
FN:129,(anonymous_18)
FN:130,(anonymous_19)
FN:133,(anonymous_20)
FN:135,(anonymous_21)
FN:143,(anonymous_22)
FN:156,(anonymous_23)
FN:157,(anonymous_24)
FN:160,(anonymous_25)
FN:163,(anonymous_26)
FN:171,(anonymous_27)
FN:183,(anonymous_28)
FN:184,(anonymous_29)
FNF:30
FNH:0
FNDA:0,(anonymous_0)
FNDA:0,(anonymous_1)
FNDA:0,(anonymous_2)
FNDA:0,(anonymous_3)
FNDA:0,(anonymous_4)
FNDA:0,(anonymous_5)
FNDA:0,(anonymous_6)
FNDA:0,(anonymous_7)
FNDA:0,(anonymous_8)
FNDA:0,(anonymous_9)
FNDA:0,(anonymous_10)
FNDA:0,(anonymous_11)
FNDA:0,(anonymous_12)
FNDA:0,(anonymous_13)
FNDA:0,(anonymous_14)
FNDA:0,(anonymous_15)
FNDA:0,(anonymous_16)
FNDA:0,(anonymous_17)
FNDA:0,(anonymous_18)
FNDA:0,(anonymous_19)
FNDA:0,(anonymous_20)
FNDA:0,(anonymous_21)
FNDA:0,(anonymous_22)
FNDA:0,(anonymous_23)
FNDA:0,(anonymous_24)
FNDA:0,(anonymous_25)
FNDA:0,(anonymous_26)
FNDA:0,(anonymous_27)
FNDA:0,(anonymous_28)
FNDA:0,(anonymous_29)
DA:5,0
DA:6,0
DA:7,0
DA:8,0
DA:17,0
DA:18,0
DA:19,0
DA:29,0
DA:30,0
DA:31,0
DA:32,0
DA:33,0
DA:34,0
DA:36,0
DA:37,0
DA:38,0
DA:39,0
DA:40,0
DA:47,0
DA:48,0
DA:49,0
DA:50,0
DA:51,0
DA:52,0
DA:53,0
DA:55,0
DA:56,0
DA:57,0
DA:58,0
DA:59,0
DA:66,0
DA:74,0
DA:75,0
DA:76,0
DA:77,0
DA:83,0
DA:84,0
DA:85,0
DA:87,0
DA:88,0
DA:89,0
DA:90,0
DA:91,0
DA:100,0
DA:102,0
DA:103,0
DA:104,0
DA:105,0
DA:108,0
DA:111,0
DA:112,0
DA:113,0
DA:115,0
DA:116,0
DA:117,0
DA:118,0
DA:119,0
DA:128,0
DA:130,0
DA:131,0
DA:132,0
DA:133,0
DA:135,0
DA:139,0
DA:140,0
DA:142,0
DA:143,0
DA:144,0
DA:145,0
DA:146,0
DA:155,0
DA:157,0
DA:158,0
DA:159,0
DA:160,0
DA:163,0
DA:166,0
DA:167,0
DA:168,0
DA:170,0
DA:171,0
DA:172,0
DA:173,0
DA:174,0
DA:183,0
DA:184,0
DA:187,0
LF:87
LH:0
BRDA:36,0,0,0
BRDA:36,0,1,0
BRDA:51,1,0,0
BRDA:51,1,1,0
BRDA:55,2,0,0
BRDA:55,2,1,0
BRDA:87,3,0,0
BRDA:87,3,1,0
BRDA:108,4,0,0
BRDA:108,4,1,0
BRDA:115,5,0,0
BRDA:115,5,1,0
BRDA:136,6,0,0
BRDA:136,6,1,0
BRDA:142,7,0,0
BRDA:142,7,1,0
BRDA:163,8,0,0
BRDA:163,8,1,0
BRDA:170,9,0,0
BRDA:170,9,1,0
BRF:20
BRH:0
end_of_record
TN:
SF:src/hooks/useBookingFlow.ts
FN:20,(anonymous_0)
FN:34,(anonymous_1)
FN:38,(anonymous_2)
FN:47,(anonymous_3)
FN:53,(anonymous_4)
FN:58,(anonymous_5)
FN:73,(anonymous_6)
FN:89,(anonymous_7)
FN:90,(anonymous_8)
FN:96,(anonymous_9)
FN:97,(anonymous_10)
FN:103,(anonymous_11)
FN:118,(anonymous_12)
FN:130,(anonymous_13)
FNF:14
FNH:0
FNDA:0,(anonymous_0)
FNDA:0,(anonymous_1)
FNDA:0,(anonymous_2)
FNDA:0,(anonymous_3)
FNDA:0,(anonymous_4)
FNDA:0,(anonymous_5)
FNDA:0,(anonymous_6)
FNDA:0,(anonymous_7)
FNDA:0,(anonymous_8)
FNDA:0,(anonymous_9)
FNDA:0,(anonymous_10)
FNDA:0,(anonymous_11)
FNDA:0,(anonymous_12)
FNDA:0,(anonymous_13)
DA:6,0
DA:7,0
DA:8,0
DA:9,0
DA:11,0
DA:20,0
DA:21,0
DA:22,0
DA:23,0
DA:24,0
DA:34,0
DA:35,0
DA:37,0
DA:38,0
DA:39,0
DA:40,0
DA:44,0
DA:45,0
DA:46,0
DA:47,0
DA:48,0
DA:49,0
DA:50,0
DA:53,0
DA:56,0
DA:58,0
DA:65,0
DA:66,0
DA:68,0
DA:71,0
DA:73,0
DA:79,0
DA:80,0
DA:82,0
DA:89,0
DA:90,0
DA:96,0
DA:97,0
DA:103,0
DA:104,0
DA:106,0
DA:107,0
DA:108,0
DA:109,0
DA:110,0
DA:112,0
DA:118,0
DA:119,0
DA:130,0
DA:131,0
DA:132,0
DA:134,0
DA:135,0
DA:136,0
DA:137,0
DA:139,0
DA:142,0
LF:57
LH:0
BRDA:37,0,0,0
BRDA:37,0,1,0
BRDA:45,1,0,0
BRDA:45,1,1,0
BRDA:71,2,0,0
BRDA:71,2,1,0
BRDA:106,3,0,0
BRDA:106,3,1,0
BRDA:107,4,0,0
BRDA:107,4,1,0
BRDA:108,5,0,0
BRDA:108,5,1,0
BRDA:109,6,0,0
BRDA:109,6,1,0
BRDA:110,7,0,0
BRDA:110,7,1,0
BRDA:120,8,0,0
BRDA:120,8,1,0
BRDA:120,8,2,0
BRDA:120,8,3,0
BRDA:134,9,0,0
BRDA:134,9,1,0
BRDA:135,10,0,0
BRDA:135,10,1,0
BRDA:136,11,0,0
BRDA:136,11,1,0
BRDA:137,12,0,0
BRDA:137,12,1,0
BRF:28
BRH:0
end_of_record
TN:
SF:src/hooks/useBookingPersistence.ts
FN:33,(anonymous_1)
FN:43,(anonymous_2)
FN:58,(anonymous_3)
FN:74,(anonymous_4)
FN:85,(anonymous_5)
FN:96,(anonymous_6)
FN:103,(anonymous_7)
FNF:7
FNH:0
FNDA:0,(anonymous_1)
FNDA:0,(anonymous_2)
FNDA:0,(anonymous_3)
FNDA:0,(anonymous_4)
FNDA:0,(anonymous_5)
FNDA:0,(anonymous_6)
FNDA:0,(anonymous_7)
DA:3,0
DA:4,0
DA:5,0
DA:6,0
DA:33,0
DA:38,0
DA:40,0
DA:43,0
DA:44,0
DA:45,0
DA:47,0
DA:50,0
DA:51,0
DA:53,0
DA:58,0
DA:59,0
DA:60,0
DA:61,0
DA:62,0
DA:63,0
DA:64,0
DA:65,0
DA:68,0
DA:70,0
DA:74,0
DA:75,0
DA:76,0
DA:77,0
DA:78,0
DA:80,0
DA:85,0
DA:86,0
DA:87,0
DA:88,0
DA:90,0
DA:91,0
DA:96,0
DA:97,0
DA:98,0
DA:103,0
DA:104,0
DA:105,0
DA:109,0
DA:118,0
LF:44
LH:0
BRDA:33,0,0,0
BRDA:35,1,0,0
BRDA:36,2,0,0
BRDA:37,3,0,0
BRDA:45,4,0,0
BRDA:45,4,1,0
BRDA:45,5,0,0
BRDA:45,5,1,0
BRDA:45,5,2,0
BRDA:61,6,0,0
BRDA:61,6,1,0
BRDA:97,7,0,0
BRDA:97,7,1,0
BRDA:104,8,0,0
BRDA:104,8,1,0
BRF:15
BRH:0
end_of_record
TN:
SF:src/hooks/useBookingValidation.ts
FN:33,(anonymous_0)
FN:44,(anonymous_1)
FN:46,(anonymous_2)
FN:50,(anonymous_3)
FN:54,(anonymous_4)
FN:55,(anonymous_5)
FN:59,(anonymous_6)
FN:61,(anonymous_7)
FN:65,(anonymous_8)
FN:69,(anonymous_9)
FN:70,(anonymous_10)
FN:74,(anonymous_11)
FN:76,(anonymous_12)
FN:80,(anonymous_13)
FN:86,(anonymous_14)
FN:90,(anonymous_15)
FN:100,(anonymous_16)
FN:104,(anonymous_17)
FN:113,(anonymous_18)
FN:117,(anonymous_19)
FN:121,(anonymous_20)
FN:122,(anonymous_21)
FN:126,(anonymous_22)
FN:128,(anonymous_23)
FN:132,(anonymous_24)
FN:138,(anonymous_25)
FN:142,(anonymous_26)
FN:149,(anonymous_27)
FN:153,(anonymous_28)
FN:157,(anonymous_29)
FN:158,(anonymous_30)
FN:162,(anonymous_31)
FN:164,(anonymous_32)
FN:165,(anonymous_33)
FN:170,(anonymous_34)
FN:174,(anonymous_35)
FN:178,(anonymous_36)
FN:179,(anonymous_37)
FN:184,(anonymous_38)
FN:208,(anonymous_39)
FN:219,(anonymous_40)
FNF:41
FNH:0
FNDA:0,(anonymous_0)
FNDA:0,(anonymous_1)
FNDA:0,(anonymous_2)
FNDA:0,(anonymous_3)
FNDA:0,(anonymous_4)
FNDA:0,(anonymous_5)
FNDA:0,(anonymous_6)
FNDA:0,(anonymous_7)
FNDA:0,(anonymous_8)
FNDA:0,(anonymous_9)
FNDA:0,(anonymous_10)
FNDA:0,(anonymous_11)
FNDA:0,(anonymous_12)
FNDA:0,(anonymous_13)
FNDA:0,(anonymous_14)
FNDA:0,(anonymous_15)
FNDA:0,(anonymous_16)
FNDA:0,(anonymous_17)
FNDA:0,(anonymous_18)
FNDA:0,(anonymous_19)
FNDA:0,(anonymous_20)
FNDA:0,(anonymous_21)
FNDA:0,(anonymous_22)
FNDA:0,(anonymous_23)
FNDA:0,(anonymous_24)
FNDA:0,(anonymous_25)
FNDA:0,(anonymous_26)
FNDA:0,(anonymous_27)
FNDA:0,(anonymous_28)
FNDA:0,(anonymous_29)
FNDA:0,(anonymous_30)
FNDA:0,(anonymous_31)
FNDA:0,(anonymous_32)
FNDA:0,(anonymous_33)
FNDA:0,(anonymous_34)
FNDA:0,(anonymous_35)
FNDA:0,(anonymous_36)
FNDA:0,(anonymous_37)
FNDA:0,(anonymous_38)
FNDA:0,(anonymous_39)
FNDA:0,(anonymous_40)
DA:3,0
DA:4,0
DA:33,0
DA:34,0
DA:42,0
DA:44,0
DA:45,0
DA:46,0
DA:50,0
DA:51,0
DA:54,0
DA:55,0
DA:56,0
DA:59,0
DA:60,0
DA:61,0
DA:65,0
DA:66,0
DA:69,0
DA:70,0
DA:71,0
DA:74,0
DA:75,0
DA:76,0
DA:80,0
DA:81,0
DA:85,0
DA:86,0
DA:90,0
DA:91,0
DA:95,0
DA:96,0
DA:97,0
DA:99,0
DA:100,0
DA:104,0
DA:105,0
DA:109,0
DA:110,0
DA:112,0
DA:113,0
DA:117,0
DA:118,0
DA:121,0
DA:122,0
DA:123,0
DA:126,0
DA:127,0
DA:128,0
DA:132,0
DA:133,0
DA:137,0
DA:138,0
DA:142,0
DA:143,0
DA:147,0
DA:148,0
DA:149,0
DA:153,0
DA:154,0
DA:157,0
DA:158,0
DA:159,0
DA:162,0
DA:163,0
DA:164,0
DA:165,0
DA:166,0
DA:169,0
DA:170,0
DA:174,0
DA:175,0
DA:178,0
DA:179,0
DA:180,0
DA:183,0
DA:191,0
DA:192,0
DA:193,0
DA:194,0
DA:195,0
DA:197,0
DA:208,0
DA:209,0
DA:210,0
DA:219,0
DA:220,0
DA:229,0
LF:88
LH:0
BRDA:45,0,0,0
BRDA:45,0,1,0
BRDA:45,1,0,0
BRDA:45,1,1,0
BRDA:60,2,0,0
BRDA:60,2,1,0
BRDA:60,3,0,0
BRDA:60,3,1,0
BRDA:75,4,0,0
BRDA:75,4,1,0
BRDA:85,5,0,0
BRDA:85,5,1,0
BRDA:99,6,0,0
BRDA:99,6,1,0
BRDA:112,7,0,0
BRDA:112,7,1,0
BRDA:127,8,0,0
BRDA:127,8,1,0
BRDA:137,9,0,0
BRDA:137,9,1,0
BRDA:148,10,0,0
BRDA:148,10,1,0
BRDA:148,11,0,0
BRDA:148,11,1,0
BRDA:148,11,2,0
BRDA:148,11,3,0
BRDA:163,12,0,0
BRDA:163,12,1,0
BRDA:169,13,0,0
BRDA:169,13,1,0
BRDA:193,14,0,0
BRDA:193,14,1,0
BRDA:194,15,0,0
BRDA:194,15,1,0
BRDA:195,16,0,0
BRDA:195,16,1,0
BRDA:198,17,0,0
BRDA:198,17,1,0
BRDA:198,17,2,0
BRDA:198,17,3,0
BRDA:198,17,4,0
BRDA:221,18,0,0
BRDA:221,18,1,0
BRDA:221,18,2,0
BRDA:221,18,3,0
BRDA:221,18,4,0
BRF:46
BRH:0
end_of_record
TN:
SF:src/hooks/useCache.ts
FN:13,(anonymous_0)
FN:17,(anonymous_1)
FN:27,(anonymous_2)
FN:43,(anonymous_3)
FN:47,(anonymous_4)
FN:51,(anonymous_5)
FN:56,(anonymous_6)
FN:84,(anonymous_7)
FN:86,(anonymous_8)
FN:96,(anonymous_9)
FN:112,(anonymous_10)
FN:116,(anonymous_11)
FN:120,(anonymous_12)
FN:125,(anonymous_13)
FNF:14
FNH:0
FNDA:0,(anonymous_0)
FNDA:0,(anonymous_1)
FNDA:0,(anonymous_2)
FNDA:0,(anonymous_3)
FNDA:0,(anonymous_4)
FNDA:0,(anonymous_5)
FNDA:0,(anonymous_6)
FNDA:0,(anonymous_7)
FNDA:0,(anonymous_8)
FNDA:0,(anonymous_9)
FNDA:0,(anonymous_10)
FNDA:0,(anonymous_11)
FNDA:0,(anonymous_12)
FNDA:0,(anonymous_13)
DA:1,0
DA:13,0
DA:14,0
DA:16,0
DA:18,0
DA:27,0
DA:28,0
DA:30,0
DA:31,0
DA:34,0
DA:35,0
DA:36,0
DA:37,0
DA:40,0
DA:43,0
DA:44,0
DA:47,0
DA:48,0
DA:51,0
DA:52,0
DA:55,0
DA:57,0
DA:58,0
DA:59,0
DA:62,0
DA:63,0
DA:64,0
DA:69,0
DA:82,0
DA:84,0
DA:85,0
DA:87,0
DA:96,0
DA:97,0
DA:99,0
DA:100,0
DA:103,0
DA:104,0
DA:105,0
DA:106,0
DA:109,0
DA:112,0
DA:113,0
DA:116,0
DA:117,0
DA:120,0
DA:121,0
DA:124,0
DA:126,0
DA:127,0
DA:128,0
DA:131,0
DA:132,0
DA:133,0
DA:138,0
LF:55
LH:0
BRDA:13,0,0,0
BRDA:30,1,0,0
BRDA:30,1,1,0
BRDA:35,2,0,0
BRDA:35,2,1,0
BRDA:58,3,0,0
BRDA:58,3,1,0
BRDA:84,4,0,0
BRDA:99,5,0,0
BRDA:99,5,1,0
BRDA:104,6,0,0
BRDA:104,6,1,0
BRDA:127,7,0,0
BRDA:127,7,1,0
BRF:14
BRH:0
end_of_record
TN:
SF:src/hooks/useDataAPI.ts
FN:19,(anonymous_0)
FN:26,(anonymous_1)
FN:27,(anonymous_2)
FN:30,(anonymous_3)
FN:41,(anonymous_4)
FN:51,(anonymous_5)
FN:56,(anonymous_6)
FN:57,(anonymous_7)
FN:85,(anonymous_8)
FN:93,(anonymous_9)
FN:94,(anonymous_10)
FN:104,(anonymous_11)
FN:116,(anonymous_12)
FN:126,(anonymous_13)
FN:131,(anonymous_14)
FN:132,(anonymous_15)
FN:138,(anonymous_16)
FN:139,(anonymous_17)
FN:145,(anonymous_18)
FN:148,(anonymous_19)
FN:177,(anonymous_20)
FN:184,(anonymous_21)
FN:185,(anonymous_22)
FN:192,(anonymous_23)
FN:210,(anonymous_24)
FN:221,(anonymous_25)
FN:228,(anonymous_26)
FNF:27
FNH:0
FNDA:0,(anonymous_0)
FNDA:0,(anonymous_1)
FNDA:0,(anonymous_2)
FNDA:0,(anonymous_3)
FNDA:0,(anonymous_4)
FNDA:0,(anonymous_5)
FNDA:0,(anonymous_6)
FNDA:0,(anonymous_7)
FNDA:0,(anonymous_8)
FNDA:0,(anonymous_9)
FNDA:0,(anonymous_10)
FNDA:0,(anonymous_11)
FNDA:0,(anonymous_12)
FNDA:0,(anonymous_13)
FNDA:0,(anonymous_14)
FNDA:0,(anonymous_15)
FNDA:0,(anonymous_16)
FNDA:0,(anonymous_17)
FNDA:0,(anonymous_18)
FNDA:0,(anonymous_19)
FNDA:0,(anonymous_20)
FNDA:0,(anonymous_21)
FNDA:0,(anonymous_22)
FNDA:0,(anonymous_23)
FNDA:0,(anonymous_24)
FNDA:0,(anonymous_25)
FNDA:0,(anonymous_26)
DA:5,0
DA:6,0
DA:7,0
DA:19,0
DA:20,0
DA:26,0
DA:27,0
DA:28,0
DA:29,0
DA:30,0
DA:36,0
DA:37,0
DA:39,0
DA:40,0
DA:41,0
DA:47,0
DA:51,0
DA:52,0
DA:55,0
DA:57,0
DA:62,0
DA:85,0
DA:86,0
DA:93,0
DA:94,0
DA:95,0
DA:96,0
DA:98,0
DA:99,0
DA:101,0
DA:104,0
DA:111,0
DA:112,0
DA:114,0
DA:115,0
DA:116,0
DA:122,0
DA:126,0
DA:127,0
DA:130,0
DA:132,0
DA:137,0
DA:139,0
DA:144,0
DA:146,0
DA:147,0
DA:149,0
DA:156,0
DA:177,0
DA:178,0
DA:184,0
DA:185,0
DA:186,0
DA:187,0
DA:192,0
DA:198,0
DA:202,0
DA:204,0
DA:205,0
DA:210,0
DA:216,0
DA:220,0
DA:222,0
DA:227,0
DA:229,0
DA:230,0
DA:235,0
LF:67
LH:0
BRDA:39,0,0,0
BRDA:39,0,1,0
BRDA:98,1,0,0
BRDA:98,1,1,0
BRDA:114,2,0,0
BRDA:114,2,1,0
BRDA:149,3,0,0
BRDA:149,3,1,0
BRDA:204,4,0,0
BRDA:204,4,1,0
BRDA:222,5,0,0
BRDA:222,5,1,0
BRF:12
BRH:0
end_of_record
TN:
SF:src/hooks/useDebounce.ts
FN:7,(anonymous_0)
FN:10,(anonymous_1)
FN:11,(anonymous_2)
FN:15,(anonymous_3)
FNF:4
FNH:0
FNDA:0,(anonymous_0)
FNDA:0,(anonymous_1)
FNDA:0,(anonymous_2)
FNDA:0,(anonymous_3)
DA:5,0
DA:7,0
DA:8,0
DA:10,0
DA:11,0
DA:12,0
DA:15,0
DA:18,0
LF:8
LH:0
BRDA:7,0,0,0
BRF:1
BRH:0
end_of_record
TN:
SF:src/hooks/useDebounceCallback.ts
FN:7,(anonymous_0)
FN:13,(anonymous_1)
FN:14,(anonymous_2)
FN:22,(anonymous_3)
FN:27,(anonymous_4)
FNF:5
FNH:0
FNDA:0,(anonymous_0)
FNDA:0,(anonymous_1)
FNDA:0,(anonymous_2)
FNDA:0,(anonymous_3)
FNDA:0,(anonymous_4)
DA:5,0
DA:7,0
DA:11,0
DA:13,0
DA:14,0
DA:15,0
DA:16,0
DA:21,0
DA:23,0
DA:24,0
DA:27,0
DA:28,0
LF:12
LH:0
BRDA:9,0,0,0
BRDA:15,1,0,0
BRDA:15,1,1,0
BRDA:23,2,0,0
BRDA:23,2,1,0
BRF:5
BRH:0
end_of_record
TN:
SF:src/hooks/useErrorHandler.ts
FN:17,(anonymous_0)
FN:20,(anonymous_1)
FN:75,(anonymous_2)
FN:81,(anonymous_3)
FN:85,(anonymous_4)
FNF:5
FNH:0
FNDA:0,(anonymous_0)
FNDA:0,(anonymous_1)
FNDA:0,(anonymous_2)
FNDA:0,(anonymous_3)
FNDA:0,(anonymous_4)
DA:3,0
DA:4,0
DA:17,0
DA:18,0
DA:20,0
DA:21,0
DA:26,0
DA:27,0
DA:29,0
DA:30,0
DA:31,0
DA:32,0
DA:33,0
DA:37,0
DA:39,0
DA:40,0
DA:42,0
DA:43,0
DA:45,0
DA:46,0
DA:48,0
DA:49,0
DA:51,0
DA:52,0
DA:54,0
DA:55,0
DA:57,0
DA:58,0
DA:60,0
DA:61,0
DA:63,0
DA:64,0
DA:66,0
DA:67,0
DA:68,0
DA:69,0
DA:72,0
DA:75,0
DA:76,0
DA:77,0
DA:78,0
DA:81,0
DA:82,0
DA:85,0
DA:86,0
DA:89,0
LF:46
LH:0
BRDA:26,0,0,0
BRDA:26,0,1,0
BRDA:29,1,0,0
BRDA:29,1,1,0
BRDA:31,2,0,0
BRDA:31,2,1,0
BRDA:31,2,2,0
BRDA:33,3,0,0
BRDA:33,3,1,0
BRDA:37,4,0,0
BRDA:37,4,1,0
BRDA:37,4,2,0
BRDA:37,4,3,0
BRDA:37,4,4,0
BRDA:37,4,5,0
BRDA:37,4,6,0
BRDA:37,4,7,0
BRDA:37,4,8,0
BRDA:39,5,0,0
BRDA:39,5,1,0
BRDA:66,6,0,0
BRDA:66,6,1,0
BRDA:68,7,0,0
BRDA:68,7,1,0
BRDA:94,8,0,0
BRDA:94,8,1,0
BRDA:95,9,0,0
BRDA:95,9,1,0
BRDA:96,10,0,0
BRDA:96,10,1,0
BRF:30
BRH:0
end_of_record
TN:
SF:src/hooks/useErrorRecovery.ts
FN:34,(anonymous_0)
FN:40,(anonymous_1)
FN:91,(anonymous_2)
FN:110,(anonymous_3)
FN:128,(anonymous_4)
FNF:5
FNH:0
FNDA:0,(anonymous_0)
FNDA:0,(anonymous_1)
FNDA:0,(anonymous_2)
FNDA:0,(anonymous_3)
FNDA:0,(anonymous_4)
DA:3,0
DA:4,0
DA:14,0
DA:34,0
DA:35,0
DA:36,0
DA:37,0
DA:39,0
DA:50,0
DA:52,0
DA:53,0
DA:55,0
DA:56,0
DA:57,0
DA:58,0
DA:60,0
DA:61,0
DA:62,0
DA:63,0
DA:64,0
DA:66,0
DA:67,0
DA:70,0
DA:72,0
DA:77,0
DA:78,0
DA:82,0
DA:85,0
DA:90,0
DA:91,0
DA:92,0
DA:98,0
DA:103,0
DA:104,0
DA:105,0
DA:110,0
DA:111,0
DA:112,0
DA:113,0
DA:116,0
DA:128,0
DA:132,0
DA:134,0
DA:135,0
DA:136,0
DA:141,0
LF:46
LH:0
BRDA:42,0,0,0
BRDA:45,1,0,0
BRDA:45,2,0,0
BRDA:45,2,1,0
BRDA:46,3,0,0
BRDA:46,4,0,0
BRDA:46,4,1,0
BRDA:47,5,0,0
BRDA:47,6,0,0
BRDA:47,6,1,0
BRDA:55,7,0,0
BRDA:55,7,1,0
BRDA:66,8,0,0
BRDA:66,8,1,0
BRDA:70,9,0,0
BRDA:70,9,1,0
BRDA:72,10,0,0
BRDA:72,10,1,0
BRDA:72,10,2,0
BRDA:77,11,0,0
BRDA:77,11,1,0
BRDA:77,12,0,0
BRDA:77,12,1,0
BRDA:92,13,0,0
BRDA:92,13,1,0
BRDA:130,14,0,0
BRDA:138,15,0,0
BRDA:138,15,1,0
BRDA:143,16,0,0
BRDA:143,16,1,0
BRF:30
BRH:0
end_of_record
TN:
SF:src/hooks/useFetch.ts
FN:30,(anonymous_0)
FN:50,(anonymous_1)
FN:65,(anonymous_2)
FN:66,(anonymous_3)
FN:98,(anonymous_4)
FN:121,(anonymous_5)
FN:126,(anonymous_6)
FN:133,(anonymous_7)
FN:157,(anonymous_8)
FN:166,(anonymous_9)
FN:180,(anonymous_10)
FN:181,(anonymous_11)
FN:211,(anonymous_12)
FNF:13
FNH:0
FNDA:0,(anonymous_0)
FNDA:0,(anonymous_1)
FNDA:0,(anonymous_2)
FNDA:0,(anonymous_3)
FNDA:0,(anonymous_4)
FNDA:0,(anonymous_5)
FNDA:0,(anonymous_6)
FNDA:0,(anonymous_7)
FNDA:0,(anonymous_8)
FNDA:0,(anonymous_9)
FNDA:0,(anonymous_10)
FNDA:0,(anonymous_11)
FNDA:0,(anonymous_12)
DA:6,0
DA:7,0
DA:8,0
DA:9,0
DA:30,0
DA:34,0
DA:35,0
DA:36,0
DA:37,0
DA:38,0
DA:39,0
DA:48,0
DA:50,0
DA:51,0
DA:53,0
DA:54,0
DA:56,0
DA:58,0
DA:59,0
DA:63,0
DA:66,0
DA:70,0
DA:71,0
DA:72,0
DA:73,0
DA:76,0
DA:80,0
DA:81,0
DA:84,0
DA:85,0
DA:88,0
DA:89,0
DA:90,0
DA:92,0
DA:98,0
DA:99,0
DA:103,0
DA:104,0
DA:106,0
DA:111,0
DA:112,0
DA:116,0
DA:121,0
DA:122,0
DA:123,0
DA:126,0
DA:127,0
DA:128,0
DA:133,0
DA:134,0
DA:135,0
DA:138,0
DA:157,0
DA:160,0
DA:161,0
DA:162,0
DA:164,0
DA:166,0
DA:167,0
DA:168,0
DA:169,0
DA:170,0
DA:171,0
DA:174,0
DA:175,0
DA:177,0
DA:178,0
DA:181,0
DA:185,0
DA:186,0
DA:188,0
DA:189,0
DA:192,0
DA:194,0
DA:195,0
DA:197,0
DA:201,0
DA:202,0
DA:205,0
DA:207,0
DA:211,0
DA:212,0
DA:213,0
DA:216,0
LF:84
LH:0
BRDA:44,0,0,0
BRDA:45,1,0,0
BRDA:46,2,0,0
BRDA:47,3,0,0
BRDA:48,4,0,0
BRDA:48,4,1,0
BRDA:51,5,0,0
BRDA:51,5,1,0
BRDA:58,6,0,0
BRDA:58,6,1,0
BRDA:77,7,0,0
BRDA:77,7,1,0
BRDA:80,8,0,0
BRDA:80,8,1,0
BRDA:84,9,0,0
BRDA:84,9,1,0
BRDA:88,10,0,0
BRDA:88,10,1,0
BRDA:111,11,0,0
BRDA:111,11,1,0
BRDA:122,12,0,0
BRDA:122,12,1,0
BRDA:127,13,0,0
BRDA:127,13,1,0
BRDA:164,14,0,0
BRDA:164,15,0,0
BRDA:164,15,1,0
BRDA:167,16,0,0
BRDA:167,16,1,0
BRDA:170,17,0,0
BRDA:170,17,1,0
BRDA:188,18,0,0
BRDA:188,18,1,0
BRDA:194,19,0,0
BRDA:194,19,1,0
BRDA:201,20,0,0
BRDA:201,20,1,0
BRF:37
BRH:0
end_of_record
TN:
SF:src/hooks/useForm.ts
FN:34,(anonymous_0)
FN:47,(anonymous_1)
FN:48,(anonymous_2)
FN:54,(anonymous_3)
FN:55,(anonymous_4)
FN:61,(anonymous_5)
FN:62,(anonymous_6)
FN:69,(anonymous_7)
FN:69,(anonymous_8)
FN:80,(anonymous_9)
FN:80,(anonymous_10)
FN:95,(anonymous_11)
FN:96,(anonymous_12)
FN:107,(anonymous_13)
FN:116,(anonymous_14)
FN:138,(anonymous_15)
FN:144,(anonymous_16)
FN:145,(anonymous_17)
FNF:18
FNH:0
FNDA:0,(anonymous_0)
FNDA:0,(anonymous_1)
FNDA:0,(anonymous_2)
FNDA:0,(anonymous_3)
FNDA:0,(anonymous_4)
FNDA:0,(anonymous_5)
FNDA:0,(anonymous_6)
FNDA:0,(anonymous_7)
FNDA:0,(anonymous_8)
FNDA:0,(anonymous_9)
FNDA:0,(anonymous_10)
FNDA:0,(anonymous_11)
FNDA:0,(anonymous_12)
FNDA:0,(anonymous_13)
FNDA:0,(anonymous_14)
FNDA:0,(anonymous_15)
FNDA:0,(anonymous_16)
FNDA:0,(anonymous_17)
DA:6,0
DA:34,0
DA:38,0
DA:39,0
DA:40,0
DA:41,0
DA:42,0
DA:45,0
DA:47,0
DA:48,0
DA:54,0
DA:55,0
DA:61,0
DA:62,0
DA:68,0
DA:69,0
DA:70,0
DA:72,0
DA:73,0
DA:79,0
DA:80,0
DA:81,0
DA:84,0
DA:85,0
DA:86,0
DA:87,0
DA:94,0
DA:96,0
DA:97,0
DA:98,0
DA:101,0
DA:102,0
DA:103,0
DA:104,0
DA:107,0
DA:108,0
DA:109,0
DA:110,0
DA:115,0
DA:116,0
DA:119,0
DA:122,0
DA:125,0
DA:126,0
DA:127,0
DA:130,0
DA:132,0
DA:138,0
DA:139,0
DA:140,0
DA:141,0
DA:144,0
DA:145,0
DA:151,0
LF:54
LH:0
BRDA:72,0,0,0
BRDA:72,0,1,0
BRDA:84,1,0,0
BRDA:84,1,1,0
BRDA:86,2,0,0
BRDA:86,2,1,0
BRDA:102,3,0,0
BRDA:102,3,1,0
BRDA:108,4,0,0
BRDA:108,4,1,0
BRF:10
BRH:0
end_of_record
TN:
SF:src/hooks/useFormValidation.ts
FN:28,(anonymous_0)
FN:36,(anonymous_1)
FN:77,(anonymous_2)
FN:78,(anonymous_3)
FN:90,(anonymous_4)
FN:92,(anonymous_5)
FN:108,(anonymous_6)
FN:111,(anonymous_7)
FN:118,(anonymous_8)
FN:124,(anonymous_9)
FN:134,(anonymous_10)
FN:142,(anonymous_11)
FN:143,(anonymous_12)
FN:149,(anonymous_13)
FNF:14
FNH:0
FNDA:0,(anonymous_0)
FNDA:0,(anonymous_1)
FNDA:0,(anonymous_2)
FNDA:0,(anonymous_3)
FNDA:0,(anonymous_4)
FNDA:0,(anonymous_5)
FNDA:0,(anonymous_6)
FNDA:0,(anonymous_7)
FNDA:0,(anonymous_8)
FNDA:0,(anonymous_9)
FNDA:0,(anonymous_10)
FNDA:0,(anonymous_11)
FNDA:0,(anonymous_12)
FNDA:0,(anonymous_13)
DA:3,0
DA:28,0
DA:29,0
DA:35,0
DA:37,0
DA:38,0
DA:40,0
DA:42,0
DA:44,0
DA:45,0
DA:48,0
DA:50,0
DA:51,0
DA:55,0
DA:56,0
DA:60,0
DA:61,0
DA:65,0
DA:66,0
DA:71,0
DA:76,0
DA:78,0
DA:89,0
DA:91,0
DA:92,0
DA:107,0
DA:109,0
DA:111,0
DA:112,0
DA:113,0
DA:114,0
DA:118,0
DA:120,0
DA:124,0
DA:129,0
DA:134,0
DA:135,0
DA:142,0
DA:143,0
DA:149,0
DA:153,0
LF:41
LH:0
BRDA:38,0,0,0
BRDA:38,0,1,0
BRDA:40,1,0,0
BRDA:40,1,1,0
BRDA:44,2,0,0
BRDA:44,2,1,0
BRDA:44,3,0,0
BRDA:44,3,1,0
BRDA:44,3,2,0
BRDA:45,4,0,0
BRDA:45,4,1,0
BRDA:48,5,0,0
BRDA:48,5,1,0
BRDA:50,6,0,0
BRDA:50,6,1,0
BRDA:50,7,0,0
BRDA:50,7,1,0
BRDA:51,8,0,0
BRDA:51,8,1,0
BRDA:55,9,0,0
BRDA:55,9,1,0
BRDA:55,10,0,0
BRDA:55,10,1,0
BRDA:56,11,0,0
BRDA:56,11,1,0
BRDA:60,12,0,0
BRDA:60,12,1,0
BRDA:60,13,0,0
BRDA:60,13,1,0
BRDA:61,14,0,0
BRDA:61,14,1,0
BRDA:65,15,0,0
BRDA:65,15,1,0
BRDA:65,16,0,0
BRDA:65,16,1,0
BRDA:66,17,0,0
BRDA:66,17,1,0
BRDA:112,18,0,0
BRDA:112,18,1,0
BRDA:113,19,0,0
BRDA:113,19,1,0
BRDA:149,20,0,0
BRDA:149,20,1,0
BRF:43
BRH:0
end_of_record
TN:
SF:src/hooks/useFormValidator.ts
FN:12,(anonymous_0)
FN:21,(anonymous_1)
FN:30,(anonymous_2)
FN:33,(anonymous_3)
FN:48,(anonymous_4)
FN:49,(anonymous_5)
FN:53,(anonymous_6)
FN:56,(anonymous_7)
FN:71,(anonymous_8)
FN:75,(anonymous_9)
FN:89,(anonymous_10)
FNF:11
FNH:0
FNDA:0,(anonymous_0)
FNDA:0,(anonymous_1)
FNDA:0,(anonymous_2)
FNDA:0,(anonymous_3)
FNDA:0,(anonymous_4)
FNDA:0,(anonymous_5)
FNDA:0,(anonymous_6)
FNDA:0,(anonymous_7)
FNDA:0,(anonymous_8)
FNDA:0,(anonymous_9)
FNDA:0,(anonymous_10)
DA:1,0
DA:12,0
DA:15,0
DA:17,0
DA:18,0
DA:20,0
DA:23,0
DA:24,0
DA:29,0
DA:31,0
DA:33,0
DA:34,0
DA:35,0
DA:36,0
DA:40,0
DA:48,0
DA:49,0
DA:52,0
DA:54,0
DA:55,0
DA:56,0
DA:57,0
DA:58,0
DA:59,0
DA:61,0
DA:63,0
DA:70,0
DA:72,0
DA:73,0
DA:74,0
DA:75,0
DA:76,0
DA:77,0
DA:78,0
DA:80,0
DA:82,0
DA:89,0
DA:90,0
DA:91,0
DA:94,0
LF:40
LH:0
BRDA:13,0,0,0
BRDA:15,1,0,0
BRDA:15,2,0,0
BRDA:23,3,0,0
BRDA:23,3,1,0
BRDA:35,4,0,0
BRDA:35,4,1,0
BRDA:54,5,0,0
BRDA:54,5,1,0
BRDA:58,6,0,0
BRDA:58,6,1,0
BRDA:73,7,0,0
BRDA:73,7,1,0
BRDA:77,8,0,0
BRDA:77,8,1,0
BRF:15
BRH:0
end_of_record
TN:
SF:src/hooks/useLoadingState.ts
FN:11,(anonymous_0)
FN:17,(anonymous_1)
FN:41,(anonymous_2)
FN:46,(anonymous_3)
FNF:4
FNH:0
FNDA:0,(anonymous_0)
FNDA:0,(anonymous_1)
FNDA:0,(anonymous_2)
FNDA:0,(anonymous_3)
DA:3,0
DA:11,0
DA:12,0
DA:13,0
DA:14,0
DA:16,0
DA:21,0
DA:22,0
DA:23,0
DA:24,0
DA:25,0
DA:26,0
DA:28,0
DA:29,0
DA:31,0
DA:32,0
DA:33,0
DA:34,0
DA:35,0
DA:41,0
DA:42,0
DA:43,0
DA:46,0
DA:47,0
DA:50,0
LF:25
LH:0
BRDA:11,0,0,0
BRDA:12,1,0,0
BRDA:19,2,0,0
BRDA:25,3,0,0
BRDA:25,3,1,0
BRDA:31,4,0,0
BRDA:31,4,1,0
BRF:7
BRH:0
end_of_record
TN:
SF:src/hooks/useLocalStorage.ts
FN:7,(anonymous_1)
FN:15,(anonymous_2)
FN:16,(anonymous_3)
FN:34,(anonymous_4)
FN:47,(anonymous_5)
FN:62,(anonymous_6)
FN:69,(anonymous_7)
FN:70,(anonymous_8)
FN:79,(anonymous_9)
FN:89,(anonymous_10)
FN:91,(anonymous_11)
FN:100,(anonymous_12)
FNF:12
FNH:0
FNDA:0,(anonymous_1)
FNDA:0,(anonymous_2)
FNDA:0,(anonymous_3)
FNDA:0,(anonymous_4)
FNDA:0,(anonymous_5)
FNDA:0,(anonymous_6)
FNDA:0,(anonymous_7)
FNDA:0,(anonymous_8)
FNDA:0,(anonymous_9)
FNDA:0,(anonymous_10)
FNDA:0,(anonymous_11)
FNDA:0,(anonymous_12)
DA:1,0
DA:2,0
DA:7,0
DA:11,0
DA:12,0
DA:15,0
DA:16,0
DA:17,0
DA:18,0
DA:19,0
DA:20,0
DA:22,0
DA:24,0
DA:25,0
DA:29,0
DA:33,0
DA:35,0
DA:36,0
DA:37,0
DA:38,0
DA:40,0
DA:47,0
DA:48,0
DA:49,0
DA:50,0
DA:52,0
DA:56,0
DA:62,0
DA:66,0
DA:69,0
DA:70,0
DA:71,0
DA:72,0
DA:73,0
DA:74,0
DA:75,0
DA:76,0
DA:79,0
DA:81,0
DA:85,0
DA:88,0
DA:90,0
DA:91,0
DA:92,0
DA:94,0
DA:100,0
DA:101,0
DA:102,0
DA:103,0
DA:104,0
DA:107,0
DA:111,0
LF:52
LH:0
BRDA:11,0,0,0
BRDA:11,0,1,0
BRDA:19,1,0,0
BRDA:19,1,1,0
BRDA:36,2,0,0
BRDA:36,2,1,0
BRDA:75,3,0,0
BRDA:75,3,1,0
BRF:8
BRH:0
end_of_record
TN:
SF:src/hooks/useLocation.ts
FN:20,(anonymous_0)
FN:28,(anonymous_1)
FN:57,(anonymous_2)
FN:85,(anonymous_3)
FN:100,(anonymous_4)
FNF:5
FNH:0
FNDA:0,(anonymous_0)
FNDA:0,(anonymous_1)
FNDA:0,(anonymous_2)
FNDA:0,(anonymous_3)
FNDA:0,(anonymous_4)
DA:6,0
DA:7,0
DA:8,0
DA:20,0
DA:21,0
DA:22,0
DA:23,0
DA:28,0
DA:29,0
DA:30,0
DA:31,0
DA:33,0
DA:35,0
DA:36,0
DA:37,0
DA:38,0
DA:40,0
DA:41,0
DA:44,0
DA:45,0
DA:46,0
DA:47,0
DA:49,0
DA:56,0
DA:58,0
DA:59,0
DA:60,0
DA:63,0
DA:64,0
DA:70,0
DA:72,0
DA:73,0
DA:74,0
DA:75,0
DA:84,0
DA:86,0
DA:87,0
DA:88,0
DA:89,0
DA:91,0
DA:92,0
DA:93,0
DA:94,0
DA:100,0
DA:101,0
DA:104,0
LF:46
LH:0
BRDA:35,0,0,0
BRDA:35,0,1,0
BRDA:44,1,0,0
BRDA:44,1,1,0
BRDA:58,2,0,0
BRDA:58,2,1,0
BRDA:72,3,0,0
BRDA:72,3,1,0
BRDA:91,4,0,0
BRDA:91,4,1,0
BRF:10
BRH:0
end_of_record
TN:
SF:src/hooks/useMount.ts
FN:7,(anonymous_0)
FN:8,(anonymous_1)
FNF:2
FNH:0
FNDA:0,(anonymous_0)
FNDA:0,(anonymous_1)
DA:5,0
DA:7,0
DA:8,0
DA:9,0
DA:10,0
LF:5
LH:0
BRF:0
BRH:0
end_of_record
TN:
SF:src/hooks/useNotificationFeedback.ts
FN:32,(anonymous_0)
FN:36,(anonymous_1)
FN:85,(anonymous_2)
FN:92,(anonymous_3)
FN:99,(anonymous_4)
FN:106,(anonymous_5)
FN:124,(anonymous_6)
FNF:7
FNH:0
FNDA:0,(anonymous_0)
FNDA:0,(anonymous_1)
FNDA:0,(anonymous_2)
FNDA:0,(anonymous_3)
FNDA:0,(anonymous_4)
FNDA:0,(anonymous_5)
FNDA:0,(anonymous_6)
DA:3,0
DA:4,0
DA:5,0
DA:32,0
DA:33,0
DA:35,0
DA:45,0
DA:48,0
DA:50,0
DA:52,0
DA:53,0
DA:55,0
DA:56,0
DA:58,0
DA:59,0
DA:62,0
DA:66,0
DA:68,0
DA:69,0
DA:71,0
DA:72,0
DA:74,0
DA:75,0
DA:78,0
DA:84,0
DA:86,0
DA:91,0
DA:93,0
DA:98,0
DA:100,0
DA:105,0
DA:107,0
DA:112,0
DA:124,0
DA:125,0
DA:127,0
DA:128,0
DA:130,0
DA:131,0
DA:133,0
DA:134,0
DA:136,0
DA:137,0
DA:139,0
DA:142,0
DA:143,0
DA:146,0
LF:47
LH:0
BRDA:38,0,0,0
BRDA:39,1,0,0
BRDA:42,2,0,0
BRDA:43,3,0,0
BRDA:44,4,0,0
BRDA:50,5,0,0
BRDA:50,5,1,0
BRDA:50,5,2,0
BRDA:50,5,3,0
BRDA:50,5,4,0
BRDA:66,6,0,0
BRDA:66,6,1,0
BRDA:66,6,2,0
BRDA:66,6,3,0
BRDA:66,6,4,0
BRDA:125,7,0,0
BRDA:125,7,1,0
BRDA:127,8,0,0
BRDA:127,8,1,0
BRDA:130,9,0,0
BRDA:130,9,1,0
BRDA:130,10,0,0
BRDA:130,10,1,0
BRDA:133,11,0,0
BRDA:133,11,1,0
BRDA:133,12,0,0
BRDA:133,12,1,0
BRDA:136,13,0,0
BRDA:136,13,1,0
BRDA:136,14,0,0
BRDA:136,14,1,0
BRDA:142,15,0,0
BRDA:142,15,1,0
BRF:33
BRH:0
end_of_record
TN:
SF:src/hooks/useNotificationManager.ts
FN:32,useNotificationManager
FN:40,(anonymous_1)
FN:56,(anonymous_2)
FN:83,(anonymous_3)
FN:99,(anonymous_4)
FN:120,(anonymous_5)
FN:136,(anonymous_6)
FN:152,(anonymous_7)
FN:167,(anonymous_8)
FN:176,(anonymous_9)
FN:181,(anonymous_10)
FN:209,(anonymous_11)
FN:216,(anonymous_12)
FN:217,(anonymous_13)
FNF:14
FNH:0
FNDA:0,useNotificationManager
FNDA:0,(anonymous_1)
FNDA:0,(anonymous_2)
FNDA:0,(anonymous_3)
FNDA:0,(anonymous_4)
FNDA:0,(anonymous_5)
FNDA:0,(anonymous_6)
FNDA:0,(anonymous_7)
FNDA:0,(anonymous_8)
FNDA:0,(anonymous_9)
FNDA:0,(anonymous_10)
FNDA:0,(anonymous_11)
FNDA:0,(anonymous_12)
FNDA:0,(anonymous_13)
DA:6,0
DA:8,0
DA:21,0
DA:32,0
DA:33,0
DA:34,0
DA:39,0
DA:41,0
DA:43,0
DA:44,0
DA:46,0
DA:55,0
DA:62,0
DA:64,0
DA:65,0
DA:66,0
DA:73,0
DA:82,0
DA:84,0
DA:86,0
DA:87,0
DA:89,0
DA:98,0
DA:105,0
DA:107,0
DA:108,0
DA:110,0
DA:119,0
DA:121,0
DA:123,0
DA:124,0
DA:126,0
DA:135,0
DA:137,0
DA:139,0
DA:140,0
DA:142,0
DA:151,0
DA:153,0
DA:155,0
DA:156,0
DA:158,0
DA:167,0
DA:168,0
DA:169,0
DA:171,0
DA:176,0
DA:177,0
DA:180,0
DA:182,0
DA:184,0
DA:186,0
DA:187,0
DA:189,0
DA:190,0
DA:192,0
DA:193,0
DA:195,0
DA:196,0
DA:198,0
DA:199,0
DA:201,0
DA:202,0
DA:208,0
DA:210,0
DA:214,0
DA:216,0
DA:217,0
DA:221,0
LF:69
LH:0
BRDA:41,0,0,0
BRDA:41,0,1,0
BRDA:41,1,0,0
BRDA:41,1,1,0
BRDA:62,2,0,0
BRDA:62,2,1,0
BRDA:62,3,0,0
BRDA:62,3,1,0
BRDA:65,4,0,0
BRDA:65,4,1,0
BRDA:84,5,0,0
BRDA:84,5,1,0
BRDA:84,6,0,0
BRDA:84,6,1,0
BRDA:105,7,0,0
BRDA:105,7,1,0
BRDA:105,8,0,0
BRDA:105,8,1,0
BRDA:121,9,0,0
BRDA:121,9,1,0
BRDA:121,10,0,0
BRDA:121,10,1,0
BRDA:137,11,0,0
BRDA:137,11,1,0
BRDA:137,12,0,0
BRDA:137,12,1,0
BRDA:153,13,0,0
BRDA:153,13,1,0
BRDA:184,14,0,0
BRDA:184,14,1,0
BRDA:184,14,2,0
BRDA:184,14,3,0
BRDA:184,14,4,0
BRDA:184,14,5,0
BRF:34
BRH:0
end_of_record
TN:
SF:src/hooks/usePayment.ts
FN:16,(anonymous_0)
FN:27,(anonymous_1)
FN:30,(anonymous_2)
FN:47,(anonymous_3)
FN:67,(anonymous_4)
FN:92,(anonymous_5)
FN:127,(anonymous_6)
FN:132,(anonymous_7)
FN:150,(anonymous_8)
FN:156,(anonymous_9)
FN:156,(anonymous_10)
FN:177,(anonymous_11)
FN:197,(anonymous_12)
FN:205,(anonymous_13)
FN:212,(anonymous_14)
FN:217,(anonymous_15)
FNF:16
FNH:0
FNDA:0,(anonymous_0)
FNDA:0,(anonymous_1)
FNDA:0,(anonymous_2)
FNDA:0,(anonymous_3)
FNDA:0,(anonymous_4)
FNDA:0,(anonymous_5)
FNDA:0,(anonymous_6)
FNDA:0,(anonymous_7)
FNDA:0,(anonymous_8)
FNDA:0,(anonymous_9)
FNDA:0,(anonymous_10)
FNDA:0,(anonymous_11)
FNDA:0,(anonymous_12)
FNDA:0,(anonymous_13)
FNDA:0,(anonymous_14)
FNDA:0,(anonymous_15)
DA:6,0
DA:7,0
DA:8,0
DA:16,0
DA:17,0
DA:18,0
DA:20,0
DA:21,0
DA:22,0
DA:23,0
DA:24,0
DA:27,0
DA:28,0
DA:30,0
DA:31,0
DA:32,0
DA:33,0
DA:35,0
DA:37,0
DA:38,0
DA:39,0
DA:43,0
DA:47,0
DA:48,0
DA:49,0
DA:50,0
DA:51,0
DA:52,0
DA:53,0
DA:54,0
DA:57,0
DA:58,0
DA:59,0
DA:61,0
DA:66,0
DA:73,0
DA:74,0
DA:75,0
DA:76,0
DA:77,0
DA:79,0
DA:80,0
DA:81,0
DA:82,0
DA:84,0
DA:91,0
DA:98,0
DA:99,0
DA:100,0
DA:101,0
DA:102,0
DA:103,0
DA:104,0
DA:106,0
DA:107,0
DA:108,0
DA:109,0
DA:111,0
DA:113,0
DA:114,0
DA:115,0
DA:116,0
DA:117,0
DA:119,0
DA:126,0
DA:128,0
DA:129,0
DA:130,0
DA:131,0
DA:132,0
DA:133,0
DA:134,0
DA:135,0
DA:137,0
DA:138,0
DA:139,0
DA:140,0
DA:142,0
DA:149,0
DA:151,0
DA:152,0
DA:153,0
DA:154,0
DA:155,0
DA:156,0
DA:157,0
DA:158,0
DA:160,0
DA:162,0
DA:164,0
DA:165,0
DA:166,0
DA:167,0
DA:169,0
DA:176,0
DA:178,0
DA:179,0
DA:180,0
DA:181,0
DA:182,0
DA:184,0
DA:185,0
DA:186,0
DA:187,0
DA:189,0
DA:196,0
DA:198,0
DA:204,0
DA:206,0
DA:212,0
DA:213,0
DA:217,0
DA:219,0
LF:113
LH:0
BRDA:16,0,0,0
BRDA:17,1,0,0
BRDA:28,2,0,0
BRDA:28,2,1,0
BRDA:32,3,0,0
BRDA:32,3,1,0
BRDA:37,4,0,0
BRDA:37,4,1,0
BRDA:53,5,0,0
BRDA:53,5,1,0
BRDA:57,6,0,0
BRDA:57,6,1,0
BRDA:79,7,0,0
BRDA:79,7,1,0
BRDA:102,8,0,0
BRDA:102,8,1,0
BRDA:106,9,0,0
BRDA:106,9,1,0
BRDA:113,10,0,0
BRDA:113,10,1,0
BRDA:137,11,0,0
BRDA:137,11,1,0
BRDA:155,12,0,0
BRDA:155,12,1,0
BRDA:157,13,0,0
BRDA:157,13,1,0
BRDA:158,14,0,0
BRDA:158,14,1,0
BRDA:164,15,0,0
BRDA:164,15,1,0
BRDA:184,16,0,0
BRDA:184,16,1,0
BRF:32
BRH:0
end_of_record
TN:
SF:src/hooks/usePerformance.ts
FN:16,(anonymous_0)
FN:27,(anonymous_1)
FN:30,(anonymous_2)
FN:42,(anonymous_3)
FN:45,(anonymous_4)
FN:60,(anonymous_5)
FN:73,(anonymous_6)
FN:84,(anonymous_7)
FNF:8
FNH:0
FNDA:0,(anonymous_0)
FNDA:0,(anonymous_1)
FNDA:0,(anonymous_2)
FNDA:0,(anonymous_3)
FNDA:0,(anonymous_4)
FNDA:0,(anonymous_5)
FNDA:0,(anonymous_6)
FNDA:0,(anonymous_7)
DA:6,0
DA:7,0
DA:16,0
DA:17,0
DA:23,0
DA:24,0
DA:27,0
DA:28,0
DA:30,0
DA:31,0
DA:32,0
DA:34,0
DA:42,0
DA:43,0
DA:45,0
DA:46,0
DA:47,0
DA:48,0
DA:50,0
DA:52,0
DA:60,0
DA:61,0
DA:67,0
DA:73,0
DA:81,0
DA:82,0
DA:84,0
DA:85,0
DA:86,0
DA:87,0
DA:89,0
DA:91,0
DA:93,0
DA:98,0
DA:103,0
DA:105,0
DA:109,0
LF:37
LH:0
BRDA:50,0,0,0
BRDA:50,0,1,0
BRF:2
BRH:0
end_of_record
TN:
SF:src/hooks/usePermissions.ts
FN:24,(anonymous_0)
FN:29,(anonymous_1)
FN:33,(anonymous_2)
FN:46,(anonymous_3)
FN:69,(anonymous_4)
FN:74,(anonymous_5)
FN:78,(anonymous_6)
FN:91,(anonymous_7)
FN:113,(anonymous_8)
FN:118,(anonymous_9)
FN:122,(anonymous_10)
FN:135,(anonymous_11)
FNF:12
FNH:0
FNDA:0,(anonymous_0)
FNDA:0,(anonymous_1)
FNDA:0,(anonymous_2)
FNDA:0,(anonymous_3)
FNDA:0,(anonymous_4)
FNDA:0,(anonymous_5)
FNDA:0,(anonymous_6)
FNDA:0,(anonymous_7)
FNDA:0,(anonymous_8)
FNDA:0,(anonymous_9)
FNDA:0,(anonymous_10)
FNDA:0,(anonymous_11)
DA:1,0
DA:5,0
DA:6,0
DA:7,0
DA:9,0
DA:24,0
DA:25,0
DA:26,0
DA:27,0
DA:29,0
DA:30,0
DA:33,0
DA:34,0
DA:35,0
DA:36,0
DA:37,0
DA:39,0
DA:40,0
DA:42,0
DA:46,0
DA:47,0
DA:48,0
DA:49,0
DA:50,0
DA:51,0
DA:52,0
DA:54,0
DA:55,0
DA:56,0
DA:57,0
DA:59,0
DA:63,0
DA:69,0
DA:70,0
DA:71,0
DA:72,0
DA:74,0
DA:75,0
DA:78,0
DA:79,0
DA:80,0
DA:82,0
DA:84,0
DA:85,0
DA:87,0
DA:91,0
DA:92,0
DA:93,0
DA:95,0
DA:96,0
DA:98,0
DA:99,0
DA:100,0
DA:101,0
DA:103,0
DA:107,0
DA:113,0
DA:114,0
DA:115,0
DA:116,0
DA:118,0
DA:119,0
DA:122,0
DA:123,0
DA:124,0
DA:126,0
DA:128,0
DA:129,0
DA:131,0
DA:135,0
DA:136,0
DA:137,0
DA:139,0
DA:140,0
DA:142,0
DA:143,0
DA:144,0
DA:145,0
DA:147,0
DA:151,0
DA:157,0
LF:81
LH:0
BRDA:37,0,0,0
BRDA:37,0,1,0
BRDA:39,1,0,0
BRDA:39,1,1,0
BRDA:50,2,0,0
BRDA:50,2,1,0
BRDA:54,3,0,0
BRDA:54,3,1,0
BRDA:84,4,0,0
BRDA:84,4,1,0
BRDA:98,5,0,0
BRDA:98,5,1,0
BRDA:128,6,0,0
BRDA:128,6,1,0
BRDA:142,7,0,0
BRDA:142,7,1,0
BRF:16
BRH:0
end_of_record
TN:
SF:src/hooks/usePersist.ts
FN:29,(anonymous_1)
FN:45,(anonymous_2)
FN:48,(anonymous_3)
FN:69,(anonymous_4)
FN:75,(anonymous_5)
FN:93,(anonymous_6)
FN:108,(anonymous_7)
FNF:7
FNH:0
FNDA:0,(anonymous_1)
FNDA:0,(anonymous_2)
FNDA:0,(anonymous_3)
FNDA:0,(anonymous_4)
FNDA:0,(anonymous_5)
FNDA:0,(anonymous_6)
FNDA:0,(anonymous_7)
DA:3,0
DA:4,0
DA:29,0
DA:38,0
DA:40,0
DA:41,0
DA:42,0
DA:45,0
DA:46,0
DA:48,0
DA:49,0
DA:50,0
DA:52,0
DA:53,0
DA:54,0
DA:57,0
DA:58,0
DA:59,0
DA:61,0
DA:62,0
DA:67,0
DA:69,0
DA:70,0
DA:74,0
DA:76,0
DA:77,0
DA:78,0
DA:80,0
DA:81,0
DA:84,0
DA:85,0
DA:86,0
DA:87,0
DA:93,0
DA:94,0
DA:95,0
DA:97,0
DA:98,0
DA:101,0
DA:102,0
DA:103,0
DA:104,0
DA:108,0
DA:109,0
DA:112,0
LF:45
LH:0
BRDA:32,0,0,0
BRDA:35,1,0,0
BRDA:36,2,0,0
BRDA:40,3,0,0
BRDA:40,3,1,0
BRDA:52,4,0,0
BRDA:52,4,1,0
BRDA:52,5,0,0
BRDA:52,5,1,0
BRDA:57,6,0,0
BRDA:57,6,1,0
BRDA:61,7,0,0
BRDA:61,7,1,0
BRDA:80,8,0,0
BRDA:80,8,1,0
BRDA:84,9,0,0
BRDA:84,9,1,0
BRDA:97,10,0,0
BRDA:97,10,1,0
BRDA:101,11,0,0
BRDA:101,11,1,0
BRDA:109,12,0,0
BRDA:109,12,1,0
BRF:23
BRH:0
end_of_record
TN:
SF:src/hooks/usePrevious.ts
FN:7,(anonymous_0)
FN:10,(anonymous_1)
FNF:2
FNH:0
FNDA:0,(anonymous_0)
FNDA:0,(anonymous_1)
DA:5,0
DA:7,0
DA:8,0
DA:10,0
DA:11,0
DA:14,0
LF:6
LH:0
BRF:0
BRH:0
end_of_record
TN:
SF:src/hooks/useSafeAPI.ts
FN:17,(anonymous_0)
FN:34,(anonymous_1)
FN:38,(anonymous_2)
FN:60,(anonymous_3)
FN:75,(anonymous_4)
FN:87,(anonymous_5)
FN:94,(anonymous_6)
FN:97,(anonymous_7)
FN:98,(anonymous_8)
FN:112,(anonymous_9)
FNF:10
FNH:0
FNDA:0,(anonymous_0)
FNDA:0,(anonymous_1)
FNDA:0,(anonymous_2)
FNDA:0,(anonymous_3)
FNDA:0,(anonymous_4)
FNDA:0,(anonymous_5)
FNDA:0,(anonymous_6)
FNDA:0,(anonymous_7)
FNDA:0,(anonymous_8)
FNDA:0,(anonymous_9)
DA:1,0
DA:2,0
DA:17,0
DA:23,0
DA:25,0
DA:31,0
DA:33,0
DA:35,0
DA:36,0
DA:38,0
DA:39,0
DA:40,0
DA:41,0
DA:42,0
DA:43,0
DA:46,0
DA:52,0
DA:55,0
DA:56,0
DA:57,0
DA:60,0
DA:61,0
DA:64,0
DA:65,0
DA:66,0
DA:70,0
DA:75,0
DA:76,0
DA:79,0
DA:87,0
DA:91,0
DA:92,0
DA:94,0
DA:95,0
DA:97,0
DA:98,0
DA:101,0
DA:102,0
DA:105,0
DA:112,0
DA:113,0
LF:41
LH:0
BRDA:17,0,0,0
BRDA:19,1,0,0
BRDA:20,2,0,0
BRDA:46,3,0,0
BRDA:46,3,1,0
BRDA:46,3,2,0
BRDA:52,4,0,0
BRDA:52,4,1,0
BRDA:52,4,2,0
BRDA:55,5,0,0
BRDA:55,5,1,0
BRDA:89,6,0,0
BRDA:95,7,0,0
BRDA:95,7,1,0
BRDA:95,8,0,0
BRDA:95,8,1,0
BRDA:101,9,0,0
BRDA:101,9,1,0
BRDA:112,10,0,0
BRF:19
BRH:0
end_of_record
TN:
SF:src/hooks/useServicesAPI.ts
FN:27,(anonymous_0)
FN:35,(anonymous_1)
FN:36,(anonymous_2)
FN:49,(anonymous_3)
FN:59,(anonymous_4)
FN:69,(anonymous_5)
FN:74,(anonymous_6)
FN:87,(anonymous_7)
FN:96,(anonymous_8)
FN:97,(anonymous_9)
FN:103,(anonymous_10)
FN:113,(anonymous_11)
FN:123,(anonymous_12)
FN:124,(anonymous_13)
FN:126,(anonymous_14)
FN:132,(anonymous_15)
FN:133,(anonymous_16)
FN:135,(anonymous_17)
FN:141,(anonymous_18)
FN:142,(anonymous_19)
FN:144,(anonymous_20)
FN:148,(anonymous_21)
FN:149,(anonymous_22)
FN:152,(anonymous_23)
FN:153,(anonymous_24)
FN:156,(anonymous_25)
FN:157,(anonymous_26)
FNF:27
FNH:0
FNDA:0,(anonymous_0)
FNDA:0,(anonymous_1)
FNDA:0,(anonymous_2)
FNDA:0,(anonymous_3)
FNDA:0,(anonymous_4)
FNDA:0,(anonymous_5)
FNDA:0,(anonymous_6)
FNDA:0,(anonymous_7)
FNDA:0,(anonymous_8)
FNDA:0,(anonymous_9)
FNDA:0,(anonymous_10)
FNDA:0,(anonymous_11)
FNDA:0,(anonymous_12)
FNDA:0,(anonymous_13)
FNDA:0,(anonymous_14)
FNDA:0,(anonymous_15)
FNDA:0,(anonymous_16)
FNDA:0,(anonymous_17)
FNDA:0,(anonymous_18)
FNDA:0,(anonymous_19)
FNDA:0,(anonymous_20)
FNDA:0,(anonymous_21)
FNDA:0,(anonymous_22)
FNDA:0,(anonymous_23)
FNDA:0,(anonymous_24)
FNDA:0,(anonymous_25)
FNDA:0,(anonymous_26)
DA:3,0
DA:4,0
DA:5,0
DA:27,0
DA:28,0
DA:35,0
DA:36,0
DA:38,0
DA:39,0
DA:40,0
DA:41,0
DA:44,0
DA:47,0
DA:49,0
DA:55,0
DA:56,0
DA:58,0
DA:59,0
DA:64,0
DA:65,0
DA:69,0
DA:70,0
DA:71,0
DA:72,0
DA:74,0
DA:79,0
DA:80,0
DA:82,0
DA:83,0
DA:87,0
DA:88,0
DA:89,0
DA:91,0
DA:92,0
DA:96,0
DA:97,0
DA:99,0
DA:100,0
DA:101,0
DA:103,0
DA:109,0
DA:110,0
DA:112,0
DA:113,0
DA:118,0
DA:119,0
DA:123,0
DA:124,0
DA:127,0
DA:132,0
DA:133,0
DA:136,0
DA:141,0
DA:142,0
DA:144,0
DA:148,0
DA:149,0
DA:152,0
DA:153,0
DA:156,0
DA:157,0
DA:158,0
DA:161,0
LF:63
LH:0
BRDA:40,0,0,0
BRDA:40,0,1,0
BRDA:45,1,0,0
BRDA:45,1,1,0
BRDA:47,2,0,0
BRDA:47,2,1,0
BRDA:58,3,0,0
BRDA:58,3,1,0
BRDA:112,4,0,0
BRDA:112,4,1,0
BRDA:123,5,0,0
BRDA:127,6,0,0
BRDA:127,6,1,0
BRDA:132,7,0,0
BRDA:136,8,0,0
BRDA:136,8,1,0
BRF:16
BRH:0
end_of_record
TN:
SF:src/hooks/useTherapistAPI.ts
FN:38,(anonymous_0)
FN:48,(anonymous_1)
FN:49,(anonymous_2)
FN:63,(anonymous_3)
FN:74,(anonymous_4)
FN:86,(anonymous_5)
FN:87,(anonymous_6)
FN:93,(anonymous_7)
FN:103,(anonymous_8)
FN:114,(anonymous_9)
FN:136,(anonymous_10)
FN:137,(anonymous_11)
FN:143,(anonymous_12)
FN:153,(anonymous_13)
FN:165,(anonymous_14)
FN:166,(anonymous_15)
FN:168,(anonymous_16)
FN:172,(anonymous_17)
FN:173,(anonymous_18)
FN:175,(anonymous_19)
FN:179,(anonymous_20)
FN:180,(anonymous_21)
FN:182,(anonymous_22)
FN:186,(anonymous_23)
FN:187,(anonymous_24)
FN:190,(anonymous_25)
FN:191,(anonymous_26)
FNF:27
FNH:0
FNDA:0,(anonymous_0)
FNDA:0,(anonymous_1)
FNDA:0,(anonymous_2)
FNDA:0,(anonymous_3)
FNDA:0,(anonymous_4)
FNDA:0,(anonymous_5)
FNDA:0,(anonymous_6)
FNDA:0,(anonymous_7)
FNDA:0,(anonymous_8)
FNDA:0,(anonymous_9)
FNDA:0,(anonymous_10)
FNDA:0,(anonymous_11)
FNDA:0,(anonymous_12)
FNDA:0,(anonymous_13)
FNDA:0,(anonymous_14)
FNDA:0,(anonymous_15)
FNDA:0,(anonymous_16)
FNDA:0,(anonymous_17)
FNDA:0,(anonymous_18)
FNDA:0,(anonymous_19)
FNDA:0,(anonymous_20)
FNDA:0,(anonymous_21)
FNDA:0,(anonymous_22)
FNDA:0,(anonymous_23)
FNDA:0,(anonymous_24)
FNDA:0,(anonymous_25)
FNDA:0,(anonymous_26)
DA:3,0
DA:4,0
DA:5,0
DA:38,0
DA:39,0
DA:47,0
DA:49,0
DA:51,0
DA:52,0
DA:53,0
DA:54,0
DA:55,0
DA:56,0
DA:57,0
DA:58,0
DA:60,0
DA:61,0
DA:63,0
DA:70,0
DA:71,0
DA:73,0
DA:74,0
DA:79,0
DA:80,0
DA:86,0
DA:87,0
DA:89,0
DA:90,0
DA:91,0
DA:93,0
DA:99,0
DA:100,0
DA:102,0
DA:103,0
DA:108,0
DA:109,0
DA:113,0
DA:115,0
DA:116,0
DA:119,0
DA:121,0
DA:126,0
DA:128,0
DA:129,0
DA:135,0
DA:137,0
DA:139,0
DA:140,0
DA:141,0
DA:143,0
DA:149,0
DA:150,0
DA:152,0
DA:153,0
DA:158,0
DA:159,0
DA:165,0
DA:166,0
DA:168,0
DA:172,0
DA:173,0
DA:175,0
DA:179,0
DA:180,0
DA:182,0
DA:186,0
DA:187,0
DA:190,0
DA:191,0
DA:194,0
LF:70
LH:0
BRDA:48,0,0,0
BRDA:48,1,0,0
BRDA:53,2,0,0
BRDA:53,2,1,0
BRDA:54,3,0,0
BRDA:54,3,1,0
BRDA:55,4,0,0
BRDA:55,4,1,0
BRDA:56,5,0,0
BRDA:56,5,1,0
BRDA:73,6,0,0
BRDA:73,6,1,0
BRDA:102,7,0,0
BRDA:102,7,1,0
BRDA:152,8,0,0
BRDA:152,8,1,0
BRF:16
BRH:0
end_of_record
TN:
SF:src/hooks/useThrottle.ts
FN:19,(anonymous_0)
FN:27,(anonymous_1)
FN:39,(anonymous_2)
FNF:3
FNH:0
FNDA:0,(anonymous_0)
FNDA:0,(anonymous_1)
FNDA:0,(anonymous_2)
DA:3,0
DA:19,0
DA:23,0
DA:24,0
DA:26,0
DA:28,0
DA:29,0
DA:31,0
DA:32,0
DA:33,0
DA:35,0
DA:36,0
DA:38,0
DA:39,0
DA:40,0
DA:41,0
LF:16
LH:0
BRDA:21,0,0,0
BRDA:31,1,0,0
BRDA:31,1,1,0
BRDA:32,2,0,0
BRDA:32,2,1,0
BRF:5
BRH:0
end_of_record
TN:
SF:src/hooks/useToast.ts
FN:12,(anonymous_0)
FNF:1
FNH:0
FNDA:0,(anonymous_0)
DA:1,0
DA:2,0
DA:12,0
DA:13,0
DA:14,0
DA:15,0
DA:17,0
DA:21,0
LF:8
LH:0
BRDA:14,0,0,0
BRDA:14,0,1,0
BRF:2
BRH:0
end_of_record
TN:
SF:src/hooks/useUnmount.ts
FN:7,(anonymous_0)
FN:8,(anonymous_1)
FNF:2
FNH:0
FNDA:0,(anonymous_0)
FNDA:0,(anonymous_1)
DA:5,0
DA:7,0
DA:8,0
DA:9,0
LF:4
LH:0
BRF:0
BRH:0
end_of_record
TN:
SF:src/services/analyticsService.ts
FN:40,(anonymous_0)
FN:44,(anonymous_1)
FN:48,(anonymous_2)
FN:69,(anonymous_3)
FN:80,(anonymous_4)
FN:88,(anonymous_5)
FN:110,(anonymous_6)
FN:118,(anonymous_7)
FN:126,(anonymous_8)
FN:128,(anonymous_9)
FN:135,(anonymous_10)
FN:139,(anonymous_11)
FN:144,(anonymous_12)
FN:153,(anonymous_13)
FN:171,(anonymous_14)
FN:175,(anonymous_15)
FNF:16
FNH:1
FNDA:0,(anonymous_0)
FNDA:2,(anonymous_1)
FNDA:0,(anonymous_2)
FNDA:0,(anonymous_3)
FNDA:0,(anonymous_4)
FNDA:0,(anonymous_5)
FNDA:0,(anonymous_6)
FNDA:0,(anonymous_7)
FNDA:0,(anonymous_8)
FNDA:0,(anonymous_9)
FNDA:0,(anonymous_10)
FNDA:0,(anonymous_11)
FNDA:0,(anonymous_12)
FNDA:0,(anonymous_13)
FNDA:0,(anonymous_14)
FNDA:0,(anonymous_15)
DA:31,2
DA:37,2
DA:38,2
DA:41,0
DA:45,2
DA:49,0
DA:51,0
DA:58,0
DA:61,0
DA:62,0
DA:66,0
DA:70,0
DA:81,0
DA:89,0
DA:90,0
DA:92,0
DA:103,0
DA:111,0
DA:119,0
DA:128,0
DA:132,0
DA:136,0
DA:140,0
DA:141,0
DA:145,0
DA:148,0
DA:149,0
DA:154,0
DA:156,0
DA:157,0
DA:162,0
DA:167,0
DA:172,0
DA:176,0
DA:180,2
LF:35
LH:5
BRDA:49,0,0,0
BRDA:49,0,1,0
BRDA:54,1,0,0
BRDA:54,1,1,0
BRDA:61,2,0,0
BRDA:61,2,1,0
BRDA:89,3,0,0
BRDA:89,3,1,0
BRDA:90,4,0,0
BRDA:90,4,1,0
BRDA:148,5,0,0
BRDA:148,5,1,0
BRDA:156,6,0,0
BRDA:156,6,1,0
BRDA:162,7,0,0
BRDA:162,7,1,0
BRDA:162,8,0,0
BRDA:162,8,1,0
BRF:18
BRH:0
end_of_record
TN:
SF:src/services/apiService.ts
FN:65,(anonymous_0)
FN:82,(anonymous_1)
FN:104,(anonymous_2)
FN:117,(anonymous_3)
FN:130,(anonymous_4)
FN:144,(anonymous_5)
FN:157,(anonymous_6)
FN:170,(anonymous_7)
FN:189,(anonymous_8)
FN:204,(anonymous_9)
FN:223,(anonymous_10)
FN:238,(anonymous_11)
FN:251,(anonymous_12)
FN:265,(anonymous_13)
FN:291,(anonymous_14)
FN:306,(anonymous_15)
FN:319,(anonymous_16)
FN:339,(anonymous_17)
FN:353,(anonymous_18)
FN:366,(anonymous_19)
FN:386,(anonymous_20)
FNF:21
FNH:0
FNDA:0,(anonymous_0)
FNDA:0,(anonymous_1)
FNDA:0,(anonymous_2)
FNDA:0,(anonymous_3)
FNDA:0,(anonymous_4)
FNDA:0,(anonymous_5)
FNDA:0,(anonymous_6)
FNDA:0,(anonymous_7)
FNDA:0,(anonymous_8)
FNDA:0,(anonymous_9)
FNDA:0,(anonymous_10)
FNDA:0,(anonymous_11)
FNDA:0,(anonymous_12)
FNDA:0,(anonymous_13)
FNDA:0,(anonymous_14)
FNDA:0,(anonymous_15)
FNDA:0,(anonymous_16)
FNDA:0,(anonymous_17)
FNDA:0,(anonymous_18)
FNDA:0,(anonymous_19)
FNDA:0,(anonymous_20)
DA:5,0
DA:6,0
DA:61,0
DA:66,0
DA:67,0
DA:71,0
DA:72,0
DA:74,0
DA:75,0
DA:87,0
DA:88,0
DA:93,0
DA:94,0
DA:96,0
DA:97,0
DA:105,0
DA:106,0
DA:107,0
DA:109,0
DA:118,0
DA:119,0
DA:120,0
DA:122,0
DA:123,0
DA:131,0
DA:132,0
DA:133,0
DA:134,0
DA:136,0
DA:137,0
DA:145,0
DA:146,0
DA:147,0
DA:149,0
DA:150,0
DA:158,0
DA:159,0
DA:160,0
DA:162,0
DA:163,0
DA:171,0
DA:172,0
DA:173,0
DA:175,0
DA:176,0
DA:185,0
DA:190,0
DA:191,0
DA:192,0
DA:193,0
DA:194,0
DA:196,0
DA:197,0
DA:205,0
DA:206,0
DA:207,0
DA:209,0
DA:210,0
DA:219,0
DA:224,0
DA:225,0
DA:226,0
DA:227,0
DA:228,0
DA:230,0
DA:231,0
DA:239,0
DA:240,0
DA:241,0
DA:243,0
DA:244,0
DA:252,0
DA:253,0
DA:254,0
DA:255,0
DA:257,0
DA:258,0
DA:270,0
DA:271,0
DA:275,0
DA:277,0
DA:278,0
DA:287,0
DA:292,0
DA:293,0
DA:294,0
DA:295,0
DA:296,0
DA:298,0
DA:299,0
DA:307,0
DA:308,0
DA:309,0
DA:311,0
DA:312,0
DA:326,0
DA:327,0
DA:328,0
DA:329,0
DA:331,0
DA:332,0
DA:340,0
DA:341,0
DA:342,0
DA:343,0
DA:345,0
DA:346,0
DA:354,0
DA:355,0
DA:356,0
DA:358,0
DA:359,0
DA:367,0
DA:368,0
DA:369,0
DA:370,0
DA:372,0
DA:373,0
DA:382,0
DA:387,0
DA:388,0
DA:389,0
DA:391,0
DA:396,0
LF:124
LH:0
BRDA:75,0,0,0
BRDA:75,0,1,0
BRDA:97,1,0,0
BRDA:97,1,1,0
BRDA:123,2,0,0
BRDA:123,2,1,0
BRDA:137,3,0,0
BRDA:137,3,1,0
BRDA:150,4,0,0
BRDA:150,4,1,0
BRDA:163,5,0,0
BRDA:163,5,1,0
BRDA:176,6,0,0
BRDA:176,6,1,0
BRDA:192,7,0,0
BRDA:192,7,1,0
BRDA:226,8,0,0
BRDA:226,8,1,0
BRDA:254,9,0,0
BRDA:254,9,1,0
BRDA:294,10,0,0
BRDA:294,10,1,0
BRDA:332,11,0,0
BRDA:332,11,1,0
BRDA:346,12,0,0
BRDA:346,12,1,0
BRDA:359,13,0,0
BRDA:359,13,1,0
BRDA:373,14,0,0
BRDA:373,14,1,0
BRF:30
BRH:0
end_of_record
TN:
SF:src/services/authService.ts
FN:34,(anonymous_0)
FN:56,(anonymous_1)
FN:78,(anonymous_2)
FN:96,(anonymous_3)
FN:117,(anonymous_4)
FN:120,(anonymous_5)
FN:135,(anonymous_6)
FN:147,(anonymous_7)
FN:159,(anonymous_8)
FN:171,(anonymous_9)
FN:185,(anonymous_10)
FN:199,(anonymous_11)
FNF:12
FNH:4
FNDA:4,(anonymous_0)
FNDA:2,(anonymous_1)
FNDA:0,(anonymous_2)
FNDA:0,(anonymous_3)
FNDA:1,(anonymous_4)
FNDA:0,(anonymous_5)
FNDA:0,(anonymous_6)
FNDA:0,(anonymous_7)
FNDA:1,(anonymous_8)
FNDA:0,(anonymous_9)
FNDA:0,(anonymous_10)
FNDA:0,(anonymous_11)
DA:3,1
DA:4,1
DA:35,4
DA:36,4
DA:37,4
DA:40,4
DA:41,4
DA:42,4
DA:44,4
DA:46,4
DA:48,0
DA:49,0
DA:57,2
DA:58,2
DA:59,2
DA:62,2
DA:63,2
DA:64,2
DA:66,2
DA:68,2
DA:70,0
DA:71,0
DA:79,0
DA:80,0
DA:81,0
DA:84,0
DA:85,0
DA:87,0
DA:88,0
DA:89,0
DA:97,0
DA:98,0
DA:99,0
DA:101,0
DA:102,0
DA:104,0
DA:105,0
DA:107,0
DA:108,0
DA:109,0
DA:110,0
DA:118,1
DA:120,1
DA:122,0
DA:126,1
DA:127,1
DA:128,1
DA:136,0
DA:137,0
DA:139,0
DA:140,0
DA:148,0
DA:149,0
DA:151,0
DA:152,0
DA:160,1
DA:161,1
DA:163,0
DA:164,0
DA:172,0
DA:173,0
DA:174,0
DA:175,0
DA:177,0
DA:178,0
DA:186,0
DA:187,0
DA:188,0
DA:189,0
DA:191,0
DA:192,0
DA:200,0
DA:201,0
DA:202,0
DA:204,0
DA:205,0
DA:210,1
LF:77
LH:26
BRDA:41,0,0,4
BRDA:41,0,1,0
BRDA:63,1,0,2
BRDA:63,1,1,0
BRDA:81,2,0,0
BRDA:81,2,1,0
BRDA:99,3,0,0
BRDA:99,3,1,0
BRF:8
BRH:2
end_of_record
TN:
SF:src/services/bookingService.ts
FN:74,(anonymous_0)
FN:99,(anonymous_1)
FN:113,(anonymous_2)
FN:126,(anonymous_3)
FN:149,(anonymous_4)
FN:163,(anonymous_5)
FN:177,(anonymous_6)
FN:201,(anonymous_7)
FN:217,(anonymous_8)
FN:235,(anonymous_9)
FN:242,(anonymous_10)
FN:250,(anonymous_11)
FN:264,(anonymous_12)
FN:275,(anonymous_13)
FN:276,(anonymous_14)
FN:277,(anonymous_15)
FN:285,(anonymous_16)
FN:297,(anonymous_17)
FN:304,(anonymous_18)
FNF:19
FNH:4
FNDA:5,(anonymous_0)
FNDA:0,(anonymous_1)
FNDA:0,(anonymous_2)
FNDA:5,(anonymous_3)
FNDA:1,(anonymous_4)
FNDA:1,(anonymous_5)
FNDA:0,(anonymous_6)
FNDA:0,(anonymous_7)
FNDA:0,(anonymous_8)
FNDA:0,(anonymous_9)
FNDA:0,(anonymous_10)
FNDA:0,(anonymous_11)
FNDA:0,(anonymous_12)
FNDA:0,(anonymous_13)
FNDA:0,(anonymous_14)
FNDA:0,(anonymous_15)
FNDA:0,(anonymous_16)
FNDA:0,(anonymous_17)
FNDA:0,(anonymous_18)
DA:3,1
DA:4,1
DA:5,1
DA:75,5
DA:76,5
DA:77,5
DA:79,4
DA:80,4
DA:83,4
DA:84,0
DA:85,0
DA:88,4
DA:90,1
DA:92,1
DA:100,0
DA:101,0
DA:102,0
DA:103,0
DA:105,0
DA:106,0
DA:114,0
DA:115,0
DA:116,0
DA:118,0
DA:119,0
DA:127,5
DA:128,5
DA:130,5
DA:138,5
DA:139,5
DA:141,0
DA:142,0
DA:150,1
DA:151,1
DA:152,1
DA:153,1
DA:155,0
DA:156,0
DA:164,1
DA:165,1
DA:166,1
DA:167,1
DA:169,0
DA:170,0
DA:178,0
DA:179,0
DA:180,0
DA:184,0
DA:185,0
DA:187,0
DA:189,0
DA:190,0
DA:191,0
DA:192,0
DA:194,0
DA:202,0
DA:203,0
DA:204,0
DA:205,0
DA:206,0
DA:207,0
DA:209,0
DA:210,0
DA:218,0
DA:219,0
DA:220,0
DA:222,0
DA:223,0
DA:224,0
DA:225,0
DA:227,0
DA:228,0
DA:236,0
DA:237,0
DA:238,0
DA:239,0
DA:241,0
DA:242,0
DA:243,0
DA:251,0
DA:252,0
DA:253,0
DA:254,0
DA:256,0
DA:257,0
DA:265,0
DA:266,0
DA:267,0
DA:268,0
DA:270,0
DA:272,0
DA:273,0
DA:275,0
DA:276,0
DA:277,0
DA:286,0
DA:287,0
DA:289,0
DA:290,0
DA:298,0
DA:299,0
DA:301,0
DA:302,0
DA:304,0
DA:305,0
DA:306,0
DA:309,0
DA:310,0
DA:315,1
LF:109
LH:26
BRDA:79,0,0,4
BRDA:79,0,1,4
BRDA:79,0,2,0
BRDA:83,1,0,0
BRDA:83,1,1,4
BRDA:103,2,0,0
BRDA:103,2,1,0
BRDA:184,3,0,0
BRDA:184,3,1,0
BRDA:184,3,2,0
BRDA:205,4,0,0
BRDA:205,4,1,0
BRDA:205,4,2,0
BRDA:219,5,0,0
BRDA:219,5,1,0
BRDA:223,6,0,0
BRDA:223,6,1,0
BRDA:223,6,2,0
BRDA:239,7,0,0
BRDA:239,7,1,0
BRDA:243,8,0,0
BRDA:243,8,1,0
BRDA:276,9,0,0
BRDA:276,9,1,0
BRDA:306,10,0,0
BRDA:306,10,1,0
BRF:26
BRH:3
end_of_record
TN:
SF:src/services/errorHandler.ts
FN:8,(anonymous_0)
FN:20,(anonymous_1)
FN:90,(anonymous_2)
FN:110,(anonymous_3)
FNF:4
FNH:0
FNDA:0,(anonymous_0)
FNDA:0,(anonymous_1)
FNDA:0,(anonymous_2)
FNDA:0,(anonymous_3)
DA:3,0
DA:9,0
DA:10,0
DA:11,0
DA:12,0
DA:13,0
DA:20,0
DA:22,0
DA:23,0
DA:31,0
DA:35,0
DA:40,0
DA:79,0
DA:84,0
DA:90,0
DA:91,0
DA:92,0
DA:101,0
DA:110,0
DA:111,0
DA:112,0
DA:115,0
DA:116,0
DA:119,0
LF:24
LH:0
BRDA:22,0,0,0
BRDA:22,0,1,0
BRDA:24,1,0,0
BRDA:24,1,1,0
BRDA:35,2,0,0
BRDA:35,2,1,0
BRDA:37,3,0,0
BRDA:37,3,1,0
BRDA:37,3,2,0
BRDA:79,4,0,0
BRDA:79,4,1,0
BRDA:111,5,0,0
BRDA:111,5,1,0
BRDA:115,6,0,0
BRDA:115,6,1,0
BRF:15
BRH:0
end_of_record
TN:
SF:src/services/notificationService.ts
FN:11,(anonymous_10)
FN:42,initializeNotifications
FN:74,storePushToken
FN:95,getPushToken
FN:108,sendLocalNotification
FN:138,scheduleNotification
FN:177,cancelNotification
FN:188,cancelAllNotifications
FN:199,getScheduledNotifications
FN:211,sendBookingConfirmationNotification
FN:241,sendAppointmentReminderNotification
FN:265,sendCancellationNotification
FN:286,sendRescheduleNotification
FN:317,sendPaymentNotification
FN:336,sendReviewRequestNotification
FN:358,onNotificationResponse
FN:362,(anonymous_26)
FN:367,(anonymous_27)
FN:374,onNotificationReceived
FN:378,(anonymous_29)
FN:383,(anonymous_30)
FNF:21
FNH:0
FNDA:0,(anonymous_10)
FNDA:0,initializeNotifications
FNDA:0,storePushToken
FNDA:0,getPushToken
FNDA:0,sendLocalNotification
FNDA:0,scheduleNotification
FNDA:0,cancelNotification
FNDA:0,cancelAllNotifications
FNDA:0,getScheduledNotifications
FNDA:0,sendBookingConfirmationNotification
FNDA:0,sendAppointmentReminderNotification
FNDA:0,sendCancellationNotification
FNDA:0,sendRescheduleNotification
FNDA:0,sendPaymentNotification
FNDA:0,sendReviewRequestNotification
FNDA:0,onNotificationResponse
FNDA:0,(anonymous_26)
FNDA:0,(anonymous_27)
FNDA:0,onNotificationReceived
FNDA:0,(anonymous_29)
FNDA:0,(anonymous_30)
DA:6,0
DA:7,0
DA:10,0
DA:11,0
DA:42,0
DA:43,0
DA:45,0
DA:46,0
DA:48,0
DA:49,0
DA:50,0
DA:53,0
DA:54,0
DA:55,0
DA:59,0
DA:63,0
DA:64,0
DA:66,0
DA:67,0
DA:75,0
DA:76,0
DA:83,0
DA:88,0
DA:95,0
DA:96,0
DA:97,0
DA:98,0
DA:100,0
DA:101,0
DA:108,0
DA:112,0
DA:113,0
DA:127,0
DA:129,0
DA:130,0
DA:138,0
DA:142,0
DA:143,0
DA:144,0
DA:148,0
DA:149,0
DA:150,0
DA:153,0
DA:167,0
DA:169,0
DA:170,0
DA:177,0
DA:178,0
DA:179,0
DA:181,0
DA:188,0
DA:189,0
DA:190,0
DA:192,0
DA:199,0
DA:200,0
DA:201,0
DA:203,0
DA:204,0
DA:211,0
DA:216,0
DA:225,0
DA:241,0
DA:247,0
DA:249,0
DA:265,0
DA:270,0
DA:286,0
DA:292,0
DA:300,0
DA:317,0
DA:321,0
DA:336,0
DA:341,0
DA:358,0
DA:361,0
DA:363,0
DA:367,0
DA:374,0
DA:377,0
DA:379,0
DA:383,0
LF:82
LH:0
BRDA:48,0,0,0
BRDA:48,0,1,0
BRDA:53,1,0,0
BRDA:53,1,1,0
BRDA:60,2,0,0
BRDA:60,2,1,0
BRDA:98,3,0,0
BRDA:98,3,1,0
BRDA:110,4,0,0
BRDA:117,5,0,0
BRDA:117,5,1,0
BRDA:148,6,0,0
BRDA:148,6,1,0
BRDA:157,7,0,0
BRDA:157,7,1,0
BRDA:245,8,0,0
BRF:16
BRH:0
end_of_record
TN:
SF:src/services/offlineBookingQueue.ts
FN:34,(anonymous_1)
FN:43,(anonymous_2)
FN:56,(anonymous_3)
FN:82,(anonymous_4)
FN:89,(anonymous_5)
FN:96,(anonymous_6)
FN:127,(anonymous_7)
FN:143,(anonymous_8)
FN:157,(anonymous_9)
FN:187,(anonymous_10)
FN:188,(anonymous_11)
FN:198,(anonymous_12)
FN:206,(anonymous_13)
FNF:13
FNH:0
FNDA:0,(anonymous_1)
FNDA:0,(anonymous_2)
FNDA:0,(anonymous_3)
FNDA:0,(anonymous_4)
FNDA:0,(anonymous_5)
FNDA:0,(anonymous_6)
FNDA:0,(anonymous_7)
FNDA:0,(anonymous_8)
FNDA:0,(anonymous_9)
FNDA:0,(anonymous_10)
FNDA:0,(anonymous_11)
FNDA:0,(anonymous_12)
FNDA:0,(anonymous_13)
DA:6,0
DA:7,0
DA:8,0
DA:9,0
DA:24,0
DA:25,0
DA:28,0
DA:29,0
DA:35,0
DA:36,0
DA:37,0
DA:39,0
DA:42,0
DA:43,0
DA:44,0
DA:48,0
DA:49,0
DA:57,0
DA:65,0
DA:66,0
DA:68,0
DA:74,0
DA:76,0
DA:83,0
DA:90,0
DA:97,0
DA:98,0
DA:99,0
DA:103,0
DA:104,0
DA:105,0
DA:106,0
DA:109,0
DA:110,0
DA:111,0
DA:113,0
DA:116,0
DA:118,0
DA:120,0
DA:121,0
DA:122,0
DA:125,0
DA:127,0
DA:128,0
DA:129,0
DA:130,0
DA:134,0
DA:143,0
DA:144,0
DA:145,0
DA:148,0
DA:150,0
DA:155,0
DA:157,0
DA:158,0
DA:159,0
DA:160,0
DA:163,0
DA:164,0
DA:165,0
DA:166,0
DA:176,0
DA:177,0
DA:179,0
DA:181,0
DA:188,0
DA:189,0
DA:190,0
DA:191,0
DA:199,0
DA:200,0
DA:207,0
DA:208,0
DA:210,0
DA:216,0
LF:75
LH:0
BRDA:37,0,0,0
BRDA:37,0,1,0
BRDA:42,1,0,0
BRDA:42,1,1,0
BRDA:97,2,0,0
BRDA:97,2,1,0
BRDA:104,3,0,0
BRDA:104,3,1,0
BRDA:120,4,0,0
BRDA:120,4,1,0
BRDA:120,5,0,0
BRDA:120,5,1,0
BRDA:128,6,0,0
BRDA:128,6,1,0
BRDA:139,7,0,0
BRDA:139,7,1,0
BRDA:144,8,0,0
BRDA:144,8,1,0
BRDA:158,9,0,0
BRDA:158,9,1,0
BRDA:160,10,0,0
BRDA:160,10,1,0
BRDA:163,11,0,0
BRDA:163,11,1,0
BRDA:189,12,0,0
BRDA:189,12,1,0
BRF:26
BRH:0
end_of_record
TN:
SF:src/services/offlineQueue.ts
FN:30,(anonymous_1)
FN:46,(anonymous_2)
FN:87,(anonymous_3)
FN:88,(anonymous_4)
FN:95,(anonymous_5)
FN:102,(anonymous_6)
FN:109,(anonymous_7)
FN:118,(anonymous_8)
FN:140,(anonymous_9)
FN:207,(anonymous_10)
FN:232,(anonymous_11)
FNF:11
FNH:0
FNDA:0,(anonymous_1)
FNDA:0,(anonymous_2)
FNDA:0,(anonymous_3)
FNDA:0,(anonymous_4)
FNDA:0,(anonymous_5)
FNDA:0,(anonymous_6)
FNDA:0,(anonymous_7)
FNDA:0,(anonymous_8)
FNDA:0,(anonymous_9)
FNDA:0,(anonymous_10)
FNDA:0,(anonymous_11)
DA:6,0
DA:7,0
DA:20,0
DA:21,0
DA:24,0
DA:25,0
DA:31,0
DA:32,0
DA:33,0
DA:34,0
DA:35,0
DA:38,0
DA:39,0
DA:53,0
DA:65,0
DA:66,0
DA:67,0
DA:73,0
DA:74,0
DA:76,0
DA:81,0
DA:88,0
DA:89,0
DA:96,0
DA:103,0
DA:110,0
DA:111,0
DA:112,0
DA:125,0
DA:126,0
DA:127,0
DA:134,0
DA:135,0
DA:136,0
DA:138,0
DA:140,0
DA:141,0
DA:142,0
DA:143,0
DA:145,0
DA:149,0
DA:150,0
DA:151,0
DA:153,0
DA:154,0
DA:155,0
DA:156,0
DA:162,0
DA:165,0
DA:166,0
DA:167,0
DA:173,0
DA:174,0
DA:175,0
DA:183,0
DA:190,0
DA:194,0
DA:197,0
DA:213,0
DA:220,0
DA:221,0
DA:222,0
DA:226,0
DA:233,0
DA:234,0
DA:236,0
DA:246,0
LF:67
LH:0
BRDA:33,0,0,0
BRDA:33,0,1,0
BRDA:50,1,0,0
BRDA:51,2,0,0
BRDA:65,3,0,0
BRDA:65,3,1,0
BRDA:125,4,0,0
BRDA:125,4,1,0
BRDA:142,5,0,0
BRDA:142,5,1,0
BRDA:153,6,0,0
BRDA:153,6,1,0
BRDA:165,7,0,0
BRDA:165,7,1,0
BRDA:217,8,0,0
BRDA:217,8,1,0
BRDA:221,9,0,0
BRDA:221,9,1,0
BRDA:223,10,0,0
BRDA:223,10,1,0
BRF:20
BRH:0
end_of_record
TN:
SF:src/services/offlineSyncService.ts
FN:55,(anonymous_1)
FN:79,(anonymous_2)
FN:86,(anonymous_3)
FN:99,(anonymous_4)
FN:108,(anonymous_5)
FN:117,(anonymous_6)
FN:133,(anonymous_7)
FN:145,(anonymous_8)
FN:189,(anonymous_9)
FN:202,(anonymous_10)
FN:204,(anonymous_11)
FN:205,(anonymous_12)
FN:219,(anonymous_13)
FN:223,(anonymous_14)
FN:229,(anonymous_15)
FN:233,(anonymous_16)
FN:239,(anonymous_17)
FN:240,(anonymous_18)
FN:248,(anonymous_19)
FN:249,(anonymous_20)
FN:257,(anonymous_21)
FN:265,(anonymous_22)
FN:280,(anonymous_23)
FN:304,(anonymous_24)
FN:314,(anonymous_25)
FN:358,(anonymous_26)
FN:376,(anonymous_27)
FN:417,(anonymous_28)
FN:428,(anonymous_29)
FN:441,(anonymous_30)
FN:442,(anonymous_31)
FNF:31
FNH:0
FNDA:0,(anonymous_1)
FNDA:0,(anonymous_2)
FNDA:0,(anonymous_3)
FNDA:0,(anonymous_4)
FNDA:0,(anonymous_5)
FNDA:0,(anonymous_6)
FNDA:0,(anonymous_7)
FNDA:0,(anonymous_8)
FNDA:0,(anonymous_9)
FNDA:0,(anonymous_10)
FNDA:0,(anonymous_11)
FNDA:0,(anonymous_12)
FNDA:0,(anonymous_13)
FNDA:0,(anonymous_14)
FNDA:0,(anonymous_15)
FNDA:0,(anonymous_16)
FNDA:0,(anonymous_17)
FNDA:0,(anonymous_18)
FNDA:0,(anonymous_19)
FNDA:0,(anonymous_20)
FNDA:0,(anonymous_21)
FNDA:0,(anonymous_22)
FNDA:0,(anonymous_23)
FNDA:0,(anonymous_24)
FNDA:0,(anonymous_25)
FNDA:0,(anonymous_26)
FNDA:0,(anonymous_27)
FNDA:0,(anonymous_28)
FNDA:0,(anonymous_29)
FNDA:0,(anonymous_30)
FNDA:0,(anonymous_31)
DA:7,0
DA:8,0
DA:10,0
DA:37,0
DA:38,0
DA:39,0
DA:40,0
DA:43,0
DA:44,0
DA:45,0
DA:46,0
DA:47,0
DA:48,0
DA:49,0
DA:56,0
DA:57,0
DA:61,0
DA:64,0
DA:66,0
DA:68,0
DA:69,0
DA:81,0
DA:82,0
DA:86,0
DA:87,0
DA:88,0
DA:92,0
DA:100,0
DA:101,0
DA:102,0
DA:109,0
DA:110,0
DA:111,0
DA:118,0
DA:119,0
DA:120,0
DA:121,0
DA:122,0
DA:125,0
DA:126,0
DA:134,0
DA:135,0
DA:137,0
DA:150,0
DA:152,0
DA:163,0
DA:164,0
DA:167,0
DA:168,0
DA:170,0
DA:176,0
DA:181,0
DA:183,0
DA:193,0
DA:203,0
DA:204,0
DA:205,0
DA:207,0
DA:220,0
DA:222,0
DA:223,0
DA:230,0
DA:232,0
DA:233,0
DA:240,0
DA:241,0
DA:249,0
DA:250,0
DA:259,0
DA:266,0
DA:268,0
DA:269,0
DA:272,0
DA:281,0
DA:282,0
DA:285,0
DA:286,0
DA:288,0
DA:289,0
DA:291,0
DA:292,0
DA:293,0
DA:295,0
DA:297,0
DA:298,0
DA:299,0
DA:302,0
DA:303,0
DA:304,0
DA:305,0
DA:306,0
DA:307,0
DA:309,0
DA:310,0
DA:312,0
DA:314,0
DA:315,0
DA:317,0
DA:326,0
DA:329,0
DA:330,0
DA:334,0
DA:336,0
DA:342,0
DA:346,0
DA:348,0
DA:350,0
DA:351,0
DA:354,0
DA:358,0
DA:361,0
DA:362,0
DA:366,0
DA:367,0
DA:370,0
DA:377,0
DA:379,0
DA:380,0
DA:382,0
DA:389,0
DA:392,0
DA:393,0
DA:395,0
DA:400,0
DA:403,0
DA:404,0
DA:406,0
DA:407,0
DA:410,0
DA:418,0
DA:419,0
DA:420,0
DA:421,0
DA:422,0
DA:429,0
DA:430,0
DA:431,0
DA:433,0
DA:434,0
DA:435,0
DA:442,0
DA:443,0
DA:444,0
DA:447,0
DA:448,0
DA:449,0
DA:453,0
LF:147
LH:0
BRDA:69,0,0,0
BRDA:69,0,1,0
BRDA:81,1,0,0
BRDA:81,1,1,0
BRDA:87,2,0,0
BRDA:87,2,1,0
BRDA:87,3,0,0
BRDA:87,3,1,0
BRDA:120,4,0,0
BRDA:120,4,1,0
BRDA:205,5,0,0
BRDA:205,5,1,0
BRDA:205,6,0,0
BRDA:205,6,1,0
BRDA:211,7,0,0
BRDA:211,7,1,0
BRDA:268,8,0,0
BRDA:268,8,1,0
BRDA:281,9,0,0
BRDA:281,9,1,0
BRDA:281,10,0,0
BRDA:281,10,1,0
BRDA:297,11,0,0
BRDA:297,11,1,0
BRDA:297,12,0,0
BRDA:297,12,1,0
BRDA:310,13,0,0
BRDA:310,13,1,0
BRDA:312,14,0,0
BRDA:312,14,1,0
BRDA:318,15,0,0
BRDA:318,15,1,0
BRDA:330,16,0,0
BRDA:330,16,1,0
BRDA:350,17,0,0
BRDA:350,17,1,0
BRDA:350,18,0,0
BRDA:350,18,1,0
BRDA:362,19,0,0
BRDA:362,19,1,0
BRDA:377,20,0,0
BRDA:377,20,1,0
BRDA:377,20,2,0
BRDA:377,20,3,0
BRDA:379,21,0,0
BRDA:379,21,1,0
BRDA:379,22,0,0
BRDA:379,22,1,0
BRDA:379,22,2,0
BRDA:379,22,3,0
BRDA:387,23,0,0
BRDA:387,23,1,0
BRDA:392,24,0,0
BRDA:392,24,1,0
BRDA:403,25,0,0
BRDA:403,25,1,0
BRDA:429,26,0,0
BRDA:429,26,1,0
BRDA:443,27,0,0
BRDA:443,27,1,0
BRF:60
BRH:0
end_of_record
TN:
SF:src/services/passwordResetService.ts
FN:24,(anonymous_0)
FN:39,(anonymous_1)
FN:54,(anonymous_2)
FN:82,(anonymous_3)
FN:106,(anonymous_4)
FN:114,(anonymous_5)
FN:149,(anonymous_6)
FNF:7
FNH:0
FNDA:0,(anonymous_0)
FNDA:0,(anonymous_1)
FNDA:0,(anonymous_2)
FNDA:0,(anonymous_3)
FNDA:0,(anonymous_4)
FNDA:0,(anonymous_5)
FNDA:0,(anonymous_6)
DA:3,0
DA:25,0
DA:26,0
DA:30,0
DA:32,0
DA:40,0
DA:41,0
DA:45,0
DA:47,0
DA:55,0
DA:57,0
DA:58,0
DA:62,0
DA:63,0
DA:66,0
DA:73,0
DA:75,0
DA:83,0
DA:85,0
DA:86,0
DA:89,0
DA:96,0
DA:98,0
DA:107,0
DA:108,0
DA:118,0
DA:119,0
DA:121,0
DA:122,0
DA:124,0
DA:125,0
DA:127,0
DA:128,0
DA:130,0
DA:131,0
DA:133,0
DA:140,0
DA:150,0
DA:151,0
DA:153,0
DA:154,0
DA:156,0
DA:157,0
DA:159,0
DA:163,0
LF:45
LH:0
BRDA:57,0,0,0
BRDA:57,0,1,0
BRDA:62,1,0,0
BRDA:62,1,1,0
BRDA:85,2,0,0
BRDA:85,2,1,0
BRDA:121,3,0,0
BRDA:121,3,1,0
BRDA:124,4,0,0
BRDA:124,4,1,0
BRDA:127,5,0,0
BRDA:127,5,1,0
BRDA:130,6,0,0
BRDA:130,6,1,0
BRDA:141,7,0,0
BRDA:141,7,1,0
BRDA:142,8,0,0
BRDA:142,8,1,0
BRDA:150,9,0,0
BRDA:150,9,1,0
BRDA:153,10,0,0
BRDA:153,10,1,0
BRDA:154,11,0,0
BRDA:154,11,1,0
BRDA:156,12,0,0
BRDA:156,12,1,0
BRF:26
BRH:0
end_of_record
TN:
SF:src/services/paymentService.ts
FN:44,(anonymous_1)
FN:71,(anonymous_2)
FN:111,(anonymous_3)
FN:175,(anonymous_4)
FN:211,(anonymous_5)
FN:214,(anonymous_6)
FN:237,(anonymous_7)
FN:241,(anonymous_8)
FN:264,(anonymous_9)
FN:297,(anonymous_10)
FN:315,(anonymous_11)
FN:326,(anonymous_12)
FN:333,(anonymous_13)
FNF:13
FNH:0
FNDA:0,(anonymous_1)
FNDA:0,(anonymous_2)
FNDA:0,(anonymous_3)
FNDA:0,(anonymous_4)
FNDA:0,(anonymous_5)
FNDA:0,(anonymous_6)
FNDA:0,(anonymous_7)
FNDA:0,(anonymous_8)
FNDA:0,(anonymous_9)
FNDA:0,(anonymous_10)
FNDA:0,(anonymous_11)
FNDA:0,(anonymous_12)
FNDA:0,(anonymous_13)
DA:6,0
DA:7,0
DA:38,0
DA:39,0
DA:45,0
DA:46,0
DA:47,0
DA:50,0
DA:51,0
DA:54,0
DA:55,0
DA:59,0
DA:60,0
DA:64,0
DA:77,0
DA:78,0
DA:85,0
DA:91,0
DA:93,0
DA:94,0
DA:102,0
DA:117,0
DA:118,0
DA:125,0
DA:133,0
DA:134,0
DA:140,0
DA:149,0
DA:151,0
DA:152,0
DA:160,0
DA:168,0
DA:176,0
DA:177,0
DA:181,0
DA:190,0
DA:192,0
DA:197,0
DA:199,0
DA:200,0
DA:204,0
DA:212,0
DA:213,0
DA:214,0
DA:223,0
DA:225,0
DA:226,0
DA:230,0
DA:238,0
DA:239,0
DA:241,0
DA:243,0
DA:247,0
DA:249,0
DA:250,0
DA:257,0
DA:275,0
DA:276,0
DA:283,0
DA:285,0
DA:286,0
DA:290,0
DA:302,0
DA:303,0
DA:305,0
DA:316,0
DA:320,0
DA:327,0
DA:334,0
DA:338,0
LF:70
LH:0
BRDA:46,0,0,0
BRDA:46,0,1,0
BRDA:61,1,0,0
BRDA:61,1,1,0
BRDA:95,2,0,0
BRDA:95,2,1,0
BRDA:133,3,0,0
BRDA:133,3,1,0
BRDA:141,4,0,0
BRDA:141,4,1,0
BRDA:151,5,0,0
BRDA:151,5,1,0
BRDA:161,6,0,0
BRDA:161,6,1,0
BRDA:201,7,0,0
BRDA:201,7,1,0
BRDA:227,8,0,0
BRDA:227,8,1,0
BRDA:251,9,0,0
BRDA:251,9,1,0
BRDA:278,10,0,0
BRDA:278,10,1,0
BRDA:279,11,0,0
BRDA:279,11,1,0
BRDA:287,12,0,0
BRDA:287,12,1,0
BRDA:297,13,0,0
BRDA:315,14,0,0
BRF:28
BRH:0
end_of_record
TN:
SF:src/services/performanceMonitor.ts
FN:38,(anonymous_1)
FN:51,(anonymous_2)
FN:75,(anonymous_3)
FN:83,(anonymous_4)
FN:86,(anonymous_5)
FN:108,(anonymous_6)
FN:128,(anonymous_7)
FN:135,(anonymous_8)
FN:143,(anonymous_9)
FN:149,(anonymous_10)
FN:164,(anonymous_11)
FN:172,(anonymous_12)
FN:179,(anonymous_13)
FN:192,(anonymous_14)
FN:195,(anonymous_15)
FNF:15
FNH:0
FNDA:0,(anonymous_1)
FNDA:0,(anonymous_2)
FNDA:0,(anonymous_3)
FNDA:0,(anonymous_4)
FNDA:0,(anonymous_5)
FNDA:0,(anonymous_6)
FNDA:0,(anonymous_7)
FNDA:0,(anonymous_8)
FNDA:0,(anonymous_9)
FNDA:0,(anonymous_10)
FNDA:0,(anonymous_11)
FNDA:0,(anonymous_12)
FNDA:0,(anonymous_13)
FNDA:0,(anonymous_14)
FNDA:0,(anonymous_15)
DA:30,0
DA:31,0
DA:32,0
DA:33,0
DA:39,0
DA:41,0
DA:52,0
DA:54,0
DA:55,0
DA:56,0
DA:57,0
DA:60,0
DA:61,0
DA:64,0
DA:65,0
DA:66,0
DA:69,0
DA:76,0
DA:77,0
DA:84,0
DA:86,0
DA:87,0
DA:88,0
DA:90,0
DA:100,0
DA:101,0
DA:109,0
DA:111,0
DA:112,0
DA:120,0
DA:121,0
DA:129,0
DA:140,0
DA:142,0
DA:143,0
DA:148,0
DA:150,0
DA:154,0
DA:165,0
DA:166,0
DA:173,0
DA:180,0
DA:187,0
DA:192,0
DA:193,0
DA:195,0
DA:196,0
DA:197,0
DA:202,0
LF:49
LH:0
BRDA:39,0,0,0
BRDA:39,0,1,0
BRDA:52,1,0,0
BRDA:52,1,1,0
BRDA:55,2,0,0
BRDA:55,2,1,0
BRDA:64,3,0,0
BRDA:64,3,1,0
BRDA:77,4,0,0
BRDA:77,4,1,0
BRDA:84,5,0,0
BRDA:84,5,1,0
BRDA:87,6,0,0
BRDA:87,6,1,0
BRDA:100,7,0,0
BRDA:100,7,1,0
BRDA:109,8,0,0
BRDA:109,8,1,0
BRDA:111,9,0,0
BRDA:111,9,1,0
BRDA:120,10,0,0
BRDA:120,10,1,0
BRDA:142,11,0,0
BRDA:142,11,1,0
BRDA:148,12,0,0
BRDA:148,12,1,0
BRDA:150,13,0,0
BRDA:150,13,1,0
BRF:28
BRH:0
end_of_record
TN:
SF:src/services/reviewService.ts
FN:35,(anonymous_0)
FN:60,(anonymous_1)
FN:74,(anonymous_2)
FN:92,(anonymous_3)
FN:117,(anonymous_4)
FN:128,(anonymous_5)
FN:142,(anonymous_6)
FN:154,(anonymous_7)
FN:168,(anonymous_8)
FN:187,(anonymous_9)
FN:194,(anonymous_10)
FN:208,(anonymous_11)
FN:219,(anonymous_12)
FNF:13
FNH:0
FNDA:0,(anonymous_0)
FNDA:0,(anonymous_1)
FNDA:0,(anonymous_2)
FNDA:0,(anonymous_3)
FNDA:0,(anonymous_4)
FNDA:0,(anonymous_5)
FNDA:0,(anonymous_6)
FNDA:0,(anonymous_7)
FNDA:0,(anonymous_8)
FNDA:0,(anonymous_9)
FNDA:0,(anonymous_10)
FNDA:0,(anonymous_11)
FNDA:0,(anonymous_12)
DA:3,0
DA:36,0
DA:38,0
DA:39,0
DA:43,0
DA:44,0
DA:47,0
DA:51,0
DA:53,0
DA:61,0
DA:62,0
DA:65,0
DA:67,0
DA:75,0
DA:76,0
DA:79,0
DA:82,0
DA:83,0
DA:85,0
DA:93,0
DA:95,0
DA:96,0
DA:100,0
DA:101,0
DA:104,0
DA:108,0
DA:110,0
DA:118,0
DA:119,0
DA:121,0
DA:129,0
DA:130,0
DA:133,0
DA:135,0
DA:143,0
DA:144,0
DA:145,0
DA:147,0
DA:155,0
DA:156,0
DA:159,0
DA:161,0
DA:174,0
DA:175,0
DA:178,0
DA:180,0
DA:188,0
DA:195,0
DA:202,0
DA:209,0
DA:210,0
DA:211,0
DA:212,0
DA:213,0
DA:220,0
DA:221,0
DA:223,0
DA:224,0
DA:226,0
DA:227,0
DA:229,0
DA:233,0
LF:62
LH:0
BRDA:38,0,0,0
BRDA:38,0,1,0
BRDA:38,1,0,0
BRDA:38,1,1,0
BRDA:43,2,0,0
BRDA:43,2,1,0
BRDA:82,3,0,0
BRDA:82,3,1,0
BRDA:95,4,0,0
BRDA:95,4,1,0
BRDA:95,5,0,0
BRDA:95,5,1,0
BRDA:95,5,2,0
BRDA:100,6,0,0
BRDA:100,6,1,0
BRDA:100,7,0,0
BRDA:100,7,1,0
BRDA:202,8,0,0
BRDA:202,8,1,0
BRDA:209,9,0,0
BRDA:209,9,1,0
BRDA:210,10,0,0
BRDA:210,10,1,0
BRDA:211,11,0,0
BRDA:211,11,1,0
BRDA:212,12,0,0
BRDA:212,12,1,0
BRDA:220,13,0,0
BRDA:220,13,1,0
BRDA:223,14,0,0
BRDA:223,14,1,0
BRDA:224,15,0,0
BRDA:224,15,1,0
BRDA:226,16,0,0
BRDA:226,16,1,0
BRF:35
BRH:0
end_of_record
TN:
SF:src/services/testService.ts
FN:6,(anonymous_0)
FN:12,(anonymous_1)
FN:16,(anonymous_2)
FN:20,(anonymous_3)
FN:25,(anonymous_4)
FN:26,(anonymous_5)
FN:29,(anonymous_6)
FN:33,(anonymous_7)
FNF:8
FNH:0
FNDA:0,(anonymous_0)
FNDA:0,(anonymous_1)
FNDA:0,(anonymous_2)
FNDA:0,(anonymous_3)
FNDA:0,(anonymous_4)
FNDA:0,(anonymous_5)
FNDA:0,(anonymous_6)
FNDA:0,(anonymous_7)
DA:5,0
DA:7,0
DA:8,0
DA:13,0
DA:17,0
DA:21,0
DA:25,0
DA:26,0
DA:29,0
DA:30,0
DA:33,0
DA:34,0
DA:35,0
DA:36,0
DA:38,0
LF:15
LH:0
BRDA:7,0,0,0
BRDA:7,0,1,0
BRDA:8,1,0,0
BRDA:8,1,1,0
BRDA:13,2,0,0
BRDA:13,2,1,0
BRDA:17,3,0,0
BRDA:17,3,1,0
BRDA:21,4,0,0
BRDA:21,4,1,0
BRF:10
BRH:0
end_of_record
TN:
SF:src/utils/advancedValidation.ts
FN:9,(anonymous_0)
FN:32,(anonymous_1)
FN:87,(anonymous_2)
FN:101,(anonymous_3)
FN:118,(anonymous_4)
FN:133,(anonymous_5)
FN:157,(anonymous_6)
FN:171,(anonymous_7)
FN:185,(anonymous_8)
FN:226,(anonymous_9)
FN:237,(anonymous_10)
FNF:11
FNH:0
FNDA:0,(anonymous_0)
FNDA:0,(anonymous_1)
FNDA:0,(anonymous_2)
FNDA:0,(anonymous_3)
FNDA:0,(anonymous_4)
FNDA:0,(anonymous_5)
FNDA:0,(anonymous_6)
FNDA:0,(anonymous_7)
FNDA:0,(anonymous_8)
FNDA:0,(anonymous_9)
FNDA:0,(anonymous_10)
DA:9,0
DA:12,0
DA:14,0
DA:15,0
DA:18,0
DA:19,0
DA:22,0
DA:23,0
DA:26,0
DA:32,0
DA:46,0
DA:48,0
DA:49,0
DA:51,0
DA:52,0
DA:56,0
DA:57,0
DA:59,0
DA:63,0
DA:64,0
DA:65,0
DA:66,0
DA:70,0
DA:71,0
DA:72,0
DA:73,0
DA:77,0
DA:78,0
DA:79,0
DA:80,0
DA:84,0
DA:87,0
DA:88,0
DA:89,0
DA:92,0
DA:93,0
DA:95,0
DA:101,0
DA:102,0
DA:103,0
DA:107,0
DA:112,0
DA:118,0
DA:120,0
DA:121,0
DA:127,0
DA:133,0
DA:134,0
DA:135,0
DA:138,0
DA:139,0
DA:142,0
DA:143,0
DA:147,0
DA:148,0
DA:151,0
DA:157,0
DA:158,0
DA:159,0
DA:161,0
DA:162,0
DA:165,0
DA:171,0
DA:173,0
DA:175,0
DA:176,0
DA:179,0
DA:185,0
DA:191,0
DA:193,0
DA:194,0
DA:197,0
DA:198,0
DA:201,0
DA:202,0
DA:204,0
DA:205,0
DA:206,0
DA:210,0
DA:211,0
DA:213,0
DA:214,0
DA:215,0
DA:219,0
DA:220,0
DA:226,0
DA:227,0
DA:228,0
DA:229,0
DA:230,0
DA:231,0
DA:237,0
DA:238,0
DA:239,0
DA:240,0
DA:241,0
DA:242,0
LF:97
LH:0
BRDA:14,0,0,0
BRDA:14,0,1,0
BRDA:18,1,0,0
BRDA:18,1,1,0
BRDA:22,2,0,0
BRDA:22,2,1,0
BRDA:42,3,0,0
BRDA:43,4,0,0
BRDA:44,5,0,0
BRDA:45,6,0,0
BRDA:46,7,0,0
BRDA:46,7,1,0
BRDA:51,8,0,0
BRDA:51,8,1,0
BRDA:56,9,0,0
BRDA:56,9,1,0
BRDA:63,10,0,0
BRDA:63,10,1,0
BRDA:63,11,0,0
BRDA:63,11,1,0
BRDA:65,12,0,0
BRDA:65,12,1,0
BRDA:70,13,0,0
BRDA:70,13,1,0
BRDA:70,14,0,0
BRDA:70,14,1,0
BRDA:72,15,0,0
BRDA:72,15,1,0
BRDA:77,16,0,0
BRDA:77,16,1,0
BRDA:77,17,0,0
BRDA:77,17,1,0
BRDA:79,18,0,0
BRDA:79,18,1,0
BRDA:87,19,0,0
BRDA:87,19,1,0
BRDA:93,20,0,0
BRDA:93,20,1,0
BRDA:102,21,0,0
BRDA:102,21,1,0
BRDA:120,22,0,0
BRDA:120,22,1,0
BRDA:134,23,0,0
BRDA:134,23,1,0
BRDA:134,24,0,0
BRDA:134,24,1,0
BRDA:138,25,0,0
BRDA:138,25,1,0
BRDA:142,26,0,0
BRDA:142,26,1,0
BRDA:147,27,0,0
BRDA:147,27,1,0
BRDA:161,28,0,0
BRDA:161,28,1,0
BRDA:175,29,0,0
BRDA:175,29,1,0
BRDA:175,30,0,0
BRDA:175,30,1,0
BRDA:193,31,0,0
BRDA:193,31,1,0
BRDA:197,32,0,0
BRDA:197,32,1,0
BRDA:201,33,0,0
BRDA:201,33,1,0
BRDA:205,34,0,0
BRDA:205,34,1,0
BRDA:206,35,0,0
BRDA:206,35,1,0
BRDA:210,36,0,0
BRDA:210,36,1,0
BRDA:214,37,0,0
BRDA:214,37,1,0
BRDA:215,38,0,0
BRDA:215,38,1,0
BRDA:227,39,0,0
BRDA:227,39,1,0
BRDA:228,40,0,0
BRDA:228,40,1,0
BRDA:229,41,0,0
BRDA:229,41,1,0
BRDA:230,42,0,0
BRDA:230,42,1,0
BRDA:238,43,0,0
BRDA:238,43,1,0
BRDA:239,44,0,0
BRDA:239,44,1,0
BRDA:240,45,0,0
BRDA:240,45,1,0
BRDA:241,46,0,0
BRDA:241,46,1,0
BRF:90
BRH:0
end_of_record
TN:
SF:src/utils/animations.ts
FN:7,(anonymous_0)
FN:20,(anonymous_1)
FN:33,(anonymous_2)
FN:46,(anonymous_3)
FN:59,(anonymous_4)
FN:82,(anonymous_5)
FN:91,(anonymous_6)
FN:95,(anonymous_7)
FNF:8
FNH:0
FNDA:0,(anonymous_0)
FNDA:0,(anonymous_1)
FNDA:0,(anonymous_2)
FNDA:0,(anonymous_3)
FNDA:0,(anonymous_4)
FNDA:0,(anonymous_5)
FNDA:0,(anonymous_6)
FNDA:0,(anonymous_7)
DA:5,0
DA:7,0
DA:8,0
DA:10,0
DA:17,0
DA:20,0
DA:21,0
DA:23,0
DA:30,0
DA:33,0
DA:34,0
DA:36,0
DA:43,0
DA:46,0
DA:47,0
DA:49,0
DA:56,0
DA:59,0
DA:60,0
DA:62,0
DA:77,0
DA:79,0
DA:82,0
DA:83,0
DA:91,0
DA:92,0
DA:95,0
DA:96,0
LF:28
LH:0
BRDA:7,0,0,0
BRDA:20,1,0,0
BRDA:33,2,0,0
BRDA:46,3,0,0
BRDA:59,4,0,0
BRDA:82,5,0,0
BRF:6
BRH:0
end_of_record
TN:
SF:src/utils/dateHelpers.ts
FN:8,(anonymous_0)
FN:19,(anonymous_1)
FN:30,(anonymous_2)
FN:53,(anonymous_3)
FN:69,(anonymous_4)
FN:84,(anonymous_5)
FN:99,(anonymous_6)
FN:114,(anonymous_7)
FN:135,(anonymous_8)
FN:143,(anonymous_9)
FN:151,(anonymous_10)
FN:161,(anonymous_11)
FN:180,(anonymous_12)
FN:197,(anonymous_13)
FN:216,(anonymous_14)
FNF:15
FNH:0
FNDA:0,(anonymous_0)
FNDA:0,(anonymous_1)
FNDA:0,(anonymous_2)
FNDA:0,(anonymous_3)
FNDA:0,(anonymous_4)
FNDA:0,(anonymous_5)
FNDA:0,(anonymous_6)
FNDA:0,(anonymous_7)
FNDA:0,(anonymous_8)
FNDA:0,(anonymous_9)
FNDA:0,(anonymous_10)
FNDA:0,(anonymous_11)
FNDA:0,(anonymous_12)
FNDA:0,(anonymous_13)
FNDA:0,(anonymous_14)
DA:8,0
DA:9,0
DA:10,0
DA:11,0
DA:12,0
DA:13,0
DA:19,0
DA:20,0
DA:21,0
DA:22,0
DA:23,0
DA:24,0
DA:30,0
DA:32,0
DA:33,0
DA:34,0
DA:35,0
DA:36,0
DA:40,0
DA:41,0
DA:42,0
DA:43,0
DA:44,0
DA:47,0
DA:53,0
DA:54,0
DA:55,0
DA:57,0
DA:58,0
DA:60,0
DA:61,0
DA:63,0
DA:69,0
DA:70,0
DA:71,0
DA:73,0
DA:74,0
DA:84,0
DA:85,0
DA:86,0
DA:88,0
DA:93,0
DA:99,0
DA:100,0
DA:101,0
DA:103,0
DA:108,0
DA:114,0
DA:115,0
DA:116,0
DA:118,0
DA:129,0
DA:135,0
DA:136,0
DA:137,0
DA:143,0
DA:144,0
DA:145,0
DA:151,0
DA:152,0
DA:154,0
DA:155,0
DA:161,0
DA:162,0
DA:163,0
DA:164,0
DA:166,0
DA:168,0
DA:169,0
DA:171,0
DA:174,0
DA:180,0
DA:181,0
DA:182,0
DA:185,0
DA:186,0
DA:188,0
DA:189,0
DA:191,0
DA:197,0
DA:198,0
DA:199,0
DA:201,0
DA:202,0
DA:203,0
DA:204,0
DA:206,0
DA:207,0
DA:209,0
DA:216,0
DA:217,0
DA:218,0
DA:220,0
DA:221,0
DA:223,0
DA:224,0
DA:226,0
DA:227,0
DA:229,0
DA:230,0
DA:231,0
DA:232,0
DA:233,0
DA:234,0
DA:235,0
DA:237,0
DA:238,0
DA:239,0
DA:240,0
DA:241,0
DA:242,0
LF:111
LH:0
BRDA:9,0,0,0
BRDA:9,0,1,0
BRDA:20,1,0,0
BRDA:20,1,1,0
BRDA:34,2,0,0
BRDA:34,2,1,0
BRDA:42,3,0,0
BRDA:42,3,1,0
BRDA:54,4,0,0
BRDA:54,4,1,0
BRDA:55,5,0,0
BRDA:55,5,1,0
BRDA:70,6,0,0
BRDA:70,6,1,0
BRDA:71,7,0,0
BRDA:71,7,1,0
BRDA:75,8,0,0
BRDA:75,8,1,0
BRDA:75,8,2,0
BRDA:84,9,0,0
BRDA:85,10,0,0
BRDA:85,10,1,0
BRDA:86,11,0,0
BRDA:86,11,1,0
BRDA:99,12,0,0
BRDA:100,13,0,0
BRDA:100,13,1,0
BRDA:101,14,0,0
BRDA:101,14,1,0
BRDA:114,15,0,0
BRDA:115,16,0,0
BRDA:115,16,1,0
BRDA:116,17,0,0
BRDA:116,17,1,0
BRDA:152,18,0,0
BRDA:152,18,1,0
BRDA:155,19,0,0
BRDA:155,19,1,0
BRDA:161,20,0,0
BRDA:168,21,0,0
BRDA:168,21,1,0
BRDA:181,22,0,0
BRDA:181,22,1,0
BRDA:181,23,0,0
BRDA:181,23,1,0
BRDA:197,24,0,0
BRDA:199,25,0,0
BRDA:199,25,1,0
BRDA:206,26,0,0
BRDA:206,26,1,0
BRDA:216,27,0,0
BRDA:218,28,0,0
BRDA:218,28,1,0
BRDA:229,29,0,0
BRDA:229,29,1,0
BRDA:230,30,0,0
BRDA:230,30,1,0
BRDA:231,31,0,0
BRDA:231,31,1,0
BRDA:232,32,0,0
BRDA:232,32,1,0
BRDA:233,33,0,0
BRDA:233,33,1,0
BRDA:234,34,0,0
BRDA:234,34,1,0
BRDA:237,35,0,0
BRDA:237,35,1,0
BRDA:238,36,0,0
BRDA:238,36,1,0
BRDA:239,37,0,0
BRDA:239,37,1,0
BRDA:240,38,0,0
BRDA:240,38,1,0
BRDA:241,39,0,0
BRDA:241,39,1,0
BRF:75
BRH:0
end_of_record
TN:
SF:src/utils/encryption.ts
FN:18,(anonymous_9)
FN:31,(anonymous_10)
FN:45,(anonymous_11)
FN:59,(anonymous_12)
FN:72,(anonymous_13)
FN:85,(anonymous_14)
FN:99,(anonymous_15)
FN:117,(anonymous_16)
FN:129,(anonymous_17)
FNF:9
FNH:6
FNDA:10,(anonymous_9)
FNDA:6,(anonymous_10)
FNDA:4,(anonymous_11)
FNDA:0,(anonymous_12)
FNDA:0,(anonymous_13)
FNDA:0,(anonymous_14)
FNDA:5,(anonymous_15)
FNDA:7,(anonymous_16)
FNDA:5,(anonymous_17)
DA:8,3
DA:9,3
DA:11,3
DA:19,10
DA:20,10
DA:21,128
DA:25,10
DA:32,6
DA:33,6
DA:34,6
DA:35,6
DA:37,0
DA:38,0
DA:46,4
DA:47,4
DA:48,4
DA:49,4
DA:51,0
DA:52,0
DA:60,0
DA:61,0
DA:62,0
DA:64,0
DA:65,0
DA:73,0
DA:74,0
DA:75,0
DA:77,0
DA:78,0
DA:86,0
DA:87,0
DA:88,0
DA:90,0
DA:91,0
DA:100,5
DA:101,5
DA:102,5
DA:103,53
DA:104,53
DA:105,53
DA:107,5
DA:109,0
DA:110,0
DA:118,7
DA:119,7
DA:120,7
DA:121,271
DA:123,7
DA:130,5
DA:131,2
DA:133,3
DA:134,3
DA:135,3
DA:139,3
LF:54
LH:33
BRDA:117,0,0,0
BRDA:129,1,0,1
BRDA:130,2,0,2
BRDA:130,2,1,3
BRF:4
BRH:3
end_of_record
TN:
SF:src/utils/enhancedValidation.ts
FN:8,(anonymous_0)
FN:41,(anonymous_1)
FN:94,(anonymous_2)
FN:134,(anonymous_3)
FN:164,(anonymous_4)
FN:186,(anonymous_5)
FNF:6
FNH:0
FNDA:0,(anonymous_0)
FNDA:0,(anonymous_1)
FNDA:0,(anonymous_2)
FNDA:0,(anonymous_3)
FNDA:0,(anonymous_4)
FNDA:0,(anonymous_5)
DA:8,0
DA:9,0
DA:12,0
DA:13,0
DA:16,0
DA:18,0
DA:19,0
DA:23,0
DA:25,0
DA:26,0
DA:29,0
DA:30,0
DA:33,0
DA:34,0
DA:37,0
DA:41,0
DA:47,0
DA:48,0
DA:50,0
DA:51,0
DA:55,0
DA:56,0
DA:57,0
DA:60,0
DA:61,0
DA:62,0
DA:63,0
DA:66,0
DA:67,0
DA:68,0
DA:69,0
DA:70,0
DA:73,0
DA:76,0
DA:77,0
DA:78,0
DA:79,0
DA:80,0
DA:81,0
DA:82,0
DA:85,0
DA:94,0
DA:99,0
DA:101,0
DA:104,0
DA:105,0
DA:106,0
DA:107,0
DA:108,0
DA:109,0
DA:110,0
DA:115,0
DA:116,0
DA:117,0
DA:118,0
DA:123,0
DA:124,0
DA:125,0
DA:126,0
DA:130,0
DA:134,0
DA:139,0
DA:141,0
DA:143,0
DA:144,0
DA:147,0
DA:148,0
DA:150,0
DA:151,0
DA:155,0
DA:156,0
DA:157,0
DA:160,0
DA:164,0
DA:168,0
DA:170,0
DA:171,0
DA:172,0
DA:175,0
DA:178,0
DA:179,0
DA:182,0
DA:186,0
DA:196,0
DA:198,0
DA:199,0
DA:202,0
DA:203,0
DA:206,0
DA:207,0
DA:209,0
DA:210,0
DA:211,0
DA:215,0
DA:216,0
DA:218,0
DA:219,0
DA:220,0
DA:224,0
DA:225,0
DA:228,0
DA:234,0
LF:102
LH:0
BRDA:12,0,0,0
BRDA:12,0,1,0
BRDA:13,1,0,0
BRDA:13,1,1,0
BRDA:18,2,0,0
BRDA:18,2,1,0
BRDA:25,3,0,0
BRDA:25,3,1,0
BRDA:29,4,0,0
BRDA:29,4,1,0
BRDA:29,5,0,0
BRDA:29,5,1,0
BRDA:33,6,0,0
BRDA:33,6,1,0
BRDA:50,7,0,0
BRDA:50,7,1,0
BRDA:55,8,0,0
BRDA:55,8,1,0
BRDA:56,9,0,0
BRDA:56,9,1,0
BRDA:57,10,0,0
BRDA:57,10,1,0
BRDA:60,11,0,0
BRDA:60,11,1,0
BRDA:61,12,0,0
BRDA:61,12,1,0
BRDA:62,13,0,0
BRDA:62,13,1,0
BRDA:63,14,0,0
BRDA:63,14,1,0
BRDA:66,15,0,0
BRDA:66,15,1,0
BRDA:67,16,0,0
BRDA:67,16,1,0
BRDA:68,17,0,0
[...]
DA:235,21
DA:241,1
DA:242,21
DA:243,20
DA:245,1
LF:49
LH:49
BRDA:152,0,0,15
BRDA:152,0,1,9
BRDA:157,1,0,14
BRDA:157,1,1,1
BRDA:165,2,0,3
BRDA:165,2,1,12
BRDA:168,3,0,1
BRDA:168,3,1,8
BRDA:168,4,0,9
BRDA:168,4,1,1
BRDA:175,5,0,5
BRDA:175,5,1,3
BRDA:178,6,0,5
BRDA:178,6,1,0
BRDA:187,7,0,4
BRDA:187,7,1,20
BRDA:189,8,0,3
BRDA:189,8,1,1
BRDA:190,9,0,4
BRDA:190,9,1,4
BRDA:190,9,2,3
BRDA:199,10,0,24
BRDA:199,10,1,20
BRDA:235,11,0,21
BRDA:235,11,1,20
BRDA:235,11,2,20
BRDA:242,12,0,20
BRDA:242,12,1,1
BRF:28
BRH:27
end_of_record
TN:
SF:src/utils/formValidator.ts
FN:15,(anonymous_0)
FN:27,(anonymous_1)
FN:50,(anonymous_2)
FN:58,(anonymous_3)
FN:68,(anonymous_4)
FN:76,(anonymous_5)
FN:84,(anonymous_6)
FN:108,(anonymous_7)
FN:149,(anonymous_8)
FN:181,(anonymous_9)
FNF:10
FNH:9
FNDA:6,(anonymous_0)
FNDA:3,(anonymous_1)
FNDA:3,(anonymous_2)
FNDA:3,(anonymous_3)
FNDA:3,(anonymous_4)
FNDA:3,(anonymous_5)
FNDA:3,(anonymous_6)
FNDA:3,(anonymous_7)
FNDA:3,(anonymous_8)
FNDA:0,(anonymous_9)
DA:15,1
DA:16,6
DA:17,6
DA:27,1
DA:28,3
DA:30,3
DA:31,1
DA:33,3
DA:34,1
DA:36,3
DA:37,1
DA:40,3
DA:50,1
DA:51,3
DA:52,3
DA:58,1
DA:59,3
DA:60,3
DA:61,3
DA:62,3
DA:68,1
DA:69,3
DA:70,3
DA:76,1
DA:77,3
DA:78,3
DA:84,1
DA:85,3
DA:87,3
DA:88,0
DA:89,3
DA:90,1
DA:93,3
DA:94,0
DA:95,3
DA:96,1
DA:99,3
DA:108,1
DA:109,3
DA:112,3
DA:113,0
DA:114,3
DA:115,1
DA:119,3
DA:120,0
DA:122,3
DA:123,3
DA:124,1
DA:129,3
DA:130,0
DA:131,3
DA:132,0
DA:136,3
DA:137,0
DA:140,3
DA:149,1
DA:150,3
DA:152,3
DA:153,0
DA:156,3
DA:157,0
DA:160,3
DA:161,0
DA:162,3
DA:163,1
DA:166,3
DA:167,0
DA:168,3
DA:169,1
DA:172,3
DA:181,1
DA:182,0
DA:184,0
DA:185,0
DA:188,0
DA:189,0
DA:192,0
DA:193,0
DA:196,0
LF:79
LH:60
BRDA:30,0,0,1
BRDA:30,0,1,2
BRDA:33,1,0,1
BRDA:33,1,1,2
BRDA:36,2,0,1
BRDA:36,2,1,2
BRDA:42,3,0,1
BRDA:42,3,1,2
BRDA:87,4,0,0
BRDA:87,4,1,3
BRDA:89,5,0,1
BRDA:89,5,1,2
BRDA:93,6,0,0
BRDA:93,6,1,3
BRDA:95,7,0,1
BRDA:95,7,1,2
BRDA:112,8,0,0
BRDA:112,8,1,3
BRDA:114,9,0,1
BRDA:114,9,1,2
BRDA:119,10,0,0
BRDA:119,10,1,3
BRDA:123,11,0,1
BRDA:123,11,1,2
BRDA:129,12,0,0
BRDA:129,12,1,3
BRDA:131,13,0,0
BRDA:131,13,1,3
BRDA:136,14,0,0
BRDA:136,14,1,3
BRDA:136,15,0,3
BRDA:136,15,1,3
BRDA:152,16,0,0
BRDA:152,16,1,3
BRDA:156,17,0,0
BRDA:156,17,1,3
BRDA:160,18,0,0
BRDA:160,18,1,3
BRDA:162,19,0,1
BRDA:162,19,1,2
BRDA:166,20,0,0
BRDA:166,20,1,3
BRDA:168,21,0,1
BRDA:168,21,1,2
BRDA:184,22,0,0
BRDA:184,22,1,0
BRDA:184,23,0,0
BRDA:184,23,1,0
BRDA:188,24,0,0
BRDA:188,24,1,0
BRDA:188,25,0,0
BRDA:188,25,1,0
BRDA:192,26,0,0
BRDA:192,26,1,0
BRDA:192,27,0,0
BRDA:192,27,1,0
BRF:56
BRH:33
end_of_record
TN:
SF:src/utils/formatters.ts
FN:6,(anonymous_0)
FN:27,(anonymous_1)
FN:34,(anonymous_2)
FN:41,(anonymous_3)
FN:52,(anonymous_4)
FN:62,(anonymous_5)
FN:70,(anonymous_6)
FN:85,(anonymous_7)
FN:95,(anonymous_8)
FNF:9
FNH:0
FNDA:0,(anonymous_0)
FNDA:0,(anonymous_1)
FNDA:0,(anonymous_2)
FNDA:0,(anonymous_3)
FNDA:0,(anonymous_4)
FNDA:0,(anonymous_5)
FNDA:0,(anonymous_6)
FNDA:0,(anonymous_7)
FNDA:0,(anonymous_8)
DA:6,0
DA:8,0
DA:11,0
DA:14,0
DA:15,0
DA:16,0
DA:17,0
DA:21,0
DA:27,0
DA:28,0
DA:34,0
DA:35,0
DA:41,0
DA:42,0
DA:43,0
DA:44,0
DA:45,0
DA:46,0
DA:52,0
DA:53,0
DA:54,0
DA:55,0
DA:56,0
DA:62,0
DA:63,0
DA:64,0
DA:70,0
DA:71,0
DA:72,0
DA:74,0
DA:75,0
DA:76,0
DA:77,0
DA:79,0
DA:85,0
DA:86,0
DA:87,0
DA:89,0
DA:95,0
DA:96,0
DA:103,0
LF:41
LH:0
BRDA:11,0,0,0
BRDA:11,0,1,0
BRDA:14,1,0,0
BRDA:14,1,1,0
BRDA:16,2,0,0
BRDA:16,2,1,0
BRDA:34,3,0,0
BRDA:42,4,0,0
BRDA:42,4,1,0
BRDA:53,5,0,0
BRDA:53,5,1,0
BRDA:63,6,0,0
BRDA:63,6,1,0
BRDA:71,7,0,0
BRDA:71,7,1,0
BRDA:76,8,0,0
BRDA:76,8,1,0
BRDA:86,9,0,0
BRDA:86,9,1,0
BRDA:103,10,0,0
BRDA:103,10,1,0
BRF:21
BRH:0
end_of_record
TN:
SF:src/utils/logger.ts
FN:6,(anonymous_0)
FN:35,(anonymous_1)
FN:46,(anonymous_2)
FN:50,(anonymous_3)
FN:67,(anonymous_4)
FN:77,(anonymous_5)
FN:86,(anonymous_6)
FN:96,(anonymous_7)
FN:104,(anonymous_8)
FN:115,(anonymous_9)
FN:126,(anonymous_10)
FN:137,(anonymous_11)
FN:166,(anonymous_12)
FN:192,(anonymous_13)
FN:199,(anonymous_14)
FN:206,(anonymous_15)
FN:207,(anonymous_16)
FN:213,(anonymous_17)
FN:214,(anonymous_18)
FN:220,(anonymous_19)
FN:221,(anonymous_20)
FN:235,(anonymous_21)
FN:242,(anonymous_22)
FN:249,(anonymous_23)
FN:257,(anonymous_24)
FN:282,(anonymous_25)
FN:284,(anonymous_26)
FN:285,(anonymous_27)
FN:286,(anonymous_28)
FN:287,(anonymous_29)
FNF:30
FNH:0
FNDA:0,(anonymous_0)
FNDA:0,(anonymous_1)
FNDA:0,(anonymous_2)
FNDA:0,(anonymous_3)
FNDA:0,(anonymous_4)
FNDA:0,(anonymous_5)
FNDA:0,(anonymous_6)
FNDA:0,(anonymous_7)
FNDA:0,(anonymous_8)
FNDA:0,(anonymous_9)
FNDA:0,(anonymous_10)
FNDA:0,(anonymous_11)
FNDA:0,(anonymous_12)
FNDA:0,(anonymous_13)
FNDA:0,(anonymous_14)
FNDA:0,(anonymous_15)
FNDA:0,(anonymous_16)
FNDA:0,(anonymous_17)
FNDA:0,(anonymous_18)
FNDA:0,(anonymous_19)
FNDA:0,(anonymous_20)
FNDA:0,(anonymous_21)
FNDA:0,(anonymous_22)
FNDA:0,(anonymous_23)
FNDA:0,(anonymous_24)
FNDA:0,(anonymous_25)
FNDA:0,(anonymous_26)
FNDA:0,(anonymous_27)
FNDA:0,(anonymous_28)
FNDA:0,(anonymous_29)
DA:6,0
DA:7,0
DA:8,0
DA:9,0
DA:10,0
DA:32,0
DA:36,0
DA:47,0
DA:57,0
DA:68,0
DA:69,0
DA:70,0
DA:71,0
DA:72,0
DA:74,0
DA:78,0
DA:81,0
DA:82,0
DA:87,0
DA:88,0
DA:91,0
DA:92,0
DA:105,0
DA:107,0
DA:108,0
DA:110,0
DA:111,0
DA:116,0
DA:118,0
DA:119,0
DA:121,0
DA:122,0
DA:127,0
DA:129,0
DA:130,0
DA:132,0
DA:133,0
DA:138,0
DA:140,0
DA:141,0
DA:143,0
DA:150,0
DA:152,0
DA:153,0
DA:154,0
DA:155,0
DA:160,0
DA:173,0
DA:174,0
DA:175,0
DA:177,0
DA:178,0
DA:185,0
DA:193,0
DA:200,0
DA:207,0
DA:214,0
DA:221,0
DA:222,0
DA:223,0
DA:225,0
DA:226,0
DA:228,0
DA:236,0
DA:243,0
DA:250,0
DA:257,0
DA:258,0
DA:261,0
DA:269,0
DA:276,0
DA:282,0
DA:283,0
DA:284,0
DA:285,0
DA:286,0
DA:288,0
DA:293,0
LF:78
LH:0
BRDA:6,0,0,0
BRDA:6,0,1,0
BRDA:35,1,0,0
BRDA:70,2,0,0
BRDA:70,2,1,0
BRDA:72,3,0,0
BRDA:72,3,1,0
BRDA:81,4,0,0
BRDA:81,4,1,0
BRDA:87,5,0,0
BRDA:87,5,1,0
BRDA:87,6,0,0
BRDA:87,6,1,0
BRDA:105,7,0,0
BRDA:105,7,1,0
BRDA:110,8,0,0
BRDA:110,8,1,0
BRDA:116,9,0,0
BRDA:116,9,1,0
BRDA:121,10,0,0
BRDA:121,10,1,0
BRDA:127,11,0,0
BRDA:127,11,1,0
BRDA:132,12,0,0
BRDA:132,12,1,0
BRDA:138,13,0,0
BRDA:138,13,1,0
BRDA:140,14,0,0
BRDA:140,14,1,0
BRDA:141,15,0,0
BRDA:141,15,1,0
BRDA:152,16,0,0
BRDA:152,16,1,0
BRDA:154,17,0,0
BRDA:154,17,1,0
BRDA:173,18,0,0
BRDA:173,18,1,0
BRDA:174,19,0,0
BRDA:174,19,1,0
BRDA:177,20,0,0
BRDA:177,20,1,0
BRDA:177,21,0,0
BRDA:177,21,1,0
BRDA:192,22,0,0
BRDA:193,23,0,0
BRDA:193,23,1,0
BRDA:222,24,0,0
BRDA:222,24,1,0
BRDA:222,25,0,0
BRDA:222,25,1,0
BRDA:225,26,0,0
BRDA:225,26,1,0
BRDA:225,27,0,0
BRDA:225,27,1,0
BRDA:270,28,0,0
BRDA:270,28,1,0
BRF:56
BRH:0
end_of_record
TN:
SF:src/utils/masks.ts
FN:9,(anonymous_0)
FN:31,(anonymous_1)
FN:40,(anonymous_2)
FN:51,(anonymous_3)
FN:60,(anonymous_4)
FN:67,(anonymous_5)
FNF:6
FNH:0
FNDA:0,(anonymous_0)
FNDA:0,(anonymous_1)
FNDA:0,(anonymous_2)
FNDA:0,(anonymous_3)
FNDA:0,(anonymous_4)
FNDA:0,(anonymous_5)
DA:9,0
DA:10,0
DA:11,0
DA:12,0
DA:14,0
DA:15,0
DA:16,0
DA:17,0
DA:18,0
DA:19,0
DA:20,0
DA:24,0
DA:31,0
DA:32,0
DA:33,0
DA:40,0
DA:41,0
DA:42,0
DA:43,0
DA:44,0
DA:51,0
DA:52,0
DA:53,0
DA:54,0
DA:60,0
DA:61,0
DA:67,0
DA:68,0
LF:28
LH:0
BRDA:14,0,0,0
BRDA:14,0,1,0
BRDA:16,1,0,0
BRDA:16,1,1,0
BRDA:16,2,0,0
BRDA:16,2,1,0
BRDA:19,3,0,0
BRDA:19,3,1,0
BRDA:42,4,0,0
BRDA:42,4,1,0
BRDA:43,5,0,0
BRDA:43,5,1,0
BRF:12
BRH:0
end_of_record
TN:
SF:src/utils/mockDataConverters.ts
FN:7,(anonymous_0)
FN:35,(anonymous_1)
FN:49,(anonymous_2)
FN:65,(anonymous_3)
FN:66,(anonymous_4)
FN:72,(anonymous_5)
FN:79,(anonymous_6)
FNF:7
FNH:0
FNDA:0,(anonymous_0)
FNDA:0,(anonymous_1)
FNDA:0,(anonymous_2)
FNDA:0,(anonymous_3)
FNDA:0,(anonymous_4)
FNDA:0,(anonymous_5)
FNDA:0,(anonymous_6)
DA:1,0
DA:7,0
DA:8,0
DA:9,0
DA:10,0
DA:15,0
DA:17,0
DA:35,0
DA:36,0
DA:49,0
DA:50,0
DA:65,0
DA:66,0
DA:72,0
DA:73,0
DA:79,0
DA:80,0
LF:17
LH:0
BRDA:15,0,0,0
BRDA:15,0,1,0
BRDA:19,1,0,0
BRDA:19,1,1,0
BRDA:24,2,0,0
BRDA:24,2,1,0
BRDA:25,3,0,0
BRDA:25,3,1,0
BRDA:26,4,0,0
BRDA:26,4,1,0
BRF:10
BRH:0
end_of_record
TN:
SF:src/utils/networkStatus.ts
FN:19,(anonymous_0)
FN:23,(anonymous_1)
FN:45,(anonymous_2)
FN:49,(anonymous_3)
FN:51,(anonymous_4)
FN:56,(anonymous_5)
FN:64,(anonymous_6)
FN:77,(anonymous_7)
FN:90,(anonymous_8)
FN:120,(anonymous_9)
FN:121,(anonymous_10)
FN:139,(anonymous_11)
FN:151,(anonymous_12)
FN:168,(anonymous_13)
FNF:14
FNH:0
FNDA:0,(anonymous_0)
FNDA:0,(anonymous_1)
FNDA:0,(anonymous_2)
FNDA:0,(anonymous_3)
FNDA:0,(anonymous_4)
FNDA:0,(anonymous_5)
FNDA:0,(anonymous_6)
FNDA:0,(anonymous_7)
FNDA:0,(anonymous_8)
FNDA:0,(anonymous_9)
FNDA:0,(anonymous_10)
FNDA:0,(anonymous_11)
FNDA:0,(anonymous_12)
FNDA:0,(anonymous_13)
DA:6,0
DA:7,0
DA:19,0
DA:20,0
DA:22,0
DA:23,0
DA:25,0
DA:26,0
DA:30,0
DA:31,0
DA:33,0
DA:34,0
DA:37,0
DA:38,0
DA:45,0
DA:46,0
DA:47,0
DA:49,0
DA:51,0
DA:52,0
DA:56,0
DA:57,0
DA:58,0
DA:64,0
DA:65,0
DA:66,0
DA:73,0
DA:74,0
DA:75,0
DA:77,0
DA:78,0
DA:79,0
DA:84,0
DA:90,0
DA:104,0
DA:106,0
DA:107,0
DA:109,0
DA:110,0
DA:112,0
DA:113,0
DA:114,0
DA:118,0
DA:121,0
DA:125,0
DA:128,0
DA:129,0
DA:133,0
DA:139,0
DA:141,0
DA:145,0
DA:151,0
DA:152,0
DA:153,0
DA:155,0
DA:168,0
DA:169,0
DA:170,0
DA:173,0
DA:175,0
DA:176,0
DA:178,0
DA:179,0
DA:181,0
DA:182,0
DA:185,0
LF:66
LH:0
BRDA:73,0,0,0
BRDA:73,0,1,0
BRDA:100,1,0,0
BRDA:101,2,0,0
BRDA:102,3,0,0
BRDA:103,4,0,0
BRDA:104,5,0,0
BRDA:104,5,1,0
BRDA:113,6,0,0
BRDA:113,6,1,0
BRDA:125,7,0,0
BRDA:125,7,1,0
BRDA:128,8,0,0
BRDA:128,8,1,0
BRDA:145,9,0,0
BRDA:145,9,1,0
BRDA:152,10,0,0
BRDA:152,10,1,0
BRDA:156,11,0,0
BRDA:156,11,1,0
BRDA:156,11,2,0
BRDA:156,11,3,0
BRDA:156,11,4,0
BRDA:156,11,5,0
BRDA:169,12,0,0
BRDA:169,12,1,0
BRDA:173,13,0,0
BRDA:173,13,1,0
BRDA:175,14,0,0
BRDA:175,14,1,0
BRDA:178,15,0,0
BRDA:178,15,1,0
BRDA:181,16,0,0
BRDA:181,16,1,0
BRF:34
BRH:0
end_of_record
TN:
SF:src/utils/offlineQueue.ts
FN:22,(anonymous_1)
FN:33,(anonymous_2)
FN:47,(anonymous_3)
FN:48,(anonymous_4)
FN:52,(anonymous_5)
FN:84,(anonymous_6)
FN:89,(anonymous_7)
FN:93,(anonymous_8)
FN:97,(anonymous_9)
FNF:9
FNH:0
FNDA:0,(anonymous_1)
FNDA:0,(anonymous_2)
FNDA:0,(anonymous_3)
FNDA:0,(anonymous_4)
FNDA:0,(anonymous_5)
FNDA:0,(anonymous_6)
FNDA:0,(anonymous_7)
FNDA:0,(anonymous_8)
FNDA:0,(anonymous_9)
DA:5,0
DA:15,0
DA:16,0
DA:18,0
DA:19,0
DA:20,0
DA:23,0
DA:24,0
DA:25,0
DA:26,0
DA:29,0
DA:34,0
DA:41,0
DA:42,0
DA:44,0
DA:48,0
DA:49,0
DA:53,0
DA:54,0
DA:57,0
DA:59,0
DA:60,0
DA:62,0
DA:63,0
DA:64,0
DA:65,0
DA:67,0
DA:69,0
DA:70,0
DA:75,0
DA:76,0
DA:78,0
DA:80,0
DA:85,0
DA:86,0
DA:90,0
DA:94,0
DA:98,0
DA:99,0
DA:101,0
DA:106,0
LF:41
LH:0
BRDA:25,0,0,0
BRDA:25,0,1,0
BRDA:53,1,0,0
BRDA:53,1,1,0
BRDA:53,2,0,0
BRDA:53,2,1,0
BRDA:69,3,0,0
BRDA:69,3,1,0
BRF:8
BRH:0
end_of_record
TN:
SF:src/utils/performance.ts
FN:12,(anonymous_9)
FN:19,(anonymous_10)
FN:24,(anonymous_11)
FN:36,(anonymous_12)
FN:44,(anonymous_13)
FN:52,(anonymous_14)
FN:66,(anonymous_15)
FN:70,(anonymous_16)
FN:88,(anonymous_17)
FN:92,(anonymous_18)
FN:114,(anonymous_19)
FN:118,(anonymous_20)
FN:129,(anonymous_21)
FN:133,(anonymous_22)
FN:140,(anonymous_23)
FN:141,(anonymous_24)
FN:151,(anonymous_25)
FN:161,(anonymous_26)
FN:188,(anonymous_27)
FNF:19
FNH:0
FNDA:0,(anonymous_9)
FNDA:0,(anonymous_10)
FNDA:0,(anonymous_11)
FNDA:0,(anonymous_12)
FNDA:0,(anonymous_13)
FNDA:0,(anonymous_14)
FNDA:0,(anonymous_15)
FNDA:0,(anonymous_16)
FNDA:0,(anonymous_17)
FNDA:0,(anonymous_18)
FNDA:0,(anonymous_19)
FNDA:0,(anonymous_20)
FNDA:0,(anonymous_21)
FNDA:0,(anonymous_22)
FNDA:0,(anonymous_23)
FNDA:0,(anonymous_24)
FNDA:0,(anonymous_25)
FNDA:0,(anonymous_26)
FNDA:0,(anonymous_27)
DA:6,0
DA:12,0
DA:16,0
DA:18,0
DA:20,0
DA:21,0
DA:24,0
DA:25,0
DA:36,0
DA:40,0
DA:41,0
DA:43,0
DA:45,0
DA:46,0
DA:48,0
DA:49,0
DA:50,0
DA:51,0
DA:52,0
DA:53,0
DA:54,0
DA:55,0
DA:66,0
DA:70,0
DA:71,0
DA:72,0
DA:73,0
DA:75,0
DA:76,0
DA:81,0
DA:88,0
DA:89,0
DA:90,0
DA:92,0
DA:93,0
DA:94,0
DA:95,0
DA:96,0
DA:98,0
DA:99,0
DA:105,0
DA:114,0
DA:118,0
DA:119,0
DA:120,0
DA:122,0
DA:123,0
DA:129,0
DA:130,0
DA:131,0
DA:133,0
DA:134,0
DA:135,0
DA:136,0
DA:139,0
DA:140,0
DA:141,0
DA:142,0
DA:145,0
DA:151,0
DA:156,0
DA:157,0
DA:158,0
DA:159,0
DA:161,0
DA:162,0
DA:163,0
DA:164,0
DA:165,0
DA:168,0
DA:169,0
DA:170,0
DA:171,0
DA:172,0
DA:173,0
DA:175,0
DA:176,0
DA:178,0
DA:182,0
DA:188,0
DA:192,0
DA:193,0
DA:194,0
DA:195,0
DA:196,0
DA:197,0
DA:199,0
DA:201,0
DA:202,0
DA:203,0
LF:90
LH:0
BRDA:14,0,0,0
BRDA:20,1,0,0
BRDA:20,1,1,0
BRDA:38,2,0,0
BRDA:48,3,0,0
BRDA:48,3,1,0
BRDA:51,4,0,0
BRDA:51,4,1,0
BRDA:75,5,0,0
BRDA:75,5,1,0
BRDA:75,6,0,0
BRDA:75,6,1,0
BRDA:98,7,0,0
BRDA:98,7,1,0
BRDA:116,8,0,0
BRDA:116,9,0,0
BRDA:116,9,1,0
BRDA:116,9,2,0
BRDA:134,10,0,0
BRDA:134,10,1,0
BRDA:154,11,0,0
BRDA:163,12,0,0
BRDA:163,12,1,0
BRDA:163,13,0,0
BRDA:163,13,1,0
BRDA:196,14,0,0
BRDA:196,14,1,0
BRF:27
BRH:0
end_of_record
TN:
SF:src/utils/performanceMonitor.ts
FN:30,(anonymous_0)
FN:40,(anonymous_1)
FN:47,(anonymous_2)
FN:86,(anonymous_3)
FN:105,(anonymous_4)
FN:124,(anonymous_5)
FN:131,(anonymous_6)
FN:137,(anonymous_7)
FN:138,(anonymous_8)
FN:143,(anonymous_9)
FN:159,(anonymous_10)
FN:166,(anonymous_11)
FN:168,(anonymous_12)
FN:177,(anonymous_13)
FN:179,(anonymous_14)
FN:191,(anonymous_15)
FN:195,(anonymous_16)
FN:204,(anonymous_17)
FN:211,(anonymous_18)
FN:219,(anonymous_19)
FN:227,(anonymous_20)
FN:234,(anonymous_21)
FN:238,(anonymous_22)
FN:246,(anonymous_23)
FN:260,(anonymous_24)
FN:263,(anonymous_25)
FN:284,(anonymous_26)
FN:288,(anonymous_27)
FN:289,(anonymous_28)
FN:291,(anonymous_29)
FN:293,(anonymous_30)
FNF:31
FNH:0
FNDA:0,(anonymous_0)
FNDA:0,(anonymous_1)
FNDA:0,(anonymous_2)
FNDA:0,(anonymous_3)
FNDA:0,(anonymous_4)
FNDA:0,(anonymous_5)
FNDA:0,(anonymous_6)
FNDA:0,(anonymous_7)
FNDA:0,(anonymous_8)
FNDA:0,(anonymous_9)
FNDA:0,(anonymous_10)
FNDA:0,(anonymous_11)
FNDA:0,(anonymous_12)
FNDA:0,(anonymous_13)
FNDA:0,(anonymous_14)
FNDA:0,(anonymous_15)
FNDA:0,(anonymous_16)
FNDA:0,(anonymous_17)
FNDA:0,(anonymous_18)
FNDA:0,(anonymous_19)
FNDA:0,(anonymous_20)
FNDA:0,(anonymous_21)
FNDA:0,(anonymous_22)
FNDA:0,(anonymous_23)
FNDA:0,(anonymous_24)
FNDA:0,(anonymous_25)
FNDA:0,(anonymous_26)
FNDA:0,(anonymous_27)
FNDA:0,(anonymous_28)
FNDA:0,(anonymous_29)
FNDA:0,(anonymous_30)
DA:6,0
DA:26,0
DA:27,0
DA:28,0
DA:32,0
DA:33,0
DA:34,0
DA:41,0
DA:48,0
DA:49,0
DA:50,0
DA:51,0
DA:54,0
DA:55,0
DA:62,0
DA:63,0
DA:65,0
DA:68,0
DA:71,0
DA:72,0
DA:73,0
DA:80,0
DA:91,0
DA:92,0
DA:93,0
DA:94,0
DA:95,0
DA:97,0
DA:98,0
DA:110,0
DA:111,0
DA:112,0
DA:113,0
DA:114,0
DA:116,0
DA:117,0
DA:125,0
DA:132,0
DA:133,0
DA:134,0
DA:137,0
DA:138,0
DA:139,0
DA:140,0
DA:141,0
DA:142,0
DA:143,0
DA:145,0
DA:160,0
DA:167,0
DA:168,0
DA:169,0
DA:171,0
DA:178,0
DA:179,0
DA:180,0
DA:181,0
DA:182,0
DA:185,0
DA:192,0
DA:193,0
DA:195,0
DA:196,0
DA:197,0
DA:205,0
DA:212,0
DA:213,0
DA:220,0
DA:221,0
DA:228,0
DA:235,0
DA:236,0
DA:238,0
DA:239,0
DA:247,0
DA:248,0
DA:249,0
DA:254,0
DA:261,0
DA:263,0
DA:264,0
DA:265,0
DA:266,0
DA:267,0
DA:274,0
DA:279,0
DA:284,0
DA:285,0
DA:287,0
DA:288,0
DA:290,0
DA:292,0
DA:294,0
DA:298,0
LF:94
LH:0
BRDA:49,0,0,0
BRDA:49,0,1,0
BRDA:62,1,0,0
BRDA:62,1,1,0
BRDA:71,2,0,0
BRDA:71,2,1,0
BRDA:72,3,0,0
BRDA:72,3,1,0
BRDA:133,4,0,0
BRDA:133,4,1,0
BRDA:133,5,0,0
BRDA:133,5,1,0
BRDA:142,6,0,0
BRDA:142,6,1,0
BRDA:160,7,0,0
BRDA:160,7,1,0
BRDA:181,8,0,0
BRDA:181,8,1,0
BRDA:247,9,0,0
BRDA:247,9,1,0
BRDA:247,10,0,0
BRDA:247,10,1,0
BRDA:265,11,0,0
BRDA:265,11,1,0
BRDA:265,12,0,0
BRDA:265,12,1,0
BRF:26
BRH:0
end_of_record
TN:
SF:src/utils/storage.ts
FN:22,(anonymous_1)
FN:47,(anonymous_2)
FN:65,(anonymous_3)
FN:76,(anonymous_4)
FN:89,(anonymous_5)
FN:90,(anonymous_6)
FN:91,(anonymous_7)
FN:92,(anonymous_8)
FN:93,(anonymous_9)
FN:94,(anonymous_10)
FN:101,(anonymous_11)
FN:102,(anonymous_12)
FN:103,(anonymous_13)
FN:110,(anonymous_14)
FN:115,(anonymous_15)
FN:122,(anonymous_16)
FN:123,(anonymous_17)
FN:130,(anonymous_18)
FN:131,(anonymous_19)
FN:138,(anonymous_20)
FN:139,(anonymous_21)
FN:140,(anonymous_22)
FNF:22
FNH:0
FNDA:0,(anonymous_1)
FNDA:0,(anonymous_2)
FNDA:0,(anonymous_3)
FNDA:0,(anonymous_4)
FNDA:0,(anonymous_5)
FNDA:0,(anonymous_6)
FNDA:0,(anonymous_7)
FNDA:0,(anonymous_8)
FNDA:0,(anonymous_9)
FNDA:0,(anonymous_10)
FNDA:0,(anonymous_11)
FNDA:0,(anonymous_12)
FNDA:0,(anonymous_13)
FNDA:0,(anonymous_14)
FNDA:0,(anonymous_15)
FNDA:0,(anonymous_16)
FNDA:0,(anonymous_17)
FNDA:0,(anonymous_18)
FNDA:0,(anonymous_19)
FNDA:0,(anonymous_20)
FNDA:0,(anonymous_21)
FNDA:0,(anonymous_22)
DA:1,2
DA:2,2
DA:3,2
DA:5,2
DA:16,2
DA:22,2
DA:23,0
DA:24,0
DA:25,0
DA:28,0
DA:29,0
DA:30,0
DA:32,0
DA:36,0
DA:38,0
DA:39,0
DA:47,2
DA:48,0
DA:49,0
DA:52,0
DA:53,0
DA:56,0
DA:58,0
DA:65,2
DA:66,0
DA:67,0
DA:69,0
DA:76,2
DA:77,0
DA:78,0
DA:79,0
DA:81,0
DA:88,2
DA:89,0
DA:90,0
DA:91,0
DA:92,0
DA:93,0
DA:94,0
DA:100,2
DA:101,0
DA:102,0
DA:103,0
DA:109,2
DA:110,0
DA:115,0
DA:121,2
DA:122,0
DA:123,0
DA:129,2
DA:130,0
DA:131,0
DA:137,2
DA:138,0
DA:139,0
DA:140,0
LF:56
LH:15
BRDA:25,0,0,0
BRDA:25,0,1,0
BRDA:25,1,0,0
BRDA:25,1,1,0
BRDA:28,2,0,0
BRDA:28,2,1,0
BRDA:39,3,0,0
BRDA:39,3,1,0
BRDA:52,4,0,0
BRDA:52,4,1,0
BRF:10
BRH:0
end_of_record
TN:
SF:src/utils/validation.ts
FN:5,(anonymous_0)
FN:18,(anonymous_1)
FN:43,(anonymous_2)
FN:52,(anonymous_3)
FN:61,(anonymous_4)
FN:68,(anonymous_5)
FN:90,(anonymous_6)
FN:132,(anonymous_7)
FN:162,(anonymous_8)
FN:174,(anonymous_9)
FN:181,(anonymous_10)
FN:214,(anonymous_11)
FN:240,(anonymous_12)
FN:247,(anonymous_13)
FN:254,(anonymous_14)
FNF:15
FNH:10
FNDA:22,(anonymous_0)
FNDA:16,(anonymous_1)
FNDA:18,(anonymous_2)
FNDA:0,(anonymous_3)
FNDA:12,(anonymous_4)
FNDA:0,(anonymous_5)
FNDA:7,(anonymous_6)
FNDA:0,(anonymous_7)
FNDA:0,(anonymous_8)
FNDA:0,(anonymous_9)
FNDA:24,(anonymous_10)
FNDA:13,(anonymous_11)
FNDA:14,(anonymous_12)
FNDA:16,(anonymous_13)
FNDA:8,(anonymous_14)
DA:5,3
DA:7,22
DA:8,22
DA:18,3
DA:22,16
DA:24,16
DA:25,4
DA:27,16
DA:28,6
DA:30,16
DA:31,4
DA:34,16
DA:43,3
DA:45,18
DA:46,18
DA:52,3
DA:53,0
DA:54,0
DA:55,0
DA:61,3
DA:62,12
DA:68,3
DA:72,0
DA:74,0
DA:75,0
DA:76,0
DA:77,0
DA:78,0
DA:80,0
DA:81,0
DA:82,0
DA:84,0
DA:90,3
DA:98,7
DA:100,7
DA:101,1
DA:102,6
DA:103,2
DA:106,7
DA:107,0
DA:109,7
DA:110,7
DA:111,2
DA:115,7
DA:116,3
DA:117,0
DA:118,3
DA:119,2
DA:123,7
DA:132,3
DA:136,0
DA:137,0
DA:140,0
DA:141,0
DA:142,0
DA:145,0
DA:146,0
DA:148,0
DA:149,0
DA:152,0
DA:153,0
DA:156,0
DA:162,3
DA:163,0
DA:164,0
DA:167,0
DA:168,0
DA:174,3
DA:175,0
DA:181,3
DA:183,24
DA:186,24
DA:187,6
DA:191,18
DA:192,18
DA:194,18
DA:195,287
DA:197,287
DA:198,143
DA:199,143
DA:200,53
DA:204,287
DA:205,287
DA:208,18
DA:214,3
DA:218,13
DA:220,13
DA:221,4
DA:224,9
DA:225,9
DA:226,9
DA:227,9
DA:230,9
DA:231,2
DA:234,7
DA:240,3
DA:241,14
DA:247,3
DA:248,16
DA:254,3
DA:263,8
DA:265,8
DA:266,3
DA:269,8
DA:270,1
DA:272,7
DA:273,7
DA:274,2
DA:278,8
DA:279,2
DA:282,8
DA:283,2
DA:286,8
LF:113
LH:81
BRDA:8,0,0,22
BRDA:8,0,1,11
BRDA:24,1,0,4
BRDA:24,1,1,12
BRDA:27,2,0,6
BRDA:27,2,1,10
BRDA:30,3,0,4
BRDA:30,3,1,12
BRDA:62,4,0,12
BRDA:62,4,1,7
BRDA:74,5,0,0
BRDA:74,5,1,0
BRDA:75,6,0,0
BRDA:75,6,1,0
BRDA:76,7,0,0
BRDA:76,7,1,0
BRDA:76,8,0,0
BRDA:76,8,1,0
BRDA:77,9,0,0
BRDA:77,9,1,0
BRDA:78,10,0,0
BRDA:78,10,1,0
BRDA:81,11,0,0
BRDA:81,11,1,0
BRDA:82,12,0,0
BRDA:82,12,1,0
BRDA:100,13,0,1
BRDA:100,13,1,6
BRDA:102,14,0,2
BRDA:102,14,1,4
BRDA:106,15,0,0
BRDA:106,15,1,7
BRDA:110,16,0,2
BRDA:110,16,1,5
BRDA:115,17,0,3
BRDA:115,17,1,4
BRDA:116,18,0,0
BRDA:116,18,1,3
BRDA:118,19,0,2
BRDA:118,19,1,1
BRDA:136,20,0,0
BRDA:136,20,1,0
BRDA:136,21,0,0
BRDA:136,21,1,0
BRDA:136,21,2,0
BRDA:148,22,0,0
BRDA:148,22,1,0
BRDA:152,23,0,0
BRDA:152,23,1,0
BRDA:164,24,0,0
BRDA:164,24,1,0
BRDA:168,25,0,0
BRDA:168,25,1,0
BRDA:168,25,2,0
BRDA:168,25,3,0
BRDA:186,26,0,6
BRDA:186,26,1,18
BRDA:197,27,0,143
BRDA:197,27,1,144
BRDA:199,28,0,53
BRDA:199,28,1,90
BRDA:220,29,0,4
BRDA:220,29,1,9
BRDA:230,30,0,2
BRDA:230,30,1,7
BRDA:230,31,0,9
BRDA:230,31,1,7
BRDA:230,31,2,6
BRDA:248,32,0,16
BRDA:248,32,1,12
BRDA:265,33,0,3
BRDA:265,33,1,5
BRDA:265,34,0,8
BRDA:265,34,1,7
BRDA:269,35,0,1
BRDA:269,35,1,7
BRDA:273,36,0,2
BRDA:273,36,1,5
BRDA:274,37,0,2
BRDA:274,37,1,0
BRDA:278,38,0,2
BRDA:278,38,1,6
BRDA:278,39,0,8
BRDA:278,39,1,8
BRDA:282,40,0,2
BRDA:282,40,1,6
BRDA:282,41,0,8
BRDA:282,41,1,8
BRF:88
BRH:54
end_of_record
